Node: comp-gpu01
Start: 2024-06-01-10:24:52
Working dir: /home/s214704/JK_bachelor

/var/lib/slurm/slurmd/job54602/slurm_script: line 24: /home/s214704/JK_bachelor/.bashrc: No such file or directory
conv_AE_UNet(
  (encoder): Sequential(
    (0): Conv2d(1, 8, kernel_size=(3, 3), stride=(1, 1), padding=(1, 1))
    (1): ReLU(inplace=True)
    (2): Conv2d(8, 8, kernel_size=(3, 3), stride=(1, 1), padding=(1, 1))
    (3): ReLU(inplace=True)
    (4): MaxPool2d(kernel_size=2, stride=2, padding=0, dilation=1, ceil_mode=False)
    (5): Conv2d(8, 16, kernel_size=(3, 3), stride=(1, 1), padding=(1, 1))
    (6): ReLU(inplace=True)
    (7): Conv2d(16, 16, kernel_size=(3, 3), stride=(1, 1), padding=(1, 1))
    (8): ReLU(inplace=True)
    (9): MaxPool2d(kernel_size=2, stride=2, padding=0, dilation=1, ceil_mode=False)
    (10): Conv2d(16, 32, kernel_size=(3, 3), stride=(1, 1), padding=(1, 1))
    (11): ReLU(inplace=True)
    (12): Conv2d(32, 32, kernel_size=(3, 3), stride=(1, 1), padding=(1, 1))
    (13): ReLU(inplace=True)
    (14): MaxPool2d(kernel_size=2, stride=2, padding=0, dilation=1, ceil_mode=False)
    (15): Conv2d(32, 64, kernel_size=(3, 3), stride=(1, 1), padding=(1, 1))
    (16): ReLU(inplace=True)
    (17): Conv2d(64, 64, kernel_size=(3, 3), stride=(1, 1), padding=(1, 1))
  )
  (decoder): Sequential(
    (0): Conv2d(64, 32, kernel_size=(3, 3), stride=(1, 1), padding=(1, 1))
    (1): ReLU(inplace=True)
    (2): ConvTranspose2d(32, 32, kernel_size=(2, 2), stride=(2, 2))
    (3): Conv2d(32, 32, kernel_size=(3, 3), stride=(1, 1), padding=(1, 1))
    (4): ReLU(inplace=True)
    (5): Conv2d(32, 16, kernel_size=(3, 3), stride=(1, 1), padding=(1, 1))
    (6): ReLU(inplace=True)
    (7): ConvTranspose2d(16, 16, kernel_size=(2, 2), stride=(2, 2))
    (8): Conv2d(16, 16, kernel_size=(3, 3), stride=(1, 1), padding=(1, 1))
    (9): ReLU(inplace=True)
    (10): Conv2d(16, 8, kernel_size=(3, 3), stride=(1, 1), padding=(1, 1))
    (11): ReLU(inplace=True)
    (12): ConvTranspose2d(8, 8, kernel_size=(2, 2), stride=(2, 2))
    (13): Conv2d(8, 8, kernel_size=(3, 3), stride=(1, 1), padding=(1, 1))
    (14): ReLU(inplace=True)
    (15): Conv2d(8, 1, kernel_size=(3, 3), stride=(1, 1), padding=(1, 1))
  )
)

EVALUATION!
Validation loss: 0.18917100131511688
Epoch 1, Average loss: 0.054147372055532675
Model saved

EVALUATION!
Validation loss: 0.0004133798647671938

EVALUATION!
Validation loss: 0.00022194089251570404

EVALUATION!
Validation loss: 0.00017348866094835103

EVALUATION!
Validation loss: 0.00037216965574771166
Epoch 101, Average loss: 0.00030621549072488313
Model saved

EVALUATION!
Validation loss: 0.00017413037130609155

EVALUATION!
Validation loss: 0.00026165496092289686

EVALUATION!
Validation loss: 0.0001506012340541929

EVALUATION!
Validation loss: 0.0002734358422458172
Epoch 201, Average loss: 0.000298132881406283

EVALUATION!
Validation loss: 0.0001895037421490997

EVALUATION!
Validation loss: 0.00024695333559066057
Model saved

EVALUATION!
Validation loss: 0.0001257107505807653

EVALUATION!
Validation loss: 0.00010375038255006075
Epoch 301, Average loss: 0.0002199471362798379

EVALUATION!
Validation loss: 0.00011856049241032451

EVALUATION!
Validation loss: 0.00012002912990283221

EVALUATION!
Validation loss: 0.00013339011638890952

EVALUATION!
Validation loss: 0.00010512719018151984
Epoch 401, Average loss: 0.00015465185632430284

EVALUATION!
Validation loss: 0.0007302317535504699

EVALUATION!
Validation loss: 0.00016533250163774937

EVALUATION!
Validation loss: 0.00010420016769785434
Model saved
Done: 2024-06-01-11:04:23
