Node: comp-gpu07
Start: 2024-05-16-15:19:53
Working dir: /home/s214704/JK_bachelor

/var/lib/slurm/slurmd/job52530/slurm_script: line 24: /home/s214704/JK_bachelor/.bashrc: No such file or directory
conv_AE_UNet(
  (encoder): Sequential(
    (0): Conv2d(1, 16, kernel_size=(3, 3), stride=(1, 1), padding=(1, 1))
    (1): ReLU(inplace=True)
    (2): Conv2d(16, 16, kernel_size=(3, 3), stride=(1, 1), padding=(1, 1))
    (3): ReLU(inplace=True)
    (4): AvgPool2d(kernel_size=2, stride=2, padding=0)
    (5): Conv2d(16, 32, kernel_size=(3, 3), stride=(1, 1), padding=(1, 1))
    (6): ReLU(inplace=True)
    (7): Conv2d(32, 32, kernel_size=(3, 3), stride=(1, 1), padding=(1, 1))
    (8): ReLU(inplace=True)
    (9): AvgPool2d(kernel_size=2, stride=2, padding=0)
    (10): Conv2d(32, 64, kernel_size=(3, 3), stride=(1, 1), padding=(1, 1))
    (11): ReLU(inplace=True)
    (12): Conv2d(64, 64, kernel_size=(3, 3), stride=(1, 1), padding=(1, 1))
    (13): ReLU(inplace=True)
    (14): AvgPool2d(kernel_size=2, stride=2, padding=0)
    (15): Conv2d(64, 128, kernel_size=(3, 3), stride=(1, 1), padding=(1, 1))
    (16): ReLU(inplace=True)
    (17): Conv2d(128, 128, kernel_size=(3, 3), stride=(1, 1), padding=(1, 1))
  )
  (decoder): Sequential(
    (0): Conv2d(128, 64, kernel_size=(3, 3), stride=(1, 1), padding=(1, 1))
    (1): ReLU(inplace=True)
    (2): ConvTranspose2d(64, 64, kernel_size=(2, 2), stride=(2, 2))
    (3): Conv2d(64, 64, kernel_size=(3, 3), stride=(1, 1), padding=(1, 1))
    (4): ReLU(inplace=True)
    (5): Conv2d(64, 32, kernel_size=(3, 3), stride=(1, 1), padding=(1, 1))
    (6): ReLU(inplace=True)
    (7): ConvTranspose2d(32, 32, kernel_size=(2, 2), stride=(2, 2))
    (8): Conv2d(32, 32, kernel_size=(3, 3), stride=(1, 1), padding=(1, 1))
    (9): ReLU(inplace=True)
    (10): Conv2d(32, 16, kernel_size=(3, 3), stride=(1, 1), padding=(1, 1))
    (11): ReLU(inplace=True)
    (12): ConvTranspose2d(16, 16, kernel_size=(2, 2), stride=(2, 2))
    (13): Conv2d(16, 16, kernel_size=(3, 3), stride=(1, 1), padding=(1, 1))
    (14): ReLU(inplace=True)
    (15): Conv2d(16, 1, kernel_size=(3, 3), stride=(1, 1), padding=(1, 1))
  )
)

EVALUATION!
Validation loss: 0.22979240119457245
Epoch 1, Average loss: 0.019866316158694622
Model saved

EVALUATION!
Validation loss: 0.0020371810533106327

EVALUATION!
Validation loss: 0.0010703792795538902

EVALUATION!
Validation loss: 0.0007506812689825892

EVALUATION!
Validation loss: 0.000748671474866569

EVALUATION!
Validation loss: 0.0031827553175389767

EVALUATION!
Validation loss: 0.0006284636328928173

EVALUATION!
Validation loss: 0.0010248995386064053

EVALUATION!
Validation loss: 0.0006708116270601749

EVALUATION!
Validation loss: 0.0013679629191756248

EVALUATION!
Validation loss: 0.0005648346850648522

EVALUATION!
Validation loss: 0.0004781577445100993

EVALUATION!
Validation loss: 0.0011780757922679186

EVALUATION!
Validation loss: 0.001277268398553133

EVALUATION!
Validation loss: 0.0007196685182861984

EVALUATION!
Validation loss: 0.0006601804634556174

EVALUATION!
Validation loss: 0.0005475357174873352

EVALUATION!
Validation loss: 0.0004921414656564593

EVALUATION!
Validation loss: 0.0007902950746938586

EVALUATION!
Validation loss: 0.0004668709298130125

EVALUATION!
Validation loss: 0.000664991675876081

EVALUATION!
Validation loss: 0.0006046647904440761

EVALUATION!
Validation loss: 0.0005490061594173312

EVALUATION!
Validation loss: 0.0005061046686023474

EVALUATION!
Validation loss: 0.00033884827280417085

EVALUATION!
Validation loss: 0.00030290152062661946

EVALUATION!
Validation loss: 0.0005205499473959208

EVALUATION!
Validation loss: 0.0005808758432976902

EVALUATION!
Validation loss: 0.00040234619518741965

EVALUATION!
Validation loss: 0.00038733784458599985

EVALUATION!
Validation loss: 0.00025265730801038444

EVALUATION!
Validation loss: 0.0005491191404871643
Epoch 101, Average loss: 0.00026487571356903153
Model saved

EVALUATION!
Validation loss: 0.00048324884846806526

EVALUATION!
Validation loss: 0.0003357316309120506

EVALUATION!
Validation loss: 0.00046929134987294674

EVALUATION!
Validation loss: 0.0002908051828853786

EVALUATION!
Validation loss: 0.0003103730850853026

EVALUATION!
Validation loss: 0.0003510477836243808

EVALUATION!
Validation loss: 0.0003369460755493492

EVALUATION!
Validation loss: 0.00022213392367120832

EVALUATION!
Validation loss: 0.00026893214089795947

EVALUATION!
Validation loss: 0.0003354993532411754

EVALUATION!
Validation loss: 0.00040437583811581135

EVALUATION!
Validation loss: 0.00030683953082188964

EVALUATION!
Validation loss: 0.0005296140443533659

EVALUATION!
Validation loss: 0.0002136075054295361

EVALUATION!
Validation loss: 0.0003577462339308113

EVALUATION!
Validation loss: 0.000267363473540172

EVALUATION!
Validation loss: 0.00030045496532693505

EVALUATION!
Validation loss: 0.0004459373594727367

EVALUATION!
Validation loss: 0.000304837099974975

EVALUATION!
Validation loss: 0.00027433063951320946

EVALUATION!
Validation loss: 0.0004224464064463973

EVALUATION!
Validation loss: 0.0002159834111807868

EVALUATION!
Validation loss: 0.00021207195823080838

EVALUATION!
Validation loss: 0.0002067411260213703

EVALUATION!
Validation loss: 0.000511958496645093

EVALUATION!
Validation loss: 0.00030797868384979665

EVALUATION!
Validation loss: 0.00020344018412288278

EVALUATION!
Validation loss: 0.00019179991795681417

EVALUATION!
Validation loss: 0.00030242663342505693

EVALUATION!
Validation loss: 0.00022568166605196893

EVALUATION!
Validation loss: 0.00021018546249251813
Epoch 201, Average loss: 0.00014166389091070205

EVALUATION!
Validation loss: 0.00024126381322275847

EVALUATION!
Validation loss: 0.00018164466018788517

EVALUATION!
Validation loss: 0.00048021774273365736

EVALUATION!
Validation loss: 0.002402449958026409

EVALUATION!
Validation loss: 0.00019261408306192607

EVALUATION!
Validation loss: 0.0001865811354946345

EVALUATION!
Validation loss: 0.0001781342289177701

EVALUATION!
Validation loss: 0.0002543761511333287

EVALUATION!
Validation loss: 0.00037043512566015124

EVALUATION!
Validation loss: 0.00017976664821617305

EVALUATION!
Validation loss: 0.00017817289335653186

EVALUATION!
Validation loss: 0.00018648598052095622

EVALUATION!
Validation loss: 0.0003584345104172826

EVALUATION!
Validation loss: 0.00031293585198000073

EVALUATION!
Validation loss: 0.00017552617646288127

EVALUATION!
Validation loss: 0.0001265914470423013
Model saved

EVALUATION!
Validation loss: 0.0002573510864749551

EVALUATION!
Validation loss: 0.00017357121396344155

EVALUATION!
Validation loss: 0.0003829846973530948

EVALUATION!
Validation loss: 0.00029645231552422047

EVALUATION!
Validation loss: 0.00020071007020305842

EVALUATION!
Validation loss: 0.0002244958159280941

EVALUATION!
Validation loss: 0.00020383342052809894

EVALUATION!
Validation loss: 0.0003409590572118759

EVALUATION!
Validation loss: 0.0002087153698084876

EVALUATION!
Validation loss: 0.0002106910978909582

EVALUATION!
Validation loss: 0.000153634900925681

EVALUATION!
Validation loss: 0.00018782376719173044

EVALUATION!
Validation loss: 0.00029699556762352586

EVALUATION!
Validation loss: 0.00023289464297704399

EVALUATION!
Validation loss: 0.0002247377415187657
Epoch 301, Average loss: 0.0001005120237282543

EVALUATION!
Validation loss: 0.00015520032320637256

EVALUATION!
Validation loss: 0.00026525635621510446

EVALUATION!
Validation loss: 0.00018539046868681908

EVALUATION!
Validation loss: 0.00014634570106863976

EVALUATION!
Validation loss: 0.00018055152031593025

EVALUATION!
Validation loss: 0.0010318000568076968

EVALUATION!
Validation loss: 0.00015492516104131937

EVALUATION!
Validation loss: 0.00019213312771171331

EVALUATION!
Validation loss: 0.00019018030434381217

EVALUATION!
Validation loss: 0.0002316645986866206

EVALUATION!
Validation loss: 0.00024486822076141834

EVALUATION!
Validation loss: 0.0004105117404833436

EVALUATION!
Validation loss: 0.0001518917124485597

EVALUATION!
Validation loss: 0.00014091271441429853

EVALUATION!
Validation loss: 0.0001437293249182403

EVALUATION!
Validation loss: 0.000248126161750406

EVALUATION!
Validation loss: 0.000391133944503963

EVALUATION!
Validation loss: 0.00014584457676392049

EVALUATION!
Validation loss: 0.00017765836673788726

EVALUATION!
Validation loss: 0.00014149553317110986

EVALUATION!
Validation loss: 0.00018305056437384337

EVALUATION!
Validation loss: 0.0003468063077889383

EVALUATION!
Validation loss: 0.00017390758148394525

EVALUATION!
Validation loss: 0.0001383760682074353

EVALUATION!
Validation loss: 0.00016627274453639984

EVALUATION!
Validation loss: 0.00016025204968173057

EVALUATION!
Validation loss: 0.00031679769745096564

EVALUATION!
Validation loss: 0.0001445766829419881

EVALUATION!
Validation loss: 0.0001359311572741717

EVALUATION!
Validation loss: 0.00016469918773509562

EVALUATION!
Validation loss: 0.00015612723655067384

EVALUATION!
Validation loss: 0.00024317139468621463
Epoch 401, Average loss: 9.810894502945115e-05

EVALUATION!
Validation loss: 0.00015508511569350958

EVALUATION!
Validation loss: 0.00018850636843126267

EVALUATION!
Validation loss: 0.00014771803398616612

EVALUATION!
Validation loss: 0.0001405887887813151

EVALUATION!
Validation loss: 0.00022679203539155424

EVALUATION!
Validation loss: 0.00022135881590656936

EVALUATION!
Validation loss: 0.00012000763672403991

EVALUATION!
Validation loss: 0.00013510443386621773

EVALUATION!
Validation loss: 0.00017183652380481362

EVALUATION!
Validation loss: 0.00015469452773686498

EVALUATION!
Validation loss: 0.00013309711357578635

EVALUATION!
Validation loss: 0.00019213385530747473

EVALUATION!
Validation loss: 0.00014187407214194536

EVALUATION!
Validation loss: 0.0001371517573716119

EVALUATION!
Validation loss: 0.00014981468848418444

EVALUATION!
Validation loss: 0.00015085630002431571

EVALUATION!
Validation loss: 0.00018872033979278058

EVALUATION!
Validation loss: 0.0002358664060011506

EVALUATION!
Validation loss: 0.0005936634261161089

EVALUATION!
Validation loss: 0.00014755254960618913

EVALUATION!
Validation loss: 0.00012377247912809253

EVALUATION!
Validation loss: 0.00013054144801571965

EVALUATION!
Validation loss: 0.00018941060989163816

EVALUATION!
Validation loss: 0.0003445647598709911

EVALUATION!
Validation loss: 0.00016141145897563547

EVALUATION!
Validation loss: 0.000140814867336303

EVALUATION!
Validation loss: 0.00012836192036047578

EVALUATION!
Validation loss: 0.00018103007460013032

EVALUATION!
Validation loss: 0.00020555290393531322

EVALUATION!
Validation loss: 0.0001484292297391221

EVALUATION!
Validation loss: 0.0001321523159276694
Epoch 501, Average loss: 0.0001019028264123242
Model saved

EVALUATION!
Validation loss: 0.0003125547373201698

EVALUATION!
Validation loss: 0.00022962297953199595

EVALUATION!
Validation loss: 0.0001968874566955492

EVALUATION!
Validation loss: 0.00012685431283898652

EVALUATION!
Validation loss: 0.00029080756939947605

EVALUATION!
Validation loss: 0.00013576861238107085

EVALUATION!
Validation loss: 0.00015001547581050545

EVALUATION!
Validation loss: 0.00026933493791148067

EVALUATION!
Validation loss: 0.00034004190820269287

EVALUATION!
Validation loss: 0.0001743048196658492

EVALUATION!
Validation loss: 0.00015525327762588859

EVALUATION!
Validation loss: 0.00015156058361753821

EVALUATION!
Validation loss: 0.00019072272698394954

EVALUATION!
Validation loss: 0.00011933399946428835

EVALUATION!
Validation loss: 0.00012944800255354494

EVALUATION!
Validation loss: 0.0002659611636772752

EVALUATION!
Validation loss: 0.00017557817045599222

EVALUATION!
Validation loss: 0.00020311475964263082

EVALUATION!
Validation loss: 0.00015915141557343304

EVALUATION!
Validation loss: 0.00012529970263130963

EVALUATION!
Validation loss: 0.00013310932263266295

EVALUATION!
Validation loss: 0.0002197407593484968

EVALUATION!
Validation loss: 0.00011602541781030595

EVALUATION!
Validation loss: 0.00012157204037066549

EVALUATION!
Validation loss: 0.00013528880663216114

EVALUATION!
Validation loss: 0.0001974961196538061

EVALUATION!
Validation loss: 0.0011658405419439077

EVALUATION!
Validation loss: 0.00011832197196781635

EVALUATION!
Validation loss: 0.00010969472350552678

EVALUATION!
Validation loss: 0.00015022887964732945

EVALUATION!
Validation loss: 0.00018127213115803897
Epoch 601, Average loss: 7.872037709510038e-05

EVALUATION!
Validation loss: 0.0004241389106027782

EVALUATION!
Validation loss: 0.0001300278672715649

EVALUATION!
Validation loss: 0.00031218433286994696

EVALUATION!
Validation loss: 0.0001977598003577441

EVALUATION!
Validation loss: 0.0001930424477905035

EVALUATION!
Validation loss: 0.00019825044728349894

EVALUATION!
Validation loss: 0.00013163950643502176

EVALUATION!
Validation loss: 0.00029286983772180974

EVALUATION!
Validation loss: 0.00028766022296622396

EVALUATION!
Validation loss: 0.00015938625438138843

EVALUATION!
Validation loss: 0.00019840958702843636

EVALUATION!
Validation loss: 0.00011932176857953891

EVALUATION!
Validation loss: 0.0001840527111198753

EVALUATION!
Validation loss: 0.0001844687358243391

EVALUATION!
Validation loss: 0.000132731584017165

EVALUATION!
Validation loss: 0.00013635697541758418

EVALUATION!
Validation loss: 0.0001459063932998106

EVALUATION!
Validation loss: 0.0002629088412504643

EVALUATION!
Validation loss: 0.00011355966853443533

EVALUATION!
Validation loss: 0.00011729003745131195

EVALUATION!
Validation loss: 0.00013754449901171029

EVALUATION!
Validation loss: 0.00012081319437129423

EVALUATION!
Validation loss: 0.00011912223999388516

EVALUATION!
Validation loss: 0.00014120775449555367

EVALUATION!
Validation loss: 0.00014227261999621987

EVALUATION!
Validation loss: 0.00012350428733043373

EVALUATION!
Validation loss: 9.703575051389635e-05

EVALUATION!
Validation loss: 0.0001526691485196352

EVALUATION!
Validation loss: 0.0003644070529844612

EVALUATION!
Validation loss: 0.00013358154683373868

EVALUATION!
Validation loss: 0.00012185249215690419
Epoch 701, Average loss: 8.335308525951965e-05

EVALUATION!
Validation loss: 0.00010032452701125294

EVALUATION!
Validation loss: 0.00014364169328473508

EVALUATION!
Validation loss: 0.0002224390336778015

EVALUATION!
Validation loss: 0.0001869054976850748

EVALUATION!
Validation loss: 0.00011584575986489654

EVALUATION!
Validation loss: 0.00010582510731182992

EVALUATION!
Validation loss: 0.00013904465595260262

EVALUATION!
Validation loss: 0.00018136194557882845

EVALUATION!
Validation loss: 0.00021809687314089388

EVALUATION!
Validation loss: 0.00012040643923683092

EVALUATION!
Validation loss: 9.685481199994683e-05

EVALUATION!
Validation loss: 0.00012592531857080758

EVALUATION!
Validation loss: 0.00012858209083788097

EVALUATION!
Validation loss: 0.00015430567145813257

EVALUATION!
Validation loss: 0.00012769416207447648

EVALUATION!
Validation loss: 0.0003267420397605747

EVALUATION!
Validation loss: 0.00013629438763018698

EVALUATION!
Validation loss: 0.00012545587378554046

EVALUATION!
Validation loss: 0.00017552945064380765

EVALUATION!
Validation loss: 0.00010757159179775044

EVALUATION!
Validation loss: 0.0015751977916806936

EVALUATION!
Validation loss: 0.0001225617597810924

EVALUATION!
Validation loss: 0.00013099933858029544

EVALUATION!
Validation loss: 0.0001789013622328639

EVALUATION!
Validation loss: 0.00010783122706925496

EVALUATION!
Validation loss: 0.00024945338373072445

EVALUATION!
Validation loss: 0.00011927654850296676

EVALUATION!
Validation loss: 0.00013272145588416606

EVALUATION!
Validation loss: 0.00014293062849901617

EVALUATION!
Validation loss: 9.886573388939723e-05

EVALUATION!
Validation loss: 0.00015027719200588763
Epoch 801, Average loss: 8.319869473500428e-05

EVALUATION!
Validation loss: 0.00015828327741473913

EVALUATION!
Validation loss: 0.00017059207311831415

EVALUATION!
Validation loss: 0.0001295403199037537

EVALUATION!
Validation loss: 0.00013232717174105346

EVALUATION!
Validation loss: 0.0002597226994112134

EVALUATION!
Validation loss: 0.00010127403947990388

EVALUATION!
Validation loss: 0.00014993041986599565

EVALUATION!
Validation loss: 0.00010670120536815375

EVALUATION!
Validation loss: 0.00011034752242267132

EVALUATION!
Validation loss: 0.00011234990961384028

EVALUATION!
Validation loss: 0.00013922122889198363

EVALUATION!
Validation loss: 0.0001942818344105035

EVALUATION!
Validation loss: 9.991100523620844e-05

EVALUATION!
Validation loss: 9.753012272994965e-05

EVALUATION!
Validation loss: 9.575625881552696e-05

EVALUATION!
Validation loss: 0.00012807626626454294

EVALUATION!
Validation loss: 0.0001389965764246881

EVALUATION!
Validation loss: 9.820880950428545e-05

EVALUATION!
Validation loss: 0.00010314641986042261

EVALUATION!
Validation loss: 0.00012363397399894893

EVALUATION!
Validation loss: 0.00010452072456246242

EVALUATION!
Validation loss: 0.0001252190995728597

EVALUATION!
Validation loss: 9.707297431305051e-05

EVALUATION!
Validation loss: 9.036426490638405e-05

EVALUATION!
Validation loss: 0.00010863868374144658

EVALUATION!
Validation loss: 0.00010982199455611408

EVALUATION!
Validation loss: 0.00012408255133777857

EVALUATION!
Validation loss: 0.00011008897854480892

EVALUATION!
Validation loss: 9.174632577924058e-05

EVALUATION!
Validation loss: 0.00012602031347341835

EVALUATION!
Validation loss: 0.00010956273035844788

EVALUATION!
Validation loss: 0.00012025035539409146
Epoch 901, Average loss: 7.314590926305242e-05

EVALUATION!
Validation loss: 9.662991942605004e-05

EVALUATION!
Validation loss: 0.00012025465548504144

EVALUATION!
Validation loss: 0.000124337209854275

EVALUATION!
Validation loss: 0.00011513177014421672

EVALUATION!
Validation loss: 0.00010857299639610574

EVALUATION!
Validation loss: 0.00011555150558706373

EVALUATION!
Validation loss: 0.00011695486318785697

EVALUATION!
Validation loss: 0.00011430400627432391

EVALUATION!
Validation loss: 0.0001508549612481147

EVALUATION!
Validation loss: 9.815656812861562e-05

EVALUATION!
Validation loss: 9.403147851116955e-05

EVALUATION!
Validation loss: 0.0001489422720624134

EVALUATION!
Validation loss: 0.00010157708311453462

EVALUATION!
Validation loss: 0.00010893772559938952

EVALUATION!
Validation loss: 0.00010995892807841301

EVALUATION!
Validation loss: 0.00010267835750710219

EVALUATION!
Validation loss: 0.00010734032548498362

EVALUATION!
Validation loss: 0.00014369245036505163

EVALUATION!
Validation loss: 0.00014386410475708544

EVALUATION!
Validation loss: 0.00010571689199423417

EVALUATION!
Validation loss: 9.022041922435164e-05

EVALUATION!
Validation loss: 9.505018533673137e-05

EVALUATION!
Validation loss: 0.00012619615881703794

EVALUATION!
Validation loss: 0.00011466891737654805

EVALUATION!
Validation loss: 0.00010501900396775454

EVALUATION!
Validation loss: 8.661092579131946e-05

EVALUATION!
Validation loss: 0.0001094906110665761

EVALUATION!
Validation loss: 9.939477604348212e-05

EVALUATION!
Validation loss: 0.0001128880976466462

EVALUATION!
Validation loss: 0.00010943855158984661
Model saved
Done: 2024-05-16-17:14:54
