Node: comp-gpu01
Start: 2024-05-21-13:19:21
Working dir: /home/s214704/JK_bachelor

/var/lib/slurm/slurmd/job53625/slurm_script: line 24: /home/s214704/JK_bachelor/.bashrc: No such file or directory
conv_AE_UNet2(
  (encoder): Sequential(
    (0): Conv2d(1, 8, kernel_size=(3, 3), stride=(1, 1), padding=(1, 1))
    (1): ReLU(inplace=True)
    (2): Conv2d(8, 8, kernel_size=(3, 3), stride=(1, 1), padding=(1, 1))
    (3): ReLU(inplace=True)
    (4): MaxPool2d(kernel_size=2, stride=2, padding=0, dilation=1, ceil_mode=False)
    (5): Conv2d(8, 16, kernel_size=(3, 3), stride=(1, 1), padding=(1, 1))
    (6): ReLU(inplace=True)
    (7): Conv2d(16, 16, kernel_size=(3, 3), stride=(1, 1), padding=(1, 1))
    (8): ReLU(inplace=True)
    (9): MaxPool2d(kernel_size=2, stride=2, padding=0, dilation=1, ceil_mode=False)
    (10): Conv2d(16, 32, kernel_size=(3, 3), stride=(1, 1), padding=(1, 1))
    (11): ReLU(inplace=True)
    (12): Conv2d(32, 32, kernel_size=(3, 3), stride=(1, 1), padding=(1, 1))
    (13): ReLU(inplace=True)
    (14): MaxPool2d(kernel_size=2, stride=2, padding=0, dilation=1, ceil_mode=False)
    (15): Dropout(p=0.2, inplace=False)
    (16): Conv2d(32, 64, kernel_size=(3, 3), stride=(1, 1), padding=(1, 1))
    (17): ReLU(inplace=True)
    (18): Conv2d(64, 64, kernel_size=(3, 3), stride=(1, 1), padding=(1, 1))
    (19): ReLU(inplace=True)
  )
  (decoder): Sequential(
    (0): ConvTranspose2d(64, 32, kernel_size=(2, 2), stride=(2, 2))
    (1): Conv2d(32, 32, kernel_size=(3, 3), stride=(1, 1), padding=(1, 1))
    (2): ReLU(inplace=True)
    (3): Conv2d(32, 16, kernel_size=(3, 3), stride=(1, 1), padding=(1, 1))
    (4): ReLU(inplace=True)
    (5): ConvTranspose2d(16, 16, kernel_size=(2, 2), stride=(2, 2))
    (6): Conv2d(16, 16, kernel_size=(3, 3), stride=(1, 1), padding=(1, 1))
    (7): ReLU(inplace=True)
    (8): Conv2d(16, 8, kernel_size=(3, 3), stride=(1, 1), padding=(1, 1))
    (9): ReLU(inplace=True)
    (10): ConvTranspose2d(8, 8, kernel_size=(2, 2), stride=(2, 2))
    (11): Conv2d(8, 8, kernel_size=(3, 3), stride=(1, 1), padding=(1, 1))
    (12): ReLU(inplace=True)
    (13): Conv2d(8, 1, kernel_size=(3, 3), stride=(1, 1), padding=(1, 1))
  )
)

EVALUATION!
Validation loss: 0.2550758719444275
Epoch 1, Average loss: 0.025705846429515917
Model saved

EVALUATION!
Validation loss: 0.0014215258415788412

EVALUATION!
Validation loss: 0.0016702264547348022

EVALUATION!
Validation loss: 0.000837058643810451

EVALUATION!
Validation loss: 0.0022063853684812784

EVALUATION!
Validation loss: 0.001153050921857357
Epoch 101, Average loss: 0.0003797831659889758
Model saved

EVALUATION!
Validation loss: 0.0005742680514231324

EVALUATION!
Validation loss: 0.0005424257833510637

EVALUATION!
Validation loss: 0.0005158110288903117

EVALUATION!
Validation loss: 0.0004939635982736945

EVALUATION!
Validation loss: 0.0004595016944222152
Epoch 201, Average loss: 0.00025438430902095907

EVALUATION!
Validation loss: 0.0004679291741922498

EVALUATION!
Validation loss: 0.0004894930170848966
Model saved

EVALUATION!
Validation loss: 0.0003437729028519243

EVALUATION!
Validation loss: 0.00038752774707973003

EVALUATION!
Validation loss: 0.0003499711165204644
Epoch 301, Average loss: 0.00024279234498163321

EVALUATION!
Validation loss: 0.0006017523701302707

EVALUATION!
Validation loss: 0.000456419016700238

EVALUATION!
Validation loss: 0.0003245285479351878

EVALUATION!
Validation loss: 0.0003904968034476042

EVALUATION!
Validation loss: 0.00026745558716356754
Epoch 401, Average loss: 0.00020800126826077013

EVALUATION!
Validation loss: 0.0002501886337995529

EVALUATION!
Validation loss: 0.0002796948538161814

EVALUATION!
Validation loss: 0.0002690910187084228

EVALUATION!
Validation loss: 0.00028796237893402576

EVALUATION!
Validation loss: 0.0002252280683023855
Epoch 501, Average loss: 0.00020474762796906222
Model saved

EVALUATION!
Validation loss: 0.000323301472235471

EVALUATION!
Validation loss: 0.00036212088889442384

EVALUATION!
Validation loss: 0.0002769121201708913

EVALUATION!
Validation loss: 0.0002655792632140219

EVALUATION!
Validation loss: 0.00023265642812475562
Epoch 601, Average loss: 0.0001756619873830436

EVALUATION!
Validation loss: 0.0002300277556059882

EVALUATION!
Validation loss: 0.0003016561968252063

EVALUATION!
Validation loss: 0.0002213178959209472

EVALUATION!
Validation loss: 0.0001917335030157119

EVALUATION!
Validation loss: 0.00042765913531184196
Epoch 701, Average loss: 0.0001801593893840338

EVALUATION!
Validation loss: 0.0003250660956837237

EVALUATION!
Validation loss: 0.00018926772463601083

EVALUATION!
Validation loss: 0.00020650180522352457

EVALUATION!
Validation loss: 0.0002659927704371512

EVALUATION!
Validation loss: 0.000285600806819275
Epoch 801, Average loss: 0.00017122623262949698

EVALUATION!
Validation loss: 0.00020660972222685814

EVALUATION!
Validation loss: 0.00028555720928125083

EVALUATION!
Validation loss: 0.00034218025393784046

EVALUATION!
Validation loss: 0.00019458755559753627

EVALUATION!
Validation loss: 0.00025672814808785915
Epoch 901, Average loss: 0.00017648881317911265

EVALUATION!
Validation loss: 0.0002469108148943633

EVALUATION!
Validation loss: 0.0002631137322168797

EVALUATION!
Validation loss: 0.0002114680828526616

EVALUATION!
Validation loss: 0.00017582549480721354

EVALUATION!
Validation loss: 0.0002524878946132958
Epoch 1001, Average loss: 0.00015588533933507092

EVALUATION!
Validation loss: 0.00022134165919851512

EVALUATION!
Validation loss: 0.00020695134298875928

EVALUATION!
Validation loss: 0.0002490566985215992

EVALUATION!
Validation loss: 0.0002394792827544734

EVALUATION!
Validation loss: 0.00023376158787868917
Epoch 1101, Average loss: 0.00024493395959815156

EVALUATION!
Validation loss: 0.00016700736887287349

EVALUATION!
Validation loss: 0.0002519445843063295

EVALUATION!
Validation loss: 0.00026952254120260477

EVALUATION!
Validation loss: 0.00027196959126740694

EVALUATION!
Validation loss: 0.00027954968390986323
Epoch 1201, Average loss: 0.0001653081612449825

EVALUATION!
Validation loss: 0.00035597727401182055

EVALUATION!
Validation loss: 0.00019929555128328502

EVALUATION!
Validation loss: 0.00030258920742198825

EVALUATION!
Validation loss: 0.00019914584117941558

EVALUATION!
Validation loss: 0.00019923073705285788
Epoch 1301, Average loss: 0.00013482800288609444

EVALUATION!
Validation loss: 0.000171346400748007

EVALUATION!
Validation loss: 0.00018939992878586054

EVALUATION!
Validation loss: 0.0003194105520378798

EVALUATION!
Validation loss: 0.0003079861053265631

EVALUATION!
Validation loss: 0.0002825914416462183
Epoch 1401, Average loss: 0.0001458675467405649

EVALUATION!
Validation loss: 0.0002791330625768751

EVALUATION!
Validation loss: 0.00020784430671483278

EVALUATION!
Validation loss: 0.00018260639626532793

EVALUATION!
Validation loss: 0.00021356818615458906

EVALUATION!
Validation loss: 0.0001796746364561841
Epoch 1501, Average loss: 0.00012809175829995814

EVALUATION!
Validation loss: 0.00022831976821180433

EVALUATION!
Validation loss: 0.00021446174650918692

EVALUATION!
Validation loss: 0.0002747857361100614

EVALUATION!
Validation loss: 0.0004955957992933691

EVALUATION!
Validation loss: 0.0001769784139469266
Epoch 1601, Average loss: 0.00013700850633587182

EVALUATION!
Validation loss: 0.0002153217064915225

EVALUATION!
Validation loss: 0.0002858602674677968

EVALUATION!
Validation loss: 0.00018636258027981967

EVALUATION!
Validation loss: 0.00016786236665211618

EVALUATION!
Validation loss: 0.0001807257067412138
Epoch 1701, Average loss: 0.00013480437544972237

EVALUATION!
Validation loss: 0.0001695750979706645

EVALUATION!
Validation loss: 0.00017616749391891062

EVALUATION!
Validation loss: 0.0001595292560523376

EVALUATION!
Validation loss: 0.00038770586252212524

EVALUATION!
Validation loss: 0.00020489044254645705
Epoch 1801, Average loss: 0.00014263425374594636

EVALUATION!
Validation loss: 0.0001695726823527366

EVALUATION!
Validation loss: 0.0002076284436043352

EVALUATION!
Validation loss: 0.0002347388945054263

EVALUATION!
Validation loss: 0.00017347719403915107

EVALUATION!
Validation loss: 0.00018493362586013973
Epoch 1901, Average loss: 0.00013227624442198506

EVALUATION!
Validation loss: 0.0005225513596087694

EVALUATION!
Validation loss: 0.0001881951466202736

EVALUATION!
Validation loss: 0.0002206742501584813

EVALUATION!
Validation loss: 0.00025506975362077355
Model saved
Done: 2024-05-21-21:43:24
