Node: comp-gpu01
Start: 2024-05-05-09:02:42
Working dir: /home/s214704/JK_bachelor

/var/lib/slurm/slurmd/job49998/slurm_script: line 24: /home/s214704/JK_bachelor/.bashrc: No such file or directory
Script started
conv_AE_UNet(
  (encoder): Sequential(
    (0): Conv2d(1, 16, kernel_size=(3, 3), stride=(1, 1), padding=(1, 1))
    (1): ReLU(inplace=True)
    (2): Conv2d(16, 16, kernel_size=(3, 3), stride=(1, 1), padding=(1, 1))
    (3): ReLU(inplace=True)
    (4): MaxPool2d(kernel_size=2, stride=2, padding=0, dilation=1, ceil_mode=False)
    (5): Conv2d(16, 32, kernel_size=(3, 3), stride=(1, 1), padding=(1, 1))
    (6): ReLU(inplace=True)
    (7): Conv2d(32, 32, kernel_size=(3, 3), stride=(1, 1), padding=(1, 1))
    (8): ReLU(inplace=True)
    (9): MaxPool2d(kernel_size=2, stride=2, padding=0, dilation=1, ceil_mode=False)
    (10): Conv2d(32, 64, kernel_size=(3, 3), stride=(1, 1), padding=(1, 1))
    (11): ReLU(inplace=True)
    (12): Conv2d(64, 64, kernel_size=(3, 3), stride=(1, 1), padding=(1, 1))
    (13): ReLU(inplace=True)
    (14): MaxPool2d(kernel_size=2, stride=2, padding=0, dilation=1, ceil_mode=False)
    (15): Conv2d(64, 128, kernel_size=(3, 3), stride=(1, 1), padding=(1, 1))
    (16): ReLU(inplace=True)
    (17): Conv2d(128, 128, kernel_size=(3, 3), stride=(1, 1), padding=(1, 1))
  )
  (decoder): Sequential(
    (0): Conv2d(128, 64, kernel_size=(3, 3), stride=(1, 1), padding=(1, 1))
    (1): ReLU(inplace=True)
    (2): ConvTranspose2d(64, 64, kernel_size=(2, 2), stride=(2, 2))
    (3): Conv2d(64, 64, kernel_size=(3, 3), stride=(1, 1), padding=(1, 1))
    (4): ReLU(inplace=True)
    (5): Conv2d(64, 32, kernel_size=(3, 3), stride=(1, 1), padding=(1, 1))
    (6): ReLU(inplace=True)
    (7): ConvTranspose2d(32, 32, kernel_size=(2, 2), stride=(2, 2))
    (8): Conv2d(32, 32, kernel_size=(3, 3), stride=(1, 1), padding=(1, 1))
    (9): ReLU(inplace=True)
    (10): Conv2d(32, 16, kernel_size=(3, 3), stride=(1, 1), padding=(1, 1))
    (11): ReLU(inplace=True)
    (12): ConvTranspose2d(16, 16, kernel_size=(2, 2), stride=(2, 2))
    (13): Conv2d(16, 16, kernel_size=(3, 3), stride=(1, 1), padding=(1, 1))
    (14): ReLU(inplace=True)
    (15): Conv2d(16, 1, kernel_size=(3, 3), stride=(1, 1), padding=(1, 1))
  )
)

EVALUATION!
Validation loss: 0.3535153269767761
Epoch 1, Average loss: 0.2598905111543643
Model saved

EVALUATION!
Validation loss: 0.0016555811744183302

EVALUATION!
Validation loss: 0.0008883870905265212
Epoch 101, Average loss: 0.0010311356524583132

EVALUATION!
Validation loss: 0.0009524989873170853

EVALUATION!
Validation loss: 0.0008527346653863788
Epoch 201, Average loss: 0.0019340736165386029

EVALUATION!
Validation loss: 0.000603959197178483

EVALUATION!
Validation loss: 0.0006170738488435745
Epoch 301, Average loss: 0.0009731742666656665

EVALUATION!
Validation loss: 0.0010027221869677305

EVALUATION!
Validation loss: 0.0006421272992156446
Epoch 401, Average loss: 0.0009171020670365602

EVALUATION!
Validation loss: 0.000687934341840446

EVALUATION!
Validation loss: 0.000529722950886935
Epoch 501, Average loss: 0.0008258937613367706

EVALUATION!
Validation loss: 0.0006383813451975584

EVALUATION!
Validation loss: 0.00045819496153853834
Epoch 601, Average loss: 0.0004916117972103306

EVALUATION!
Validation loss: 0.00047533633187413216

EVALUATION!
Validation loss: 0.00048123084707185626
Epoch 701, Average loss: 0.0007129405274519321

EVALUATION!
Validation loss: 0.00038594737998209894

EVALUATION!
Validation loss: 0.0003823008737526834
Epoch 801, Average loss: 0.00041984313555496134

EVALUATION!
Validation loss: 0.00037545105442404747

EVALUATION!
Validation loss: 0.0003054784319829196
Epoch 901, Average loss: 0.00028032199341582897

EVALUATION!
Validation loss: 0.0003940770111512393

EVALUATION!
Validation loss: 0.0003787445311900228
Epoch 1001, Average loss: 0.0005048040206579921

EVALUATION!
Validation loss: 0.00047824333887547255

EVALUATION!
Validation loss: 0.00038153526838868856
Epoch 1101, Average loss: 0.00037439457623688027

EVALUATION!
Validation loss: 0.0003321486874483526

EVALUATION!
Validation loss: 0.00028432876570150256
Epoch 1201, Average loss: 0.0004373785063646023

EVALUATION!
Validation loss: 0.00027937552658841014

EVALUATION!
Validation loss: 0.00023245355987455696
Epoch 1301, Average loss: 0.0003959050390664906

EVALUATION!
Validation loss: 0.0002757550391834229

EVALUATION!
Validation loss: 0.00032968970481306314
Epoch 1401, Average loss: 0.00043980673198791174

EVALUATION!
Validation loss: 0.0002499432011973113

EVALUATION!
Validation loss: 0.0003561542835086584
Epoch 1501, Average loss: 0.00043620212137540924

EVALUATION!
Validation loss: 0.0002815235638990998

EVALUATION!
Validation loss: 0.00027223996585235
Epoch 1601, Average loss: 0.0002826478433771393

EVALUATION!
Validation loss: 0.00027085302281193435

EVALUATION!
Validation loss: 0.0005408499273471534
Epoch 1701, Average loss: 0.0006474443363493684

EVALUATION!
Validation loss: 0.0004395873402245343

EVALUATION!
Validation loss: 0.00018909838399849832
Epoch 1801, Average loss: 0.00030080538605640567

EVALUATION!
Validation loss: 0.00027304410468786955

EVALUATION!
Validation loss: 0.0001820024335756898
Epoch 1901, Average loss: 0.0001892859720147755

EVALUATION!
Validation loss: 0.0003836062387563288
Model saved
Done: 2024-05-05-09:28:46
