Node: comp-gpu02
Start: 2024-05-07-09:08:30
Working dir: /home/s214704/JK_bachelor

/var/lib/slurm/slurmd/job50152/slurm_script: line 24: /home/s214704/JK_bachelor/.bashrc: No such file or directory
Script started
conv_AE_UNet(
  (encoder): Sequential(
    (0): Conv2d(1, 16, kernel_size=(3, 3), stride=(1, 1), padding=(1, 1))
    (1): ReLU(inplace=True)
    (2): Conv2d(16, 16, kernel_size=(3, 3), stride=(1, 1), padding=(1, 1))
    (3): ReLU(inplace=True)
    (4): MaxPool2d(kernel_size=2, stride=2, padding=0, dilation=1, ceil_mode=False)
    (5): Conv2d(16, 32, kernel_size=(3, 3), stride=(1, 1), padding=(1, 1))
    (6): ReLU(inplace=True)
    (7): Conv2d(32, 32, kernel_size=(3, 3), stride=(1, 1), padding=(1, 1))
    (8): ReLU(inplace=True)
    (9): MaxPool2d(kernel_size=2, stride=2, padding=0, dilation=1, ceil_mode=False)
    (10): Conv2d(32, 64, kernel_size=(3, 3), stride=(1, 1), padding=(1, 1))
    (11): ReLU(inplace=True)
    (12): Conv2d(64, 64, kernel_size=(3, 3), stride=(1, 1), padding=(1, 1))
    (13): ReLU(inplace=True)
    (14): MaxPool2d(kernel_size=2, stride=2, padding=0, dilation=1, ceil_mode=False)
    (15): Conv2d(64, 128, kernel_size=(3, 3), stride=(1, 1), padding=(1, 1))
    (16): ReLU(inplace=True)
    (17): Conv2d(128, 128, kernel_size=(3, 3), stride=(1, 1), padding=(1, 1))
  )
  (decoder): Sequential(
    (0): Conv2d(128, 64, kernel_size=(3, 3), stride=(1, 1), padding=(1, 1))
    (1): ReLU(inplace=True)
    (2): ConvTranspose2d(64, 64, kernel_size=(2, 2), stride=(2, 2))
    (3): Conv2d(64, 64, kernel_size=(3, 3), stride=(1, 1), padding=(1, 1))
    (4): ReLU(inplace=True)
    (5): Conv2d(64, 32, kernel_size=(3, 3), stride=(1, 1), padding=(1, 1))
    (6): ReLU(inplace=True)
    (7): ConvTranspose2d(32, 32, kernel_size=(2, 2), stride=(2, 2))
    (8): Conv2d(32, 32, kernel_size=(3, 3), stride=(1, 1), padding=(1, 1))
    (9): ReLU(inplace=True)
    (10): Conv2d(32, 16, kernel_size=(3, 3), stride=(1, 1), padding=(1, 1))
    (11): ReLU(inplace=True)
    (12): ConvTranspose2d(16, 16, kernel_size=(2, 2), stride=(2, 2))
    (13): Conv2d(16, 16, kernel_size=(3, 3), stride=(1, 1), padding=(1, 1))
    (14): ReLU(inplace=True)
    (15): Conv2d(16, 1, kernel_size=(3, 3), stride=(1, 1), padding=(1, 1))
  )
)

EVALUATION!
Validation loss: 0.3194907307624817
Epoch 1, Average loss: 0.1020612265341557
Model saved
Epoch 101, Average loss: 0.0005305807743496142

EVALUATION!
Validation loss: 0.0010860401671379805
Epoch 201, Average loss: 0.0006761362720937588

EVALUATION!
Validation loss: 0.0014975217636674643
Epoch 301, Average loss: 0.001758811531218294

EVALUATION!
Validation loss: 0.00224848510697484
Epoch 401, Average loss: 0.0009910395676389528
Epoch 501, Average loss: 0.0012779862355763237

EVALUATION!
Validation loss: 0.001970972865819931
Epoch 601, Average loss: 0.0006452998734461382

EVALUATION!
Validation loss: 0.0008680645260028541
Epoch 701, Average loss: 0.0006891567452559964

EVALUATION!
Validation loss: 0.001930230064317584
Epoch 801, Average loss: 0.0008072762053089741

EVALUATION!
Validation loss: 0.000906486704479903
Epoch 901, Average loss: 0.0007479119395168546
Epoch 1001, Average loss: 0.0005743157675262922

EVALUATION!
Validation loss: 0.0019665402360260487
Epoch 1101, Average loss: 0.0008165047553260452

EVALUATION!
Validation loss: 0.0005579666467383504
Epoch 1201, Average loss: 0.0003125361582556835

EVALUATION!
Validation loss: 0.0003283703117631376
Epoch 1301, Average loss: 0.0004565383580764039
Epoch 1401, Average loss: 0.0004100640511844689

EVALUATION!
Validation loss: 0.0012781976256519556
Epoch 1501, Average loss: 0.00037642420405366767

EVALUATION!
Validation loss: 0.0006938815931789577
Epoch 1601, Average loss: 0.0002775430938270755

EVALUATION!
Validation loss: 0.0006454464746639132
Epoch 1701, Average loss: 0.00039571871009404556

EVALUATION!
Validation loss: 0.0012936349958181381
Epoch 1801, Average loss: 0.0005696860995764533
Epoch 1901, Average loss: 0.000416730108554475

EVALUATION!
Validation loss: 0.0010366335045546293
Model saved
Done: 2024-05-07-09:19:16
