Node: comp-gpu01
Start: 2024-05-31-14:51:06
Working dir: /home/s214704/JK_bachelor

/var/lib/slurm/slurmd/job54599/slurm_script: line 24: /home/s214704/JK_bachelor/.bashrc: No such file or directory
conv_AE_UNet(
  (encoder): Sequential(
    (0): Conv2d(1, 8, kernel_size=(3, 3), stride=(1, 1), padding=(1, 1))
    (1): ReLU(inplace=True)
    (2): Conv2d(8, 8, kernel_size=(3, 3), stride=(1, 1), padding=(1, 1))
    (3): ReLU(inplace=True)
    (4): MaxPool2d(kernel_size=2, stride=2, padding=0, dilation=1, ceil_mode=False)
    (5): Conv2d(8, 16, kernel_size=(3, 3), stride=(1, 1), padding=(1, 1))
    (6): ReLU(inplace=True)
    (7): Conv2d(16, 16, kernel_size=(3, 3), stride=(1, 1), padding=(1, 1))
    (8): ReLU(inplace=True)
    (9): MaxPool2d(kernel_size=2, stride=2, padding=0, dilation=1, ceil_mode=False)
    (10): Conv2d(16, 32, kernel_size=(3, 3), stride=(1, 1), padding=(1, 1))
    (11): ReLU(inplace=True)
    (12): Conv2d(32, 32, kernel_size=(3, 3), stride=(1, 1), padding=(1, 1))
    (13): ReLU(inplace=True)
    (14): MaxPool2d(kernel_size=2, stride=2, padding=0, dilation=1, ceil_mode=False)
    (15): Conv2d(32, 64, kernel_size=(3, 3), stride=(1, 1), padding=(1, 1))
    (16): ReLU(inplace=True)
    (17): Conv2d(64, 64, kernel_size=(3, 3), stride=(1, 1), padding=(1, 1))
  )
  (decoder): Sequential(
    (0): Conv2d(64, 32, kernel_size=(3, 3), stride=(1, 1), padding=(1, 1))
    (1): ReLU(inplace=True)
    (2): ConvTranspose2d(32, 32, kernel_size=(2, 2), stride=(2, 2))
    (3): Conv2d(32, 32, kernel_size=(3, 3), stride=(1, 1), padding=(1, 1))
    (4): ReLU(inplace=True)
    (5): Conv2d(32, 16, kernel_size=(3, 3), stride=(1, 1), padding=(1, 1))
    (6): ReLU(inplace=True)
    (7): ConvTranspose2d(16, 16, kernel_size=(2, 2), stride=(2, 2))
    (8): Conv2d(16, 16, kernel_size=(3, 3), stride=(1, 1), padding=(1, 1))
    (9): ReLU(inplace=True)
    (10): Conv2d(16, 8, kernel_size=(3, 3), stride=(1, 1), padding=(1, 1))
    (11): ReLU(inplace=True)
    (12): ConvTranspose2d(8, 8, kernel_size=(2, 2), stride=(2, 2))
    (13): Conv2d(8, 8, kernel_size=(3, 3), stride=(1, 1), padding=(1, 1))
    (14): ReLU(inplace=True)
    (15): Conv2d(8, 1, kernel_size=(3, 3), stride=(1, 1), padding=(1, 1))
  )
)

EVALUATION!
Validation loss: 0.2568087577819824
Epoch 1, Average loss: 0.0367325481372453
Model saved

EVALUATION!
Validation loss: 0.0005597302224487066

EVALUATION!
Validation loss: 0.00045257434248924255

EVALUATION!
Validation loss: 0.0006825231248512864

EVALUATION!
Validation loss: 0.00043639258365146816
Epoch 101, Average loss: 0.0003812869849103403
Model saved

EVALUATION!
Validation loss: 0.00044213089859113097

EVALUATION!
Validation loss: 0.0002929025504272431

EVALUATION!
Validation loss: 0.00042254512663930655

EVALUATION!
Validation loss: 0.0002731731510721147
Epoch 201, Average loss: 0.00029087085444449

EVALUATION!
Validation loss: 0.00030594735289923847

EVALUATION!
Validation loss: 0.00025601667584851384
Model saved

EVALUATION!
Validation loss: 0.0002613378455862403

EVALUATION!
Validation loss: 0.00028763076988980174
Epoch 301, Average loss: 0.00023466712145818746

EVALUATION!
Validation loss: 0.00022166797134559602

EVALUATION!
Validation loss: 0.00027332440367899835

EVALUATION!
Validation loss: 0.00031720486003905535

EVALUATION!
Validation loss: 0.00022961368085816503
Epoch 401, Average loss: 0.0002526988739126474

EVALUATION!
Validation loss: 0.00032644227030687034

EVALUATION!
Validation loss: 0.0002306342066731304

EVALUATION!
Validation loss: 0.0003308310988359153
Model saved
Done: 2024-05-31-15:29:54
