Node: comp-gpu13
Start: 2024-05-10-14:01:14
Working dir: /home/s214704/JK_bachelor

/var/lib/slurm/slurmd/job50690/slurm_script: line 24: /home/s214704/JK_bachelor/.bashrc: No such file or directory
conv_AE_UNet(
  (encoder): Sequential(
    (0): Conv2d(1, 8, kernel_size=(3, 3), stride=(1, 1), padding=(1, 1))
    (1): ReLU(inplace=True)
    (2): Conv2d(8, 8, kernel_size=(3, 3), stride=(1, 1), padding=(1, 1))
    (3): ReLU(inplace=True)
    (4): MaxPool2d(kernel_size=2, stride=2, padding=0, dilation=1, ceil_mode=False)
    (5): Conv2d(8, 16, kernel_size=(3, 3), stride=(1, 1), padding=(1, 1))
    (6): ReLU(inplace=True)
    (7): Conv2d(16, 16, kernel_size=(3, 3), stride=(1, 1), padding=(1, 1))
    (8): ReLU(inplace=True)
    (9): MaxPool2d(kernel_size=2, stride=2, padding=0, dilation=1, ceil_mode=False)
    (10): Conv2d(16, 32, kernel_size=(3, 3), stride=(1, 1), padding=(1, 1))
    (11): ReLU(inplace=True)
    (12): Conv2d(32, 32, kernel_size=(3, 3), stride=(1, 1), padding=(1, 1))
    (13): ReLU(inplace=True)
    (14): MaxPool2d(kernel_size=2, stride=2, padding=0, dilation=1, ceil_mode=False)
    (15): Conv2d(32, 64, kernel_size=(3, 3), stride=(1, 1), padding=(1, 1))
    (16): ReLU(inplace=True)
    (17): Conv2d(64, 64, kernel_size=(3, 3), stride=(1, 1), padding=(1, 1))
  )
  (decoder): Sequential(
    (0): Conv2d(64, 32, kernel_size=(3, 3), stride=(1, 1), padding=(1, 1))
    (1): ReLU(inplace=True)
    (2): ConvTranspose2d(32, 32, kernel_size=(2, 2), stride=(2, 2))
    (3): Conv2d(32, 32, kernel_size=(3, 3), stride=(1, 1), padding=(1, 1))
    (4): ReLU(inplace=True)
    (5): Conv2d(32, 16, kernel_size=(3, 3), stride=(1, 1), padding=(1, 1))
    (6): ReLU(inplace=True)
    (7): ConvTranspose2d(16, 16, kernel_size=(2, 2), stride=(2, 2))
    (8): Conv2d(16, 16, kernel_size=(3, 3), stride=(1, 1), padding=(1, 1))
    (9): ReLU(inplace=True)
    (10): Conv2d(16, 8, kernel_size=(3, 3), stride=(1, 1), padding=(1, 1))
    (11): ReLU(inplace=True)
    (12): ConvTranspose2d(8, 8, kernel_size=(2, 2), stride=(2, 2))
    (13): Conv2d(8, 8, kernel_size=(3, 3), stride=(1, 1), padding=(1, 1))
    (14): ReLU(inplace=True)
    (15): Conv2d(8, 1, kernel_size=(3, 3), stride=(1, 1), padding=(1, 1))
  )
)

EVALUATION!
Validation loss: 0.17221155762672424
Epoch 1, Average loss: 0.0596139750815928
Model saved

EVALUATION!
Validation loss: 0.0014188358327373862

EVALUATION!
Validation loss: 0.0008642380125820637

EVALUATION!
Validation loss: 0.000656312215141952

EVALUATION!
Validation loss: 0.0006091336254030466
Epoch 101, Average loss: 0.0005436590933459228
Model saved

EVALUATION!
Validation loss: 0.0004922859370708466

EVALUATION!
Validation loss: 0.0004364884225651622

EVALUATION!
Validation loss: 0.000454582623206079

EVALUATION!
Validation loss: 0.0007060980424284935
Epoch 201, Average loss: 0.0006294504493416752

EVALUATION!
Validation loss: 0.0005719814216718078

EVALUATION!
Validation loss: 0.0005109116900712252
Model saved

EVALUATION!
Validation loss: 0.0007956523913890123

EVALUATION!
Validation loss: 0.0006458092830143869
Epoch 301, Average loss: 0.0006576420885903645

EVALUATION!
Validation loss: 0.0005916866939514875

EVALUATION!
Validation loss: 0.0006400226848199964

EVALUATION!
Validation loss: 0.0006486428901553154

EVALUATION!
Validation loss: 0.0005507183959707618
Epoch 401, Average loss: 0.000505803885316709

EVALUATION!
Validation loss: 0.0006566238589584827

EVALUATION!
Validation loss: 0.0003707482828758657

EVALUATION!
Validation loss: 0.0005399283836595714

EVALUATION!
Validation loss: 0.0003576669842004776
Epoch 501, Average loss: 0.000287871924956562
Model saved

EVALUATION!
Validation loss: 0.00045185870840214193

EVALUATION!
Validation loss: 0.00039716725586913526

EVALUATION!
Validation loss: 0.0004819628084078431

EVALUATION!
Validation loss: 0.0003068491059821099
Epoch 601, Average loss: 0.00022815113308752188

EVALUATION!
Validation loss: 0.0005344526143744588

EVALUATION!
Validation loss: 0.00037971395067870617

EVALUATION!
Validation loss: 0.0005018189549446106

EVALUATION!
Validation loss: 0.0002530445053707808
Epoch 701, Average loss: 0.0003717073412190075

EVALUATION!
Validation loss: 0.00032696290872991085

EVALUATION!
Validation loss: 0.0003359756665304303

EVALUATION!
Validation loss: 0.00028455554274842143

EVALUATION!
Validation loss: 0.000485505152028054
Epoch 801, Average loss: 0.0005608114627830219

EVALUATION!
Validation loss: 0.00029745613574050367

EVALUATION!
Validation loss: 0.0002521793940104544

EVALUATION!
Validation loss: 0.0003258587676100433

EVALUATION!
Validation loss: 0.00043077691225335
Epoch 901, Average loss: 0.00040077345907775454

EVALUATION!
Validation loss: 0.00020753090211655945

EVALUATION!
Validation loss: 0.00044746295316144824

EVALUATION!
Validation loss: 0.00029550865292549133
Model saved
Done: 2024-05-10-14:15:59
