Node: comp-gpu02
Start: 2024-04-11-12:41:53
Working dir: /home/s214704/JK_bachelor

/var/lib/slurm/slurmd/job40850/slurm_script: line 23: /home/s214704/JK_bachelor/.bashrc: No such file or directory
/var/lib/slurm/slurmd/job40850/slurm_script: line 25: bsc-env/bin/activate: No such file or directory
AE2D(
  (encoder): Sequential(
    (0): Linear(in_features=96, out_features=512, bias=True)
    (1): ReLU()
    (2): Linear(in_features=512, out_features=256, bias=True)
    (3): ReLU()
    (4): Linear(in_features=256, out_features=128, bias=True)
  )
  (decoder): Sequential(
    (0): Linear(in_features=128, out_features=256, bias=True)
    (1): ReLU()
    (2): Linear(in_features=256, out_features=512, bias=True)
    (3): ReLU()
    (4): Linear(in_features=512, out_features=96, bias=True)
    (5): Sigmoid()
  )
)
EVALUATION!
Train loss: 1.1998569356923285
Validation loss: 1.344375428188073
EVALUATION!
Train loss: 1.3035126761155345
Validation loss: 1.3747671175122136
EVALUATION!
Train loss: 1.2146085983730648
Validation loss: 1.2236925818786362
EVALUATION!
Train loss: 1.2063503542616076
Validation loss: 1.344963138239202
EVALUATION!
Train loss: 1.2908765780230316
Validation loss: 1.284469562599568
EVALUATION!
Train loss: 1.0325429413100409
Validation loss: 1.0164397537864183
EVALUATION!
Train loss: 0.8453495441121437
Validation loss: 0.8487873089748019
Epoch 1, Average loss: 1.1627473816967857
EVALUATION!
Train loss: 0.6130248501192196
Validation loss: 0.6300108654190044
EVALUATION!
Train loss: 0.47512412973516904
Validation loss: 0.5097969574411401
EVALUATION!
Train loss: 0.42302240948486924
Validation loss: 0.43132148986008156
EVALUATION!
Train loss: 0.48650371308257584
Validation loss: 0.4814631846405321
EVALUATION!
Train loss: 0.4577497069337257
Validation loss: 0.43096126454030675
EVALUATION!
Train loss: 0.4751413423487406
Validation loss: 0.45910338510147153
EVALUATION!
Train loss: 0.4728808410447106
Validation loss: 0.40987115083939135
Epoch 2, Average loss: 0.48889067769071076
EVALUATION!
Train loss: 0.5104685228693489
Validation loss: 0.43094786729384627
EVALUATION!
Train loss: 0.46169001876715365
Validation loss: 0.3897141526333462
EVALUATION!
Train loss: 0.5002924572997998
Validation loss: 0.4431033534689018
EVALUATION!
Train loss: 0.5474986512356501
Validation loss: 0.463898224195753
EVALUATION!
Train loss: 0.4497331041138861
Validation loss: 0.44759309514818024
EVALUATION!
Train loss: 0.3944699037294418
Validation loss: 0.44316916251560057
Epoch 3, Average loss: 0.44610715554881103
EVALUATION!
Train loss: 0.5180197929695141
Validation loss: 0.4466158803295858
EVALUATION!
Train loss: 0.48288328306843614
Validation loss: 0.5154734093837203
EVALUATION!
Train loss: 0.3778243182100493
Validation loss: 0.4853548854259486
EVALUATION!
Train loss: 0.4317304851902596
Validation loss: 0.436089803480791
EVALUATION!
Train loss: 0.36912584511017277
Validation loss: 0.4345793669767547
EVALUATION!
Train loss: 0.4306802019143121
Validation loss: 0.43756591021228813
EVALUATION!
Train loss: 0.4635877209182121
Validation loss: 0.45425541981014594
Epoch 4, Average loss: 0.44388158156144925
EVALUATION!
Train loss: 0.4395511317263778
Validation loss: 0.49725877672471847
EVALUATION!
Train loss: 0.4715791156821695
Validation loss: 0.5060495386388122
EVALUATION!
Train loss: 0.41107058631058047
Validation loss: 0.4274181001766838
EVALUATION!
Train loss: 0.45370513201871043
Validation loss: 0.44841655334368136
EVALUATION!
Train loss: 0.4693704515937057
Validation loss: 0.4703084496330048
EVALUATION!
Train loss: 0.4014082156965393
Validation loss: 0.46690607844232757
Epoch 5, Average loss: 0.4432564095711017
EVALUATION!
Train loss: 0.45922825565930586
Validation loss: 0.5058042818403456
EVALUATION!
Train loss: 0.4767237028237837
Validation loss: 0.4356138101313015
EVALUATION!
Train loss: 0.39328137356485
Validation loss: 0.5094861461995626
EVALUATION!
Train loss: 0.39001120338199713
Validation loss: 0.47624615430248196
EVALUATION!
Train loss: 0.3871346698662578
Validation loss: 0.5471347286001025
EVALUATION!
Train loss: 0.38767870551630945
Validation loss: 0.4359084454718838
EVALUATION!
Train loss: 0.4422262150776257
Validation loss: 0.3921123729963948
Epoch 6, Average loss: 0.44298688999422925
EVALUATION!
Train loss: 0.43608225262850187
Validation loss: 0.4585044048033834
EVALUATION!
Train loss: 0.4027009695609268
Validation loss: 0.45974329760724253
EVALUATION!
Train loss: 0.4491518855377599
Validation loss: 0.4428763676748456
EVALUATION!
Train loss: 0.4321124991830013
Validation loss: 0.453635457783127
EVALUATION!
Train loss: 0.4038380863903478
Validation loss: 0.39953394404878273
EVALUATION!
Train loss: 0.46250092700657586
Validation loss: 0.461351491752595
Epoch 7, Average loss: 0.4428469095201651
EVALUATION!
Train loss: 0.4679524105987179
Validation loss: 0.4238582952922699
EVALUATION!
Train loss: 0.4408472475314573
Validation loss: 0.4116680619119557
EVALUATION!
Train loss: 0.4238203238794472
Validation loss: 0.37445652344252894
EVALUATION!
Train loss: 0.5619021330933347
Validation loss: 0.4204404624667665
EVALUATION!
Train loss: 0.3885429069899443
Validation loss: 0.5029071158884822
EVALUATION!
Train loss: 0.41424166447524335
Validation loss: 0.4755401830853982
EVALUATION!
Train loss: 0.5388112926416985
Validation loss: 0.4798759355940764
Epoch 8, Average loss: 0.4427644249458109
EVALUATION!
Train loss: 0.3864333084027199
Validation loss: 0.44035769545075487
EVALUATION!
Train loss: 0.4791067705646707
Validation loss: 0.45670660265704566
EVALUATION!
Train loss: 0.4965622026374687
Validation loss: 0.39412801500037126
EVALUATION!
Train loss: 0.45456602488156905
Validation loss: 0.42904754280944984
EVALUATION!
Train loss: 0.3935038779210286
Validation loss: 0.4477477688446113
EVALUATION!
Train loss: 0.45643008458079865
Validation loss: 0.3921641992853193
Epoch 9, Average loss: 0.4427109873804597
EVALUATION!
Train loss: 0.48344960997426123
Validation loss: 0.4330540661496639
EVALUATION!
Train loss: 0.5303934261782283
Validation loss: 0.5242049931632877
EVALUATION!
Train loss: 0.43492445888881265
Validation loss: 0.41993669926298666
EVALUATION!
Train loss: 0.46322198839556494
Validation loss: 0.4112215790970974
EVALUATION!
Train loss: 0.43394395705275723
Validation loss: 0.4374073733087188
EVALUATION!
Train loss: 0.46437662797987767
Validation loss: 0.4340775457121516
EVALUATION!
Train loss: 0.454670123562036
Validation loss: 0.41941529430641644
Epoch 10, Average loss: 0.44267743786981933
EVALUATION!
Train loss: 0.4643818034096993
Validation loss: 0.43167060763754384
EVALUATION!
Train loss: 0.44480497051718115
Validation loss: 0.443864615402469
EVALUATION!
Train loss: 0.43384402478835254
Validation loss: 0.37351440906100875
EVALUATION!
Train loss: 0.46971807419793343
Validation loss: 0.4014280572169996
EVALUATION!
Train loss: 0.42852017779873836
Validation loss: 0.4192294849141378
EVALUATION!
Train loss: 0.4136458106530737
Validation loss: 0.5014733161039233
Epoch 11, Average loss: 0.4426496925013878
EVALUATION!
Train loss: 0.42853146078843124
Validation loss: 0.5569652198760529
EVALUATION!
Train loss: 0.46292548964091323
Validation loss: 0.4338081394174315
EVALUATION!
Train loss: 0.5090020201928527
Validation loss: 0.4223414393666053
EVALUATION!
Train loss: 0.38329238391473225
Validation loss: 0.37735833144729225
EVALUATION!
Train loss: 0.44119865681525344
Validation loss: 0.3966171653434296
EVALUATION!
Train loss: 0.41992027011230915
Validation loss: 0.3752766639261246
EVALUATION!
Train loss: 0.40813306262026466
Validation loss: 0.4302859054725938
Epoch 12, Average loss: 0.44263043532506013
EVALUATION!
Train loss: 0.46826049334155606
Validation loss: 0.37378221330837375
EVALUATION!
Train loss: 0.4000798213740381
Validation loss: 0.39394834350640223
EVALUATION!
Train loss: 0.47054657516154264
Validation loss: 0.3804551684904531
EVALUATION!
Train loss: 0.4519931270174459
Validation loss: 0.400984263528795
EVALUATION!
Train loss: 0.40532452898665916
Validation loss: 0.46094143744214894
EVALUATION!
Train loss: 0.4041479020320417
Validation loss: 0.45514380222412393
Epoch 13, Average loss: 0.442614951324939
EVALUATION!
Train loss: 0.4158344346172023
Validation loss: 0.5285327389555723
EVALUATION!
Train loss: 0.4626435917970169
Validation loss: 0.4081276930929004
EVALUATION!
Train loss: 0.4527516879291607
Validation loss: 0.4639372235327216
EVALUATION!
Train loss: 0.4465841646215334
Validation loss: 0.4407917003985536
EVALUATION!
Train loss: 0.42229363973836487
Validation loss: 0.4075699644872839
EVALUATION!
Train loss: 0.4520162134877442
Validation loss: 0.4045336668523539
EVALUATION!
Train loss: 0.5095667772636124
Validation loss: 0.40414344816088155
Epoch 14, Average loss: 0.4426024731496541
EVALUATION!
Train loss: 0.4261024848926856
Validation loss: 0.37641617596805954
EVALUATION!
Train loss: 0.3773844158676317
Validation loss: 0.421688546374724
EVALUATION!
Train loss: 0.46699198328585145
Validation loss: 0.45597972685538724
EVALUATION!
Train loss: 0.5099486177028268
Validation loss: 0.46892649767534345
EVALUATION!
Train loss: 0.47372962454108813
Validation loss: 0.44059142535848056
EVALUATION!
Train loss: 0.38958465173923
Validation loss: 0.37964863499812207
Epoch 15, Average loss: 0.44259380434488216
EVALUATION!
Train loss: 0.3987395120978402
Validation loss: 0.45246957551456857
EVALUATION!
Train loss: 0.4007007724795277
Validation loss: 0.4753990876572615
EVALUATION!
Train loss: 0.44153405541690677
Validation loss: 0.454136216659666
EVALUATION!
Train loss: 0.4317525894643769
Validation loss: 0.5285547421205775
EVALUATION!
Train loss: 0.4120012776576343
Validation loss: 0.4038526837858667
EVALUATION!
Train loss: 0.4362830959854719
Validation loss: 0.42775188659380825
EVALUATION!
Train loss: 0.5101973149991951
Validation loss: 0.4970989171276877
Epoch 16, Average loss: 0.44258794249738637
EVALUATION!
Train loss: 0.38950608068760684
Validation loss: 0.3895134575741486
EVALUATION!
Train loss: 0.5000511644691581
Validation loss: 0.4626371454671041
EVALUATION!
Train loss: 0.4495792041082698
Validation loss: 0.49585968642594336
EVALUATION!
Train loss: 0.4911845937325466
Validation loss: 0.47664014793288445
EVALUATION!
Train loss: 0.46055645452151206
Validation loss: 0.4498029614717072
EVALUATION!
Train loss: 0.47804878691836306
Validation loss: 0.49714658618563157
Epoch 17, Average loss: 0.4425768817141002
EVALUATION!
Train loss: 0.43689978251458383
Validation loss: 0.5334368517814196
EVALUATION!
Train loss: 0.5138726047815554
Validation loss: 0.415675611758387
EVALUATION!
Train loss: 0.4453038333184942
Validation loss: 0.40908776952888043
EVALUATION!
Train loss: 0.4673900578439044
Validation loss: 0.4693254453740535
EVALUATION!
Train loss: 0.49856031427116865
Validation loss: 0.406103291892485
EVALUATION!
Train loss: 0.44060968247670396
Validation loss: 0.4132968332477448
EVALUATION!
Train loss: 0.48660308643264977
Validation loss: 0.4127165618396741
Epoch 18, Average loss: 0.44257281105778035
EVALUATION!
Train loss: 0.4772126607826239
Validation loss: 0.44748282748107704
EVALUATION!
Train loss: 0.4030798015373593
Validation loss: 0.4632737541492859
EVALUATION!
Train loss: 0.4351804993029626
Validation loss: 0.3903188909100345
EVALUATION!
Train loss: 0.402912825495474
Validation loss: 0.44657438473770783
EVALUATION!
Train loss: 0.4553688693489185
Validation loss: 0.42832695397947
EVALUATION!
Train loss: 0.4896678809253583
Validation loss: 0.46443322279256594
Epoch 19, Average loss: 0.4425683590930516
EVALUATION!
Train loss: 0.4266789914215952
Validation loss: 0.474252497303543
EVALUATION!
Train loss: 0.5370098118304588
Validation loss: 0.4941801992636611
EVALUATION!
Train loss: 0.41348413592218447
Validation loss: 0.36627157551000733
EVALUATION!
Train loss: 0.4472008646506733
Validation loss: 0.41854361977311
EVALUATION!
Train loss: 0.4406272666277243
Validation loss: 0.42778606203873626
EVALUATION!
Train loss: 0.4478650331340096
Validation loss: 0.5222742793295632
EVALUATION!
Train loss: 0.3914554194629906
Validation loss: 0.4800237908192037
Epoch 20, Average loss: 0.44256958220150105
EVALUATION!
Train loss: 0.4257478326788154
Validation loss: 0.46189247342214357
EVALUATION!
Train loss: 0.43631002922333584
Validation loss: 0.46143999063030494
EVALUATION!
Train loss: 0.5002487289018502
Validation loss: 0.38537952147008137
EVALUATION!
Train loss: 0.3994373013292714
Validation loss: 0.4584956760226378
EVALUATION!
Train loss: 0.4006562933166601
Validation loss: 0.42887097053053597
EVALUATION!
Train loss: 0.3751842685234338
Validation loss: 0.43237112600777455
Epoch 21, Average loss: 0.4425576905174674
EVALUATION!
Train loss: 0.4561991981838795
Validation loss: 0.4370643926254143
EVALUATION!
Train loss: 0.3800156695489851
Validation loss: 0.47411163424955693
EVALUATION!
Train loss: 0.3898338336773445
Validation loss: 0.44864784673403985
EVALUATION!
Train loss: 0.4735657081477764
Validation loss: 0.41314360889784574
EVALUATION!
Train loss: 0.47123910440622563
Validation loss: 0.3990714097589533
EVALUATION!
Train loss: 0.4108029180393548
Validation loss: 0.3981128805811195
EVALUATION!
Train loss: 0.4388961280093458
Validation loss: 0.47624461626733056
Epoch 22, Average loss: 0.4425613939543849
EVALUATION!
Train loss: 0.40783093883089394
Validation loss: 0.5087403862765144
EVALUATION!
Train loss: 0.3946344985139441
Validation loss: 0.46411260880069716
EVALUATION!
Train loss: 0.4011878458105266
Validation loss: 0.39772525940410774
EVALUATION!
Train loss: 0.5255293175583021
Validation loss: 0.4278656297236184
EVALUATION!
Train loss: 0.38674672612635497
Validation loss: 0.42743247187921246
EVALUATION!
Train loss: 0.5490967772830407
Validation loss: 0.48943517836239936
Epoch 23, Average loss: 0.442557977370046
EVALUATION!
Train loss: 0.38953711053306217
Validation loss: 0.4012079393745278
EVALUATION!
Train loss: 0.47467763723382894
Validation loss: 0.396105419024466
EVALUATION!
Train loss: 0.4298886444572901
Validation loss: 0.4680549013278477
EVALUATION!
Train loss: 0.3920552544385162
Validation loss: 0.45685592286320525
EVALUATION!
Train loss: 0.4756901973445811
Validation loss: 0.42718575117270613
EVALUATION!
Train loss: 0.4117403639038514
Validation loss: 0.4785346705650923
EVALUATION!
Train loss: 0.47703047114402874
Validation loss: 0.5281657844996241
Epoch 24, Average loss: 0.44255779262386713
EVALUATION!
Train loss: 0.4345836571614308
Validation loss: 0.42489558922516685
EVALUATION!
Train loss: 0.4981409543406813
Validation loss: 0.4645632267372548
EVALUATION!
Train loss: 0.48721028323893567
Validation loss: 0.42619708560668784
EVALUATION!
Train loss: 0.5403405343021682
Validation loss: 0.40574093433682307
EVALUATION!
Train loss: 0.4664390202146397
Validation loss: 0.46289825261306133
EVALUATION!
Train loss: 0.3767230060487387
Validation loss: 0.4947923270443165
Epoch 25, Average loss: 0.4425501568068487
EVALUATION!
Train loss: 0.4236135856159982
Validation loss: 0.45915554639591816
EVALUATION!
Train loss: 0.47111053591776597
Validation loss: 0.5285100132616831
EVALUATION!
Train loss: 0.45421779179958177
Validation loss: 0.4112420621347123
EVALUATION!
Train loss: 0.3963267104412814
Validation loss: 0.525736146696079
EVALUATION!
Train loss: 0.4091741249109436
Validation loss: 0.4470792616722167
EVALUATION!
Train loss: 0.4833312474577558
Validation loss: 0.3998833753969424
EVALUATION!
Train loss: 0.4683056766071646
Validation loss: 0.43642525638004076
Epoch 26, Average loss: 0.4425513678463472
EVALUATION!
Train loss: 0.4168766442764655
Validation loss: 0.5191803997948169
EVALUATION!
Train loss: 0.43874786504889973
Validation loss: 0.5142071965973769
EVALUATION!
Train loss: 0.5018274658327726
Validation loss: 0.4532425778121654
EVALUATION!
Train loss: 0.4133345181860874
Validation loss: 0.5075206098763922
EVALUATION!
Train loss: 0.39906728343354636
Validation loss: 0.44827530178710334
EVALUATION!
Train loss: 0.3519805075137489
Validation loss: 0.438432455255165
EVALUATION!
Train loss: 0.5000277278913955
Validation loss: 0.4424173540317048
Epoch 27, Average loss: 0.4425598131306073
EVALUATION!
Train loss: 0.41198925969381756
Validation loss: 0.395385774910325
EVALUATION!
Train loss: 0.3872393589599895
Validation loss: 0.49713509464694566
EVALUATION!
Train loss: 0.48055161442447253
Validation loss: 0.4795565249220535
EVALUATION!
Train loss: 0.5035962812091294
Validation loss: 0.4059865455606711
EVALUATION!
Train loss: 0.36360096871405706
Validation loss: 0.43386152718490284
EVALUATION!
Train loss: 0.4331411075426604
Validation loss: 0.36240119097933204
Epoch 28, Average loss: 0.4425487608005628
EVALUATION!
Train loss: 0.39794260708513496
Validation loss: 0.4314236141509654
EVALUATION!
Train loss: 0.4364675028769375
Validation loss: 0.4007576847441685
EVALUATION!
Train loss: 0.4027504519761254
Validation loss: 0.4926798955491048
EVALUATION!
Train loss: 0.39315486184711956
Validation loss: 0.4367860807956375
EVALUATION!
Train loss: 0.4477693539491104
Validation loss: 0.4485636755365382
EVALUATION!
Train loss: 0.4535231959317102
Validation loss: 0.4437976561797291
EVALUATION!
Train loss: 0.40111590855692913
Validation loss: 0.44910671100950506
Epoch 29, Average loss: 0.44255241408847656
EVALUATION!
Train loss: 0.49370353437289605
Validation loss: 0.46300965963716456
EVALUATION!
Train loss: 0.4267219531010092
Validation loss: 0.3931590688985934
EVALUATION!
Train loss: 0.42248826197806777
Validation loss: 0.522566184870275
EVALUATION!
Train loss: 0.4464524014586434
Validation loss: 0.3931094966812777
EVALUATION!
Train loss: 0.4440412989673799
Validation loss: 0.4160506405653641
EVALUATION!
Train loss: 0.42297782960633123
Validation loss: 0.40023850149543244
Epoch 30, Average loss: 0.44255273130117
EVALUATION!
Train loss: 0.38665244425301915
Validation loss: 0.435886051385336
EVALUATION!
Train loss: 0.46926551746840134
Validation loss: 0.4501126315603584
EVALUATION!
Train loss: 0.4340475451480336
Validation loss: 0.5097360748697055
EVALUATION!
Train loss: 0.4166905023821461
Validation loss: 0.381142435942793
EVALUATION!
Train loss: 0.4289815163949394
Validation loss: 0.5659852649726622
EVALUATION!
Train loss: 0.4874015717929413
Validation loss: 0.4068326092619087
EVALUATION!
Train loss: 0.4726049283742089
Validation loss: 0.4913412436695883
Epoch 31, Average loss: 0.44254784333219965
EVALUATION!
Train loss: 0.4016541941519021
Validation loss: 0.5292307521544941
EVALUATION!
Train loss: 0.45678209202435893
Validation loss: 0.46163672544193907
EVALUATION!
Train loss: 0.43067397266313756
Validation loss: 0.42778385303381805
EVALUATION!
Train loss: 0.5255873569347992
Validation loss: 0.4241935751738729
EVALUATION!
Train loss: 0.4170570074506933
Validation loss: 0.3933417710950122
EVALUATION!
Train loss: 0.5113861331847243
Validation loss: 0.3683966566248311
Epoch 32, Average loss: 0.44255364201104314
EVALUATION!
Train loss: 0.4134185208545594
Validation loss: 0.4697012922309482
EVALUATION!
Train loss: 0.39691643105299523
Validation loss: 0.4718596474954328
EVALUATION!
Train loss: 0.3664582750558977
Validation loss: 0.38540329713163923
EVALUATION!
Train loss: 0.42846197263859737
Validation loss: 0.45007530640162996
EVALUATION!
Train loss: 0.46441059699868975
Validation loss: 0.4103217377326135
EVALUATION!
Train loss: 0.461170230356483
Validation loss: 0.48584228140772295
EVALUATION!
Train loss: 0.4514641972525255
Validation loss: 0.45414265273404997
Epoch 33, Average loss: 0.4425487221352703
EVALUATION!
Train loss: 0.4412954065792348
Validation loss: 0.37580449977173513
EVALUATION!
Train loss: 0.35919499446036873
Validation loss: 0.43950741990870484
EVALUATION!
Train loss: 0.3985823907329871
Validation loss: 0.40530408916117766
EVALUATION!
Train loss: 0.41352157208142676
Validation loss: 0.4915380585057766
EVALUATION!
Train loss: 0.4266233844016553
Validation loss: 0.42537139163755383
EVALUATION!
Train loss: 0.41658601652433136
Validation loss: 0.4274118125759888
Epoch 34, Average loss: 0.442553034955111
EVALUATION!
Train loss: 0.4409257617807782
Validation loss: 0.44892501976359267
EVALUATION!
Train loss: 0.3878822344315508
Validation loss: 0.415015205586527
EVALUATION!
Train loss: 0.5150950735190011
Validation loss: 0.44374852451801106
EVALUATION!
Train loss: 0.541161696637344
Validation loss: 0.4712772443624179
EVALUATION!
Train loss: 0.42795505460484173
Validation loss: 0.43404239739022554
EVALUATION!
Train loss: 0.45480786547367585
Validation loss: 0.428898173496777
EVALUATION!
Train loss: 0.4788083584253777
Validation loss: 0.449429827136564
Epoch 35, Average loss: 0.4425494605727239
EVALUATION!
Train loss: 0.4049787919636154
Validation loss: 0.37851534263772824
EVALUATION!
Train loss: 0.4016216992527112
Validation loss: 0.46214949123266624
EVALUATION!
Train loss: 0.44578120785778397
Validation loss: 0.4497468574433208
EVALUATION!
Train loss: 0.3894855786245218
Validation loss: 0.4124800393043097
EVALUATION!
Train loss: 0.5379361489769485
Validation loss: 0.3719519820592829
EVALUATION!
Train loss: 0.5114391914917045
Validation loss: 0.47844410520522695
Epoch 36, Average loss: 0.4425508175933603
EVALUATION!
Train loss: 0.47504654946157804
Validation loss: 0.4399797654816616
EVALUATION!
Train loss: 0.4895626632648257
Validation loss: 0.45986725877184015
EVALUATION!
Train loss: 0.44483666508334263
Validation loss: 0.42059381372877036
EVALUATION!
Train loss: 0.5657503611371855
Validation loss: 0.3825455730943435
EVALUATION!
Train loss: 0.4054384655199536
Validation loss: 0.4562168989987298
EVALUATION!
Train loss: 0.4170203186012046
Validation loss: 0.42932095571396267
EVALUATION!
Train loss: 0.41291751054017906
Validation loss: 0.4039004023309687
Epoch 37, Average loss: 0.4425502711294099
EVALUATION!
Train loss: 0.4174561650242656
Validation loss: 0.4621956345793353
EVALUATION!
Train loss: 0.43533621892891483
Validation loss: 0.4316545141874558
EVALUATION!
Train loss: 0.3776943182931937
Validation loss: 0.45368380945020725
EVALUATION!
Train loss: 0.458415299374467
Validation loss: 0.5067554809860128
EVALUATION!
Train loss: 0.4531850709830832
Validation loss: 0.36499990808360094
EVALUATION!
Train loss: 0.4526854525791399
Validation loss: 0.5296283652789925
Epoch 38, Average loss: 0.4425484559418995
EVALUATION!
Train loss: 0.46297864107991293
Validation loss: 0.3993729725190629
EVALUATION!
Train loss: 0.4212938347201221
Validation loss: 0.4656524912063228
EVALUATION!
Train loss: 0.568602311538809
Validation loss: 0.4505340208077035
EVALUATION!
Train loss: 0.4630007023786334
Validation loss: 0.38422624947162737
EVALUATION!
Train loss: 0.4779141152577589
Validation loss: 0.41254652408466264
EVALUATION!
Train loss: 0.44622090910614765
Validation loss: 0.4311016351273199
EVALUATION!
Train loss: 0.4698667119709512
Validation loss: 0.4458987212758051
Epoch 39, Average loss: 0.4425450736998075
EVALUATION!
Train loss: 0.44298367636017294
Validation loss: 0.42372426318645495
EVALUATION!
Train loss: 0.507198090670542
Validation loss: 0.4360878137767946
EVALUATION!
Train loss: 0.5667356503744168
Validation loss: 0.42428510630027516
EVALUATION!
Train loss: 0.38928221448765743
Validation loss: 0.42975693443877405
EVALUATION!
Train loss: 0.5400697878167773
Validation loss: 0.40296642899898716
EVALUATION!
Train loss: 0.4894143196198148
Validation loss: 0.4376594156346824
Epoch 40, Average loss: 0.44255300690292015
EVALUATION!
Train loss: 0.5046907694283359
Validation loss: 0.39881124490004105
EVALUATION!
Train loss: 0.45173775157213464
Validation loss: 0.42628204037461115
EVALUATION!
Train loss: 0.3947691431376978
Validation loss: 0.4199394667027555
EVALUATION!
Train loss: 0.45725091983513744
Validation loss: 0.41383783295252846
EVALUATION!
Train loss: 0.4930131335258288
Validation loss: 0.4635769057566578
EVALUATION!
Train loss: 0.5031920727732591
Validation loss: 0.44626273799360067
EVALUATION!
Train loss: 0.5499769559914911
Validation loss: 0.4809844209600664
Epoch 41, Average loss: 0.4425467586956307
EVALUATION!
Train loss: 0.5202735072803767
Validation loss: 0.5241912265906615
EVALUATION!
Train loss: 0.4035442161682795
Validation loss: 0.48451295046781323
EVALUATION!
Train loss: 0.5178949106777905
Validation loss: 0.4827010984186747
EVALUATION!
Train loss: 0.4513930992638061
Validation loss: 0.4870322545972153
EVALUATION!
Train loss: 0.44485660974272506
Validation loss: 0.4495477954326573
EVALUATION!
Train loss: 0.4103547431862641
Validation loss: 0.3984032184268879
Epoch 42, Average loss: 0.44254737529493976
EVALUATION!
Train loss: 0.36894169696241425
Validation loss: 0.45655662640575495
EVALUATION!
Train loss: 0.4792314374300556
Validation loss: 0.43789587210401304
EVALUATION!
Train loss: 0.3951119455800335
Validation loss: 0.395129682034853
EVALUATION!
Train loss: 0.41029033311510144
Validation loss: 0.4649573526215203
EVALUATION!
Train loss: 0.3818690260109514
Validation loss: 0.4350550913731711
EVALUATION!
Train loss: 0.4712729337864004
Validation loss: 0.44906937886171877
EVALUATION!
Train loss: 0.3784727149726207
Validation loss: 0.3922792006615519
Epoch 43, Average loss: 0.44254816486231585
EVALUATION!
Train loss: 0.38508612309951734
Validation loss: 0.445163973962792
EVALUATION!
Train loss: 0.4448787276935329
Validation loss: 0.4520168187530123
EVALUATION!
Train loss: 0.43339571719821574
Validation loss: 0.44320494383760317
EVALUATION!
Train loss: 0.3696284043295894
Validation loss: 0.48828046959543076
EVALUATION!
Train loss: 0.4300944549029898
Validation loss: 0.4914291419219171
EVALUATION!
Train loss: 0.43133031808948424
Validation loss: 0.4530024058593062
Epoch 44, Average loss: 0.44254545103900705
EVALUATION!
Train loss: 0.5361376305831468
Validation loss: 0.4076319074268757
EVALUATION!
Train loss: 0.4912048489209785
Validation loss: 0.37279221451481137
EVALUATION!
Train loss: 0.43116663127429755
Validation loss: 0.4208145592764209
EVALUATION!
Train loss: 0.481661301938537
Validation loss: 0.47251247853539907
EVALUATION!
Train loss: 0.4766300392133175
Validation loss: 0.4414819363586826
EVALUATION!
Train loss: 0.472394317258004
Validation loss: 0.45352290555552077
EVALUATION!
Train loss: 0.45010277350955175
Validation loss: 0.5329272909138377
Epoch 45, Average loss: 0.4425442774285613
EVALUATION!
Train loss: 0.506034228710635
Validation loss: 0.39754411864699063
EVALUATION!
Train loss: 0.3952833776681741
Validation loss: 0.4480997365620654
EVALUATION!
Train loss: 0.4127929628129846
Validation loss: 0.5173142945360079
EVALUATION!
Train loss: 0.4000116146543514
Validation loss: 0.4861224679978154
EVALUATION!
Train loss: 0.41960217969063607
Validation loss: 0.5112041341750752
EVALUATION!
Train loss: 0.6008482724689806
Validation loss: 0.48208717202366724
Epoch 46, Average loss: 0.4425483380527515
EVALUATION!
Train loss: 0.4985679876157031
Validation loss: 0.4999343419700071
EVALUATION!
Train loss: 0.4495455883002396
Validation loss: 0.485936512528874
EVALUATION!
Train loss: 0.4010375787706188
Validation loss: 0.4771711107052722
EVALUATION!
Train loss: 0.45821069795410596
Validation loss: 0.38653668253759704
EVALUATION!
Train loss: 0.4534777984675138
Validation loss: 0.5128778152613483
EVALUATION!
Train loss: 0.45134394135360834
Validation loss: 0.46562372772064453
EVALUATION!
Train loss: 0.46781469510643187
Validation loss: 0.4896710633063345
Epoch 47, Average loss: 0.44254554834886833
EVALUATION!
Train loss: 0.4299260040498211
Validation loss: 0.39002495856015
EVALUATION!
Train loss: 0.4215156814144807
Validation loss: 0.4433011882836541
EVALUATION!
Train loss: 0.3576242633050768
Validation loss: 0.48769692074954996
EVALUATION!
Train loss: 0.39027551906552876
Validation loss: 0.4469244616561944
EVALUATION!
Train loss: 0.45678355037980917
Validation loss: 0.4635687385263002
EVALUATION!
Train loss: 0.5248320034353217
Validation loss: 0.42934382112880387
Epoch 48, Average loss: 0.4425404737427026
EVALUATION!
Train loss: 0.4411060592525594
Validation loss: 0.3769757235666626
EVALUATION!
Train loss: 0.4856171401603418
Validation loss: 0.47343683939912945
EVALUATION!
Train loss: 0.45667380486135967
Validation loss: 0.40325369856858806
EVALUATION!
Train loss: 0.381069848088893
Validation loss: 0.47468433537446997
EVALUATION!
Train loss: 0.47669518646896425
Validation loss: 0.3944389194675223
EVALUATION!
Train loss: 0.5193240538472075
Validation loss: 0.39926769286891217
EVALUATION!
Train loss: 0.39437636846978974
Validation loss: 0.3803310247465606
Epoch 49, Average loss: 0.44254605566524535
EVALUATION!
Train loss: 0.4705510520745807
Validation loss: 0.47349062649252466
EVALUATION!
Train loss: 0.4471272244413379
Validation loss: 0.42102539860555915
EVALUATION!
Train loss: 0.4368694919499349
Validation loss: 0.42143780516338836
EVALUATION!
Train loss: 0.45523273895409855
Validation loss: 0.3638733733383467
EVALUATION!
Train loss: 0.49848635406448427
Validation loss: 0.439035325227501
EVALUATION!
Train loss: 0.45634426912498327
Validation loss: 0.44932543097947847
Epoch 50, Average loss: 0.44254693445820675
Done: 2024-04-11-13:15:16
