Node: comp-gpu02
Start: 2024-05-03-10:09:42
Working dir: /home/s214704/JK_bachelor

/var/lib/slurm/slurmd/job49805/slurm_script: line 24: /home/s214704/JK_bachelor/.bashrc: No such file or directory
Script started
conv_AE_UNet(
  (encoder): Sequential(
    (0): Conv2d(1, 16, kernel_size=(3, 3), stride=(1, 1), padding=(1, 1))
    (1): ReLU(inplace=True)
    (2): Conv2d(16, 16, kernel_size=(3, 3), stride=(1, 1), padding=(1, 1))
    (3): ReLU(inplace=True)
    (4): MaxPool2d(kernel_size=2, stride=2, padding=0, dilation=1, ceil_mode=False)
    (5): Conv2d(16, 32, kernel_size=(3, 3), stride=(1, 1), padding=(1, 1))
    (6): ReLU(inplace=True)
    (7): Conv2d(32, 32, kernel_size=(3, 3), stride=(1, 1), padding=(1, 1))
    (8): ReLU(inplace=True)
    (9): MaxPool2d(kernel_size=2, stride=2, padding=0, dilation=1, ceil_mode=False)
    (10): Conv2d(32, 64, kernel_size=(3, 3), stride=(1, 1), padding=(1, 1))
    (11): ReLU(inplace=True)
    (12): Conv2d(64, 64, kernel_size=(3, 3), stride=(1, 1), padding=(1, 1))
    (13): ReLU(inplace=True)
    (14): MaxPool2d(kernel_size=2, stride=2, padding=0, dilation=1, ceil_mode=False)
    (15): Conv2d(64, 128, kernel_size=(3, 3), stride=(1, 1), padding=(1, 1))
    (16): ReLU(inplace=True)
    (17): Conv2d(128, 128, kernel_size=(3, 3), stride=(1, 1), padding=(1, 1))
  )
  (decoder): Sequential(
    (0): Conv2d(128, 64, kernel_size=(3, 3), stride=(1, 1), padding=(1, 1))
    (1): ReLU(inplace=True)
    (2): ConvTranspose2d(64, 64, kernel_size=(2, 2), stride=(2, 2))
    (3): Conv2d(64, 64, kernel_size=(3, 3), stride=(1, 1), padding=(1, 1))
    (4): ReLU(inplace=True)
    (5): Conv2d(64, 32, kernel_size=(3, 3), stride=(1, 1), padding=(1, 1))
    (6): ReLU(inplace=True)
    (7): ConvTranspose2d(32, 32, kernel_size=(2, 2), stride=(2, 2))
    (8): Conv2d(32, 32, kernel_size=(3, 3), stride=(1, 1), padding=(1, 1))
    (9): ReLU(inplace=True)
    (10): Conv2d(32, 16, kernel_size=(3, 3), stride=(1, 1), padding=(1, 1))
    (11): ReLU(inplace=True)
    (12): ConvTranspose2d(16, 16, kernel_size=(2, 2), stride=(2, 2))
    (13): Conv2d(16, 16, kernel_size=(3, 3), stride=(1, 1), padding=(1, 1))
    (14): ReLU(inplace=True)
    (15): Conv2d(16, 1, kernel_size=(3, 3), stride=(1, 1), padding=(1, 1))
  )
)

EVALUATION!
Validation loss: 0.2633421719074249
Epoch 1, Average loss: 0.0791965776290267
Model saved

EVALUATION!
Validation loss: 0.0016434215940535069

EVALUATION!
Validation loss: 0.0020378667395561934

EVALUATION!
Validation loss: 0.002880714600905776
Epoch 101, Average loss: 0.0008688968791363713

EVALUATION!
Validation loss: 0.0012961406027898192

EVALUATION!
Validation loss: 0.0028021614998579025

EVALUATION!
Validation loss: 0.0006263565155677497

EVALUATION!
Validation loss: 0.0012219743803143501
Epoch 201, Average loss: 0.0021901968388985363

EVALUATION!
Validation loss: 0.0006384809967130423

EVALUATION!
Validation loss: 0.00112402334343642

EVALUATION!
Validation loss: 0.0011600430589169264

EVALUATION!
Validation loss: 0.0005820891237817705
Epoch 301, Average loss: 0.001891792898114102

EVALUATION!
Validation loss: 0.001534485025331378

EVALUATION!
Validation loss: 0.0012613818980753422

EVALUATION!
Validation loss: 0.0012597261229529977

EVALUATION!
Validation loss: 0.001793507719412446
Epoch 401, Average loss: 0.0005642649134059843

EVALUATION!
Validation loss: 0.0004689604975283146

EVALUATION!
Validation loss: 0.0017730569234117866

EVALUATION!
Validation loss: 0.0009485450573265553

EVALUATION!
Validation loss: 0.00048824952682480216
Epoch 501, Average loss: 0.0016036118464305615

EVALUATION!
Validation loss: 0.0006148742977529764

EVALUATION!
Validation loss: 0.0011006789281964302

EVALUATION!
Validation loss: 0.0011927175801247358

EVALUATION!
Validation loss: 0.0004966106498613954
Epoch 601, Average loss: 0.0009150891602099037

EVALUATION!
Validation loss: 0.0010929894633591175

EVALUATION!
Validation loss: 0.0006834864616394043

EVALUATION!
Validation loss: 0.0006139391334727407

EVALUATION!
Validation loss: 0.0009046451887115836
Epoch 701, Average loss: 0.0008531737384589341

EVALUATION!
Validation loss: 0.0010203812271356583

EVALUATION!
Validation loss: 0.0005903530400246382

EVALUATION!
Validation loss: 0.0007549297879450023

EVALUATION!
Validation loss: 0.0009447132470086217
Epoch 801, Average loss: 0.0006788809185262579

EVALUATION!
Validation loss: 0.0009631640277802944

EVALUATION!
Validation loss: 0.000515924533829093

EVALUATION!
Validation loss: 0.0005582773592323065

EVALUATION!
Validation loss: 0.0011245021596550941
Epoch 901, Average loss: 0.0011775234776835602

EVALUATION!
Validation loss: 0.0008104084990918636

EVALUATION!
Validation loss: 0.0003507885558065027

EVALUATION!
Validation loss: 0.0003642754163593054

EVALUATION!
Validation loss: 0.0012067384086549282
Epoch 1001, Average loss: 0.0020498498775757467

EVALUATION!
Validation loss: 0.000336942495778203

EVALUATION!
Validation loss: 0.00038747163489460945

EVALUATION!
Validation loss: 0.0006548414239659905
Epoch 1101, Average loss: 0.0005773903916960057

EVALUATION!
Validation loss: 0.0010157908545807004

EVALUATION!
Validation loss: 0.00034173866151832044

EVALUATION!
Validation loss: 0.0003179785853717476

EVALUATION!
Validation loss: 0.0010858800960704684
Epoch 1201, Average loss: 0.0007113263649770465

EVALUATION!
Validation loss: 0.0006076101562939584

EVALUATION!
Validation loss: 0.0003644247481133789

EVALUATION!
Validation loss: 0.0008030931348912418

EVALUATION!
Validation loss: 0.0004978447686880827
Epoch 1301, Average loss: 0.0007081865780771925

EVALUATION!
Validation loss: 0.0008360135252587497

EVALUATION!
Validation loss: 0.0006283856928348541

EVALUATION!
Validation loss: 0.0008775367168709636

EVALUATION!
Validation loss: 0.0006510596722364426
Epoch 1401, Average loss: 0.0004608018442433184

EVALUATION!
Validation loss: 0.0004281014553271234

EVALUATION!
Validation loss: 0.0011671482352539897

EVALUATION!
Validation loss: 0.0003880660515278578

EVALUATION!
Validation loss: 0.0008408119319938123
Epoch 1501, Average loss: 0.0008446306933481724

EVALUATION!
Validation loss: 0.00041223783046007156

EVALUATION!
Validation loss: 0.00026359414914622903

EVALUATION!
Validation loss: 0.0004548272117972374

EVALUATION!
Validation loss: 0.0004213486099615693
Epoch 1601, Average loss: 0.0008076174641386247

EVALUATION!
Validation loss: 0.000571320066228509

EVALUATION!
Validation loss: 0.0002863089321181178

EVALUATION!
Validation loss: 0.0004738726420328021

EVALUATION!
Validation loss: 0.0006860981229692698
Epoch 1701, Average loss: 0.0008893496489737374

EVALUATION!
Validation loss: 0.0002925929147750139

EVALUATION!
Validation loss: 0.0002207183715654537

EVALUATION!
Validation loss: 0.00026790311676450074

EVALUATION!
Validation loss: 0.0005222985055297613
Epoch 1801, Average loss: 0.0004576535034291924

EVALUATION!
Validation loss: 0.00035875578760169446

EVALUATION!
Validation loss: 0.0005766196409240365

EVALUATION!
Validation loss: 0.0003648810088634491

EVALUATION!
Validation loss: 0.0003034145920537412
Epoch 1901, Average loss: 0.00034842264050474536

EVALUATION!
Validation loss: 0.00036616495344787836

EVALUATION!
Validation loss: 0.00039023294812068343

EVALUATION!
Validation loss: 0.0003069409867748618

EVALUATION!
Validation loss: 0.0004149458254687488
Epoch 2001, Average loss: 0.0005530798531626948

EVALUATION!
Validation loss: 0.0009514292469248176

EVALUATION!
Validation loss: 0.0007579263183288276

EVALUATION!
Validation loss: 0.0007832522387616336
Epoch 2101, Average loss: 0.00046670556110210525

EVALUATION!
Validation loss: 0.0007310729706659913

EVALUATION!
Validation loss: 0.00044563569827005267

EVALUATION!
Validation loss: 0.0003215130418539047

EVALUATION!
Validation loss: 0.0008188757346943021
Epoch 2201, Average loss: 0.0005969606751862627

EVALUATION!
Validation loss: 0.00043889100197702646

EVALUATION!
Validation loss: 0.0006365730077959597

EVALUATION!
Validation loss: 0.0002505298180039972

EVALUATION!
Validation loss: 0.00040957395685836673
Epoch 2301, Average loss: 0.0004946103391165917

EVALUATION!
Validation loss: 0.0005300629418343306

EVALUATION!
Validation loss: 0.000426288228482008

EVALUATION!
Validation loss: 0.0003909394145011902

EVALUATION!
Validation loss: 0.0006815126980654895
Epoch 2401, Average loss: 0.00041866371294674586

EVALUATION!
Validation loss: 0.00037946770316921175

EVALUATION!
Validation loss: 0.000511463382281363

EVALUATION!
Validation loss: 0.00043588498374447227

EVALUATION!
Validation loss: 0.00046738580567762256
Epoch 2501, Average loss: 0.0004713148888325892

EVALUATION!
Validation loss: 0.0004979684017598629

EVALUATION!
Validation loss: 0.0003817453980445862

EVALUATION!
Validation loss: 0.00030201859772205353

EVALUATION!
Validation loss: 0.0005959159461781383
Epoch 2601, Average loss: 0.0008096417609172371

EVALUATION!
Validation loss: 0.0005994780221953988

EVALUATION!
Validation loss: 0.00031762479920871556

EVALUATION!
Validation loss: 0.0003077478031627834

EVALUATION!
Validation loss: 0.0003489702648948878
Epoch 2701, Average loss: 0.0003587374421141039

EVALUATION!
Validation loss: 0.00042950036004185677

EVALUATION!
Validation loss: 0.00016159287770278752

EVALUATION!
Validation loss: 0.0006869364879094064

EVALUATION!
Validation loss: 0.00035848174593411386
Epoch 2801, Average loss: 0.00028569703639592405

EVALUATION!
Validation loss: 0.0003031314699910581

EVALUATION!
Validation loss: 0.0005534754600375891

EVALUATION!
Validation loss: 0.0003802168066613376

EVALUATION!
Validation loss: 0.0008403252577409148
Epoch 2901, Average loss: 0.0007591869074624414

EVALUATION!
Validation loss: 0.0004435711307451129

EVALUATION!
Validation loss: 0.0003152008284814656

EVALUATION!
Validation loss: 0.000379965640604496

EVALUATION!
Validation loss: 0.0005087484605610371
Epoch 3001, Average loss: 0.0005667304921632585

EVALUATION!
Validation loss: 0.00029449129942804575

EVALUATION!
Validation loss: 0.0004241635324433446

EVALUATION!
Validation loss: 0.0004775909474119544
Epoch 3101, Average loss: 0.000571331948800108

EVALUATION!
Validation loss: 0.00043490188545547426

EVALUATION!
Validation loss: 0.00011839906073873863

EVALUATION!
Validation loss: 0.00017993873916566372

EVALUATION!
Validation loss: 0.0005619873991236091
Epoch 3201, Average loss: 0.00018997857729958085

EVALUATION!
Validation loss: 0.0003219733771402389

EVALUATION!
Validation loss: 0.00033685960806906223

EVALUATION!
Validation loss: 0.000562605622690171

EVALUATION!
Validation loss: 0.00017916341312229633
Epoch 3301, Average loss: 0.00037633233818595705

EVALUATION!
Validation loss: 0.0004475607711356133

EVALUATION!
Validation loss: 0.0006000446737743914

EVALUATION!
Validation loss: 0.0007261312566697598

EVALUATION!
Validation loss: 0.0005626701167784631
Epoch 3401, Average loss: 0.00047963814144261565

EVALUATION!
Validation loss: 0.000376775162294507

EVALUATION!
Validation loss: 0.0007411366677843034

EVALUATION!
Validation loss: 0.00026343073113821447

EVALUATION!
Validation loss: 0.00026322819758206606
Epoch 3501, Average loss: 0.0005928433167401892

EVALUATION!
Validation loss: 0.0004889144329354167

EVALUATION!
Validation loss: 0.00017062181723304093

EVALUATION!
Validation loss: 0.00031240747193805873

EVALUATION!
Validation loss: 0.0006837890250608325
Epoch 3601, Average loss: 0.0004785982052383658

EVALUATION!
Validation loss: 0.00044632935896515846

EVALUATION!
Validation loss: 0.00028188020223751664

EVALUATION!
Validation loss: 0.0003251751768402755

EVALUATION!
Validation loss: 0.00044488123967312276
Epoch 3701, Average loss: 0.0004696272677765825

EVALUATION!
Validation loss: 0.0005368151469156146

EVALUATION!
Validation loss: 0.00017790813581086695

EVALUATION!
Validation loss: 0.00020955182844772935

EVALUATION!
Validation loss: 0.0005803003441542387
Epoch 3801, Average loss: 0.00038831009684751433

EVALUATION!
Validation loss: 0.00013812020188197494

EVALUATION!
Validation loss: 0.0003234658797737211

EVALUATION!
Validation loss: 0.00020258966833353043

EVALUATION!
Validation loss: 0.0004284947062842548
Epoch 3901, Average loss: 0.0005069040784385437

EVALUATION!
Validation loss: 0.0009162809001281857

EVALUATION!
Validation loss: 0.00037464077468030155

EVALUATION!
Validation loss: 0.0002376390912104398
Model saved
Done: 2024-05-03-11:55:18
