Node: comp-gpu02
Start: 2024-05-07-14:24:30
Working dir: /home/s214704/JK_bachelor

/var/lib/slurm/slurmd/job50235/slurm_script: line 24: /home/s214704/JK_bachelor/.bashrc: No such file or directory
Script started
conv_AE_UNet(
  (encoder): Sequential(
    (0): Conv2d(1, 32, kernel_size=(3, 3), stride=(1, 1), padding=(1, 1))
    (1): ReLU(inplace=True)
    (2): Conv2d(32, 32, kernel_size=(3, 3), stride=(1, 1), padding=(1, 1))
    (3): ReLU(inplace=True)
    (4): MaxPool2d(kernel_size=2, stride=2, padding=0, dilation=1, ceil_mode=False)
    (5): Conv2d(32, 64, kernel_size=(3, 3), stride=(1, 1), padding=(1, 1))
    (6): ReLU(inplace=True)
    (7): Conv2d(64, 64, kernel_size=(3, 3), stride=(1, 1), padding=(1, 1))
    (8): ReLU(inplace=True)
    (9): MaxPool2d(kernel_size=2, stride=2, padding=0, dilation=1, ceil_mode=False)
    (10): Conv2d(64, 128, kernel_size=(3, 3), stride=(1, 1), padding=(1, 1))
    (11): ReLU(inplace=True)
    (12): Conv2d(128, 128, kernel_size=(3, 3), stride=(1, 1), padding=(1, 1))
    (13): ReLU(inplace=True)
    (14): MaxPool2d(kernel_size=2, stride=2, padding=0, dilation=1, ceil_mode=False)
    (15): Conv2d(128, 256, kernel_size=(3, 3), stride=(1, 1), padding=(1, 1))
    (16): ReLU(inplace=True)
    (17): Conv2d(256, 256, kernel_size=(3, 3), stride=(1, 1), padding=(1, 1))
  )
  (decoder): Sequential(
    (0): Conv2d(256, 128, kernel_size=(3, 3), stride=(1, 1), padding=(1, 1))
    (1): ReLU(inplace=True)
    (2): ConvTranspose2d(128, 128, kernel_size=(2, 2), stride=(2, 2))
    (3): Conv2d(128, 128, kernel_size=(3, 3), stride=(1, 1), padding=(1, 1))
    (4): ReLU(inplace=True)
    (5): Conv2d(128, 64, kernel_size=(3, 3), stride=(1, 1), padding=(1, 1))
    (6): ReLU(inplace=True)
    (7): ConvTranspose2d(64, 64, kernel_size=(2, 2), stride=(2, 2))
    (8): Conv2d(64, 64, kernel_size=(3, 3), stride=(1, 1), padding=(1, 1))
    (9): ReLU(inplace=True)
    (10): Conv2d(64, 32, kernel_size=(3, 3), stride=(1, 1), padding=(1, 1))
    (11): ReLU(inplace=True)
    (12): ConvTranspose2d(32, 32, kernel_size=(2, 2), stride=(2, 2))
    (13): Conv2d(32, 32, kernel_size=(3, 3), stride=(1, 1), padding=(1, 1))
    (14): ReLU(inplace=True)
    (15): Conv2d(32, 1, kernel_size=(3, 3), stride=(1, 1), padding=(1, 1))
  )
)

EVALUATION!
Validation loss: 0.31071946024894714
Epoch 1, Average loss: 0.08745708637870848
Model saved

EVALUATION!
Validation loss: 0.0014060400426387787

EVALUATION!
Validation loss: 0.001829576096497476
Epoch 101, Average loss: 0.001061310214572586

EVALUATION!
Validation loss: 0.000990728149190545

EVALUATION!
Validation loss: 0.0010669570183381438
Epoch 201, Average loss: 0.0006523833582104999

EVALUATION!
Validation loss: 0.0006178999319672585

EVALUATION!
Validation loss: 0.0008296753512695432
Epoch 301, Average loss: 0.0005008672887925059

EVALUATION!
Validation loss: 0.00041252895607613027

EVALUATION!
Validation loss: 0.00042313183075748384
Epoch 401, Average loss: 0.00022860638113343158

EVALUATION!
Validation loss: 0.0003216982295271009

EVALUATION!
Validation loss: 0.0002847104042302817
Epoch 501, Average loss: 0.00016297216450766427

EVALUATION!
Validation loss: 0.000414349720813334

EVALUATION!
Validation loss: 0.00028938832110725343
Epoch 601, Average loss: 0.0001813859636968118

EVALUATION!
Validation loss: 0.00045819146907888353

EVALUATION!
Validation loss: 0.0003173529985360801
Epoch 701, Average loss: 0.00019033200457670317

EVALUATION!
Validation loss: 0.00018993308185599744

EVALUATION!
Validation loss: 0.00032074988121166825
Epoch 801, Average loss: 0.00022258246843193775

EVALUATION!
Validation loss: 0.0007057074690237641

EVALUATION!
Validation loss: 0.0002239464083686471
Epoch 901, Average loss: 0.00012981620666323578

EVALUATION!
Validation loss: 0.0002334384189452976

EVALUATION!
Validation loss: 0.00022516711032949388
Epoch 1001, Average loss: 0.00014438547183999616

EVALUATION!
Validation loss: 0.00021250030840747058

EVALUATION!
Validation loss: 0.0004662724386435002
Epoch 1101, Average loss: 0.0002589346332933928

EVALUATION!
Validation loss: 0.0002210802340414375

EVALUATION!
Validation loss: 0.00021589970856439322
Epoch 1201, Average loss: 0.00011043925603189564

EVALUATION!
Validation loss: 0.0002206278732046485

EVALUATION!
Validation loss: 0.0011476173531264067
Epoch 1301, Average loss: 0.0011366251990693854

EVALUATION!
Validation loss: 0.0003272579924669117

EVALUATION!
Validation loss: 0.0002078393445117399
Epoch 1401, Average loss: 0.0001480962085952342

EVALUATION!
Validation loss: 0.0002706797968130559

EVALUATION!
Validation loss: 0.000171675332239829
Epoch 1501, Average loss: 0.00012189206974653643

EVALUATION!
Validation loss: 0.00016450122348032892

EVALUATION!
Validation loss: 0.00019082979997619987
Epoch 1601, Average loss: 0.00010426670107335667

EVALUATION!
Validation loss: 0.00018295369227416813

EVALUATION!
Validation loss: 0.0001379773602820933
Epoch 1701, Average loss: 8.517932931681571e-05

EVALUATION!
Validation loss: 0.00018337983055971563

EVALUATION!
Validation loss: 0.00017981595010496676
Epoch 1801, Average loss: 0.00015168583415288593

EVALUATION!
Validation loss: 0.00023903900000732392

EVALUATION!
Validation loss: 0.00029616663232445717
Epoch 1901, Average loss: 0.00020478731154071283

EVALUATION!
Validation loss: 0.0001959647488547489
Model saved
Done: 2024-05-07-14:50:00
