Node: comp-gpu07
Start: 2024-04-11-13:40:38
Working dir: /home/s214704/JK_bachelor

/var/lib/slurm/slurmd/job40854/slurm_script: line 23: /home/s214704/JK_bachelor/.bashrc: No such file or directory
/var/lib/slurm/slurmd/job40854/slurm_script: line 25: bsc-env/bin/activate: No such file or directory
AE2D(
  (encoder): Sequential(
    (0): Linear(in_features=96, out_features=128, bias=True)
    (1): ReLU()
    (2): Linear(in_features=128, out_features=64, bias=True)
    (3): ReLU()
    (4): Linear(in_features=64, out_features=32, bias=True)
  )
  (decoder): Sequential(
    (0): Linear(in_features=32, out_features=64, bias=True)
    (1): ReLU()
    (2): Linear(in_features=64, out_features=128, bias=True)
    (3): ReLU()
    (4): Linear(in_features=128, out_features=96, bias=True)
    (5): Sigmoid()
  )
)
EVALUATION!
Train loss: 1.3867193777188536
Validation loss: 1.2617032274281672
EVALUATION!
Train loss: 1.2384688087312246
Validation loss: 1.3950453802310379
EVALUATION!
Train loss: 1.4800614687429046
Validation loss: 1.3555307706394764
EVALUATION!
Train loss: 1.3104520180417283
Validation loss: 1.3290364085779744
EVALUATION!
Train loss: 1.3291616930701546
Validation loss: 1.3563568359420217
EVALUATION!
Train loss: 1.2387050920333893
Validation loss: 1.4215859528625625
EVALUATION!
Train loss: 1.1925852361610043
Validation loss: 1.2243264271811474
Epoch 1, Average loss: 1.280174524187864
EVALUATION!
Train loss: 1.212056660071069
Validation loss: 1.2167933091674292
EVALUATION!
Train loss: 1.267634441152733
Validation loss: 1.3773219910424614
EVALUATION!
Train loss: 1.2443639520994925
Validation loss: 1.1913069257901576
EVALUATION!
Train loss: 1.2506317903484763
Validation loss: 1.1794055527132397
EVALUATION!
Train loss: 1.2643686339204225
Validation loss: 1.1553829616563234
EVALUATION!
Train loss: 1.1490549950657336
Validation loss: 1.1928376380869428
EVALUATION!
Train loss: 1.0783459901986345
Validation loss: 1.1544465559397916
Epoch 2, Average loss: 1.2029228295784398
EVALUATION!
Train loss: 1.0381162098573689
Validation loss: 1.0450744429597019
EVALUATION!
Train loss: 0.9823506603096298
Validation loss: 0.9489827325025504
EVALUATION!
Train loss: 0.9001451204902067
Validation loss: 0.9277676973757171
EVALUATION!
Train loss: 0.8458754692307711
Validation loss: 0.8108081837042478
EVALUATION!
Train loss: 0.7746601513843616
Validation loss: 0.7217259940657492
EVALUATION!
Train loss: 0.7149924796147704
Validation loss: 0.6398522078539068
Epoch 3, Average loss: 0.8609513548964972
EVALUATION!
Train loss: 0.6222037433958467
Validation loss: 0.6505971209841155
EVALUATION!
Train loss: 0.5792525521958114
Validation loss: 0.6209189777274542
EVALUATION!
Train loss: 0.549573890984801
Validation loss: 0.5201943097963906
EVALUATION!
Train loss: 0.5208189662368312
Validation loss: 0.5770716949527777
EVALUATION!
Train loss: 0.552271339340552
Validation loss: 0.5566937083211145
EVALUATION!
Train loss: 0.47867403478390136
Validation loss: 0.4948387059700103
EVALUATION!
Train loss: 0.48329735355412373
Validation loss: 0.5108920839991915
Epoch 4, Average loss: 0.5433131285903722
EVALUATION!
Train loss: 0.4527229281082036
Validation loss: 0.4264270706297477
EVALUATION!
Train loss: 0.46513244500543693
Validation loss: 0.48278739313239544
EVALUATION!
Train loss: 0.5314865832554224
Validation loss: 0.44615389584232173
EVALUATION!
Train loss: 0.45745885502595246
Validation loss: 0.4162230315381043
EVALUATION!
Train loss: 0.42728102067915774
Validation loss: 0.4893797464711026
EVALUATION!
Train loss: 0.4450629427341094
Validation loss: 0.4276026219755259
Epoch 5, Average loss: 0.47068996011506425
EVALUATION!
Train loss: 0.5109499184415817
Validation loss: 0.5017565883334065
EVALUATION!
Train loss: 0.42175636011335704
Validation loss: 0.37284624851787607
EVALUATION!
Train loss: 0.4423365811081358
Validation loss: 0.44256322230145806
EVALUATION!
Train loss: 0.39419842159985646
Validation loss: 0.48447580082170266
EVALUATION!
Train loss: 0.4211843389501014
Validation loss: 0.4020635658126263
EVALUATION!
Train loss: 0.5297362346135298
Validation loss: 0.4997959261220249
EVALUATION!
Train loss: 0.4054024508403814
Validation loss: 0.432358466484565
Epoch 6, Average loss: 0.45500872979349405
EVALUATION!
Train loss: 0.3923119032457587
Validation loss: 0.44233589704241966
EVALUATION!
Train loss: 0.486240883386877
Validation loss: 0.47149323441157387
EVALUATION!
Train loss: 0.45032109991755853
Validation loss: 0.44640571055185896
EVALUATION!
Train loss: 0.4273513700110554
Validation loss: 0.41309996937501625
EVALUATION!
Train loss: 0.4421217385021509
Validation loss: 0.4471239792530657
EVALUATION!
Train loss: 0.43277760704325086
Validation loss: 0.5309264732456678
Epoch 7, Average loss: 0.4496885430917849
EVALUATION!
Train loss: 0.47510455682789443
Validation loss: 0.400186918145378
EVALUATION!
Train loss: 0.41614403558340685
Validation loss: 0.46010288485720013
EVALUATION!
Train loss: 0.4498969875122711
Validation loss: 0.48999159151282
EVALUATION!
Train loss: 0.5282171812150492
Validation loss: 0.5297134221196584
EVALUATION!
Train loss: 0.4972477005570609
Validation loss: 0.3998705525946349
EVALUATION!
Train loss: 0.49946217874762144
Validation loss: 0.43161378025000985
EVALUATION!
Train loss: 0.4535824274714261
Validation loss: 0.47741935845068245
Epoch 8, Average loss: 0.44723106569746474
EVALUATION!
Train loss: 0.40996949447701087
Validation loss: 0.39544310754883505
EVALUATION!
Train loss: 0.5314685964901991
Validation loss: 0.46578609013115535
EVALUATION!
Train loss: 0.49564527827934113
Validation loss: 0.5468636749912905
EVALUATION!
Train loss: 0.5369507481136158
Validation loss: 0.49181569462478747
EVALUATION!
Train loss: 0.40100556862335146
Validation loss: 0.41484116622498785
EVALUATION!
Train loss: 0.4254429442051418
Validation loss: 0.41045304624411816
Epoch 9, Average loss: 0.44587518317930486
EVALUATION!
Train loss: 0.47457700939217806
Validation loss: 0.4131529944426216
EVALUATION!
Train loss: 0.41135547517747073
Validation loss: 0.46707129813216997
EVALUATION!
Train loss: 0.4589564633436174
Validation loss: 0.369542123846179
EVALUATION!
Train loss: 0.501401834072802
Validation loss: 0.3690298849997699
EVALUATION!
Train loss: 0.402838208371789
Validation loss: 0.4377626371206295
EVALUATION!
Train loss: 0.3751668508228937
Validation loss: 0.45958911315204737
EVALUATION!
Train loss: 0.475918838955386
Validation loss: 0.4478307862096981
Epoch 10, Average loss: 0.44503831170476577
EVALUATION!
Train loss: 0.41423439993711997
Validation loss: 0.49674389930809093
EVALUATION!
Train loss: 0.37556282248082745
Validation loss: 0.40822492352082795
EVALUATION!
Train loss: 0.42806286983536246
Validation loss: 0.39587314792405526
EVALUATION!
Train loss: 0.4774663154495288
Validation loss: 0.4192872404181389
EVALUATION!
Train loss: 0.4431440131478073
Validation loss: 0.39913496672281323
EVALUATION!
Train loss: 0.41917847339251074
Validation loss: 0.40765798124807445
Epoch 11, Average loss: 0.4444813008229806
EVALUATION!
Train loss: 0.46940085419394323
Validation loss: 0.4252918703820253
EVALUATION!
Train loss: 0.4781368376662914
Validation loss: 0.45946199657496206
EVALUATION!
Train loss: 0.45577461848403666
Validation loss: 0.4080605244733081
EVALUATION!
Train loss: 0.4335159821284555
Validation loss: 0.37046548998707785
EVALUATION!
Train loss: 0.40919100953116105
Validation loss: 0.42394241303770386
EVALUATION!
Train loss: 0.40576784187197185
Validation loss: 0.401168682340559
EVALUATION!
Train loss: 0.5237859581196157
Validation loss: 0.44594048112251483
Epoch 12, Average loss: 0.44408915450259645
EVALUATION!
Train loss: 0.42015529543160357
Validation loss: 0.4214682254050972
EVALUATION!
Train loss: 0.4577349136284621
Validation loss: 0.5096195290250407
EVALUATION!
Train loss: 0.47038136039434286
Validation loss: 0.4497938726826872
EVALUATION!
Train loss: 0.45588674013677
Validation loss: 0.4420157475594748
EVALUATION!
Train loss: 0.4049994308252301
Validation loss: 0.4966559808147826
EVALUATION!
Train loss: 0.39407701636420905
Validation loss: 0.4393035273009717
Epoch 13, Average loss: 0.4438049424898728
EVALUATION!
Train loss: 0.369354584180952
Validation loss: 0.44589849709076185
EVALUATION!
Train loss: 0.38900716736362906
Validation loss: 0.40986707745355944
EVALUATION!
Train loss: 0.46947042181527276
Validation loss: 0.4456369651453147
EVALUATION!
Train loss: 0.47011766918538606
Validation loss: 0.4547166646959234
EVALUATION!
Train loss: 0.4204090359197292
Validation loss: 0.4230937600934889
EVALUATION!
Train loss: 0.4671460349868665
Validation loss: 0.3899468475207311
EVALUATION!
Train loss: 0.41575347551761155
Validation loss: 0.3884419122357484
Epoch 14, Average loss: 0.44359274341370175
EVALUATION!
Train loss: 0.4820699951572392
Validation loss: 0.44070486722916585
EVALUATION!
Train loss: 0.5067930747313532
Validation loss: 0.42966770196277776
EVALUATION!
Train loss: 0.4223519054667787
Validation loss: 0.4968702891246773
EVALUATION!
Train loss: 0.4415721604464632
Validation loss: 0.37306740800089067
EVALUATION!
Train loss: 0.47027897041398203
Validation loss: 0.4306061088604606
EVALUATION!
Train loss: 0.4185391503432204
Validation loss: 0.43366125577705433
Epoch 15, Average loss: 0.4434302394374577
EVALUATION!
Train loss: 0.45543041002409945
Validation loss: 0.41890185418199055
EVALUATION!
Train loss: 0.3860698519517728
Validation loss: 0.40910215288390994
EVALUATION!
Train loss: 0.44768952310416255
Validation loss: 0.41591507701251185
EVALUATION!
Train loss: 0.388717404378965
Validation loss: 0.4110528411004742
EVALUATION!
Train loss: 0.46006347267395437
Validation loss: 0.39375709020642835
EVALUATION!
Train loss: 0.49531172919737615
Validation loss: 0.393342572581988
EVALUATION!
Train loss: 0.3916779966205697
Validation loss: 0.4351426805544717
Epoch 16, Average loss: 0.44330114412536686
EVALUATION!
Train loss: 0.41743887243874217
Validation loss: 0.5693308268809508
EVALUATION!
Train loss: 0.5535149642722872
Validation loss: 0.5004243410995162
EVALUATION!
Train loss: 0.42164201144974156
Validation loss: 0.4035564481545313
EVALUATION!
Train loss: 0.4117611723963871
Validation loss: 0.4235823245919585
EVALUATION!
Train loss: 0.489863198462443
Validation loss: 0.39009167537890554
EVALUATION!
Train loss: 0.4633643069470258
Validation loss: 0.4768691653348502
Epoch 17, Average loss: 0.4431950935192123
EVALUATION!
Train loss: 0.49661967222444475
Validation loss: 0.38914034556514443
EVALUATION!
Train loss: 0.4595147672188397
Validation loss: 0.4821818316507721
EVALUATION!
Train loss: 0.4100632061078092
Validation loss: 0.41424685942511424
EVALUATION!
Train loss: 0.41976209265630526
Validation loss: 0.45947290589530887
EVALUATION!
Train loss: 0.36694331395444746
Validation loss: 0.43229048684916577
EVALUATION!
Train loss: 0.4356323716997469
Validation loss: 0.37559631731788123
EVALUATION!
Train loss: 0.5011941390352612
Validation loss: 0.48410635713687916
Epoch 18, Average loss: 0.44310938122870297
EVALUATION!
Train loss: 0.43927286234803986
Validation loss: 0.4401591444328573
EVALUATION!
Train loss: 0.49434413762911733
Validation loss: 0.42515611646539375
EVALUATION!
Train loss: 0.45084888085159847
Validation loss: 0.4379055480814492
EVALUATION!
Train loss: 0.410129861596641
Validation loss: 0.3873830968944036
EVALUATION!
Train loss: 0.43763004093298896
Validation loss: 0.39971551134150624
EVALUATION!
Train loss: 0.4866014374671758
Validation loss: 0.46130403206436527
Epoch 19, Average loss: 0.44303924901870856
EVALUATION!
Train loss: 0.40447083430393194
Validation loss: 0.37387693742274586
EVALUATION!
Train loss: 0.4695937327040607
Validation loss: 0.48567318410733407
EVALUATION!
Train loss: 0.3984041096703642
Validation loss: 0.4318492006401544
EVALUATION!
Train loss: 0.455115027633534
Validation loss: 0.45886736199162675
EVALUATION!
Train loss: 0.4876277462470228
Validation loss: 0.5646160857804363
EVALUATION!
Train loss: 0.48894948041033814
Validation loss: 0.399130571360866
EVALUATION!
Train loss: 0.41411485574927215
Validation loss: 0.5425678823415756
Epoch 20, Average loss: 0.44298201351203487
EVALUATION!
Train loss: 0.422215425117049
Validation loss: 0.46534092984979986
EVALUATION!
Train loss: 0.4649830062593282
Validation loss: 0.43831793167678085
EVALUATION!
Train loss: 0.36471653468288756
Validation loss: 0.5671789779519555
EVALUATION!
Train loss: 0.4370582428254094
Validation loss: 0.44369725056950343
EVALUATION!
Train loss: 0.41844046974956095
Validation loss: 0.41784245815180476
EVALUATION!
Train loss: 0.420999229651826
Validation loss: 0.4649508056705529
Epoch 21, Average loss: 0.4429310898532036
EVALUATION!
Train loss: 0.4835540980723336
Validation loss: 0.487111287364583
EVALUATION!
Train loss: 0.42777413851937507
Validation loss: 0.4929871001376537
EVALUATION!
Train loss: 0.5084585634174703
Validation loss: 0.4608589286875981
EVALUATION!
Train loss: 0.48538959854366703
Validation loss: 0.43447516758211274
EVALUATION!
Train loss: 0.4537353790618398
Validation loss: 0.4348663103701881
EVALUATION!
Train loss: 0.4948761931681582
Validation loss: 0.40230323564917103
EVALUATION!
Train loss: 0.37704426184259743
Validation loss: 0.5223610850594085
Epoch 22, Average loss: 0.44288980504091874
EVALUATION!
Train loss: 0.512418432727344
Validation loss: 0.45184010720283674
EVALUATION!
Train loss: 0.4491669323630655
Validation loss: 0.40406989278292
EVALUATION!
Train loss: 0.4360390593883065
Validation loss: 0.43547035535874057
EVALUATION!
Train loss: 0.4695299685310294
Validation loss: 0.5053720676515516
EVALUATION!
Train loss: 0.49126404246821875
Validation loss: 0.48062687873100207
EVALUATION!
Train loss: 0.4183304288237265
Validation loss: 0.4259528906545972
Epoch 23, Average loss: 0.44285624778528043
EVALUATION!
Train loss: 0.39704956347638587
Validation loss: 0.4242016272666441
EVALUATION!
Train loss: 0.45964906067122496
Validation loss: 0.39467602792467693
EVALUATION!
Train loss: 0.3965129711561937
Validation loss: 0.4964836915404822
EVALUATION!
Train loss: 0.4870468234343335
Validation loss: 0.4059728485205216
EVALUATION!
Train loss: 0.49553968472732957
Validation loss: 0.38340824231442017
EVALUATION!
Train loss: 0.48516983286896453
Validation loss: 0.5025763449944721
EVALUATION!
Train loss: 0.44241602018140513
Validation loss: 0.460726465004574
Epoch 24, Average loss: 0.44282486640775665
EVALUATION!
Train loss: 0.46349507838265325
Validation loss: 0.41891641226425713
EVALUATION!
Train loss: 0.48519287073375067
Validation loss: 0.45600319137960793
EVALUATION!
Train loss: 0.4312494723583484
Validation loss: 0.49079806234494666
EVALUATION!
Train loss: 0.5060684017976389
Validation loss: 0.4277279859661139
EVALUATION!
Train loss: 0.420138906495067
Validation loss: 0.5285465054069667
EVALUATION!
Train loss: 0.4590717046441333
Validation loss: 0.4695207067776028
Epoch 25, Average loss: 0.4427995476469388
EVALUATION!
Train loss: 0.41967393553919835
Validation loss: 0.4437158532237933
EVALUATION!
Train loss: 0.4338725316126634
Validation loss: 0.38345683620593596
EVALUATION!
Train loss: 0.5271189756383651
Validation loss: 0.4758196615979182
EVALUATION!
Train loss: 0.4291084725613886
Validation loss: 0.3773489828006065
EVALUATION!
Train loss: 0.38828428827410566
Validation loss: 0.4539938741302182
EVALUATION!
Train loss: 0.42239177204419087
Validation loss: 0.4668440787787439
EVALUATION!
Train loss: 0.43323109071275245
Validation loss: 0.4322766874834335
Epoch 26, Average loss: 0.4427767058431256
EVALUATION!
Train loss: 0.4198930364713303
Validation loss: 0.4215005223508227
EVALUATION!
Train loss: 0.41929742426978744
Validation loss: 0.4430188913237024
EVALUATION!
Train loss: 0.3980133601520034
Validation loss: 0.4640204081215721
EVALUATION!
Train loss: 0.38238346879190643
Validation loss: 0.4716438834272253
EVALUATION!
Train loss: 0.4081777734352318
Validation loss: 0.44952620710386537
EVALUATION!
Train loss: 0.4299294483726272
Validation loss: 0.45526116609631534
EVALUATION!
Train loss: 0.46338468929214705
Validation loss: 0.453563480902453
Epoch 27, Average loss: 0.4427505805501888
EVALUATION!
Train loss: 0.43629821863944845
Validation loss: 0.4968589105911665
EVALUATION!
Train loss: 0.45062966640013924
Validation loss: 0.398674057979474
EVALUATION!
Train loss: 0.40187772999033433
Validation loss: 0.43208986844658515
EVALUATION!
Train loss: 0.45909619314937233
Validation loss: 0.45807676768466676
EVALUATION!
Train loss: 0.4621776747721126
Validation loss: 0.49401435044958963
EVALUATION!
Train loss: 0.510945960590848
Validation loss: 0.4613164766333936
Epoch 28, Average loss: 0.4427446232483443
EVALUATION!
Train loss: 0.4839913769910494
Validation loss: 0.44154659213003444
EVALUATION!
Train loss: 0.407266287078612
Validation loss: 0.3789023863765733
EVALUATION!
Train loss: 0.4246843357677122
Validation loss: 0.4585433513821406
EVALUATION!
Train loss: 0.4562059972926399
Validation loss: 0.5069080570355933
EVALUATION!
Train loss: 0.43296274734345613
Validation loss: 0.47022941813083136
EVALUATION!
Train loss: 0.5051832125929776
Validation loss: 0.3865578731010621
EVALUATION!
Train loss: 0.45161325075745423
Validation loss: 0.3971897307857789
Epoch 29, Average loss: 0.4427260493474052
EVALUATION!
Train loss: 0.3700769253151376
Validation loss: 0.4182341956557094
EVALUATION!
Train loss: 0.5609053332247994
Validation loss: 0.4441871576209988
EVALUATION!
Train loss: 0.5100399630304786
Validation loss: 0.5179985127927771
EVALUATION!
Train loss: 0.4311799883262345
Validation loss: 0.44893413588546116
EVALUATION!
Train loss: 0.43783455096316226
Validation loss: 0.44276065937315556
EVALUATION!
Train loss: 0.40882965310792035
Validation loss: 0.43939315136479157
Epoch 30, Average loss: 0.44270671898091124
EVALUATION!
Train loss: 0.44806007393842007
Validation loss: 0.42817439843806165
EVALUATION!
Train loss: 0.4122144971754092
Validation loss: 0.4982238093254387
EVALUATION!
Train loss: 0.40476464502419995
Validation loss: 0.4359370601834846
EVALUATION!
Train loss: 0.3831841719089049
Validation loss: 0.4786163520600038
EVALUATION!
Train loss: 0.4845607731842646
Validation loss: 0.516894234313393
EVALUATION!
Train loss: 0.396398428190962
Validation loss: 0.3892437195300709
EVALUATION!
Train loss: 0.403875653741374
Validation loss: 0.5359629447091478
Epoch 31, Average loss: 0.44270185272963286
EVALUATION!
Train loss: 0.4765983797095852
Validation loss: 0.45222000888327607
EVALUATION!
Train loss: 0.5371960765264566
Validation loss: 0.5098897129828088
EVALUATION!
Train loss: 0.42967712773664407
Validation loss: 0.4002574111466596
EVALUATION!
Train loss: 0.4123038350734548
Validation loss: 0.47820026030859386
EVALUATION!
Train loss: 0.45719659141437397
Validation loss: 0.4624093343813954
EVALUATION!
Train loss: 0.36526933497218794
Validation loss: 0.4735389443271744
Epoch 32, Average loss: 0.44268749415905945
EVALUATION!
Train loss: 0.38499811281044616
Validation loss: 0.42741633228097475
EVALUATION!
Train loss: 0.48479219093772075
Validation loss: 0.4194082498465409
EVALUATION!
Train loss: 0.45938755076616494
Validation loss: 0.4008970605215475
EVALUATION!
Train loss: 0.43069194305993797
Validation loss: 0.5193569537471155
EVALUATION!
Train loss: 0.39393519807676863
Validation loss: 0.4103523333050244
EVALUATION!
Train loss: 0.43862239160811844
Validation loss: 0.41005633619315107
EVALUATION!
Train loss: 0.48962519943005445
Validation loss: 0.43443519904262484
Epoch 33, Average loss: 0.4426794139193987
EVALUATION!
Train loss: 0.4211064213855716
Validation loss: 0.4429685868000541
EVALUATION!
Train loss: 0.46331146378352556
Validation loss: 0.4231283321317112
EVALUATION!
Train loss: 0.39285930969264604
Validation loss: 0.42046433993205357
EVALUATION!
Train loss: 0.3826716123893989
Validation loss: 0.42638463093065015
EVALUATION!
Train loss: 0.45459846782635116
Validation loss: 0.5042826409672967
EVALUATION!
Train loss: 0.5095148741504432
Validation loss: 0.41544937760406614
Epoch 34, Average loss: 0.4426695585564554
EVALUATION!
Train loss: 0.46794225321532085
Validation loss: 0.39436797522678785
EVALUATION!
Train loss: 0.4312181631614198
Validation loss: 0.4144522511041172
EVALUATION!
Train loss: 0.584775876718704
Validation loss: 0.4446390985213108
EVALUATION!
Train loss: 0.4482015888449637
Validation loss: 0.5095381380151653
EVALUATION!
Train loss: 0.49400230271242407
Validation loss: 0.38661512814565174
EVALUATION!
Train loss: 0.5654252763096344
Validation loss: 0.42788515057538606
EVALUATION!
Train loss: 0.4227002203173976
Validation loss: 0.42286831124844343
Epoch 35, Average loss: 0.44266251278891633
EVALUATION!
Train loss: 0.4631665891902189
Validation loss: 0.40257351773874933
EVALUATION!
Train loss: 0.45923642325808933
Validation loss: 0.47657328223033524
EVALUATION!
Train loss: 0.5118178958507277
Validation loss: 0.4344743527738368
EVALUATION!
Train loss: 0.3909989968934394
Validation loss: 0.5202885480049704
EVALUATION!
Train loss: 0.4379028319381198
Validation loss: 0.4277440152937051
EVALUATION!
Train loss: 0.39118652348409955
Validation loss: 0.4966861807577273
Epoch 36, Average loss: 0.44265646834832684
EVALUATION!
Train loss: 0.44137539927833414
Validation loss: 0.45280357341382355
EVALUATION!
Train loss: 0.4022191699267097
Validation loss: 0.398511141578438
EVALUATION!
Train loss: 0.4683036780640693
Validation loss: 0.38787246797299424
EVALUATION!
Train loss: 0.39747988408993296
Validation loss: 0.43620266660120033
EVALUATION!
Train loss: 0.4496236806839846
Validation loss: 0.37120342489745506
EVALUATION!
Train loss: 0.436411908475819
Validation loss: 0.38236317891842075
EVALUATION!
Train loss: 0.47707041625643953
Validation loss: 0.47267211095669914
Epoch 37, Average loss: 0.4426487971345734
EVALUATION!
Train loss: 0.3881692594620835
Validation loss: 0.40746958259052357
EVALUATION!
Train loss: 0.37521315810739997
Validation loss: 0.37515543674731633
EVALUATION!
Train loss: 0.3802063004134366
Validation loss: 0.4712569764363897
EVALUATION!
Train loss: 0.41818441370885556
Validation loss: 0.44670478786718115
EVALUATION!
Train loss: 0.4749871383788188
Validation loss: 0.4241529363037141
EVALUATION!
Train loss: 0.3964128641833158
Validation loss: 0.45729683340461624
Epoch 38, Average loss: 0.4426413241353106
EVALUATION!
Train loss: 0.5044237574132842
Validation loss: 0.39217729729227335
EVALUATION!
Train loss: 0.36680760159760856
Validation loss: 0.48617536064614886
EVALUATION!
Train loss: 0.44277996225465766
Validation loss: 0.47456675999486464
EVALUATION!
Train loss: 0.4618464962207075
Validation loss: 0.4424020183531116
EVALUATION!
Train loss: 0.4103519945406024
Validation loss: 0.5014183386944843
EVALUATION!
Train loss: 0.42209743993811016
Validation loss: 0.45013486655446033
EVALUATION!
Train loss: 0.42916574104794913
Validation loss: 0.4714181776947993
Epoch 39, Average loss: 0.4426396160688026
EVALUATION!
Train loss: 0.5661729832701844
Validation loss: 0.4138346522238165
EVALUATION!
Train loss: 0.396703477093498
Validation loss: 0.41291306255903654
EVALUATION!
Train loss: 0.4588438063619541
Validation loss: 0.4401179608214553
EVALUATION!
Train loss: 0.4384788482184051
Validation loss: 0.4312891992470762
EVALUATION!
Train loss: 0.4131776932832477
Validation loss: 0.4752689491177236
EVALUATION!
Train loss: 0.42387199259295977
Validation loss: 0.42584759437185593
Epoch 40, Average loss: 0.4426274632947524
EVALUATION!
Train loss: 0.43201171125811355
Validation loss: 0.40222065313421035
EVALUATION!
Train loss: 0.4457084134245492
Validation loss: 0.44243471115887656
EVALUATION!
Train loss: 0.4651388094892833
Validation loss: 0.4673369904162419
EVALUATION!
Train loss: 0.43199574399261953
Validation loss: 0.43027020701744795
EVALUATION!
Train loss: 0.43794385289208526
Validation loss: 0.39678093437853357
EVALUATION!
Train loss: 0.3832749906430077
Validation loss: 0.38869617012113594
EVALUATION!
Train loss: 0.42896751438650027
Validation loss: 0.43512764023983674
Epoch 41, Average loss: 0.4426312845776713
EVALUATION!
Train loss: 0.44666367246023125
Validation loss: 0.44873974783747766
EVALUATION!
Train loss: 0.4531952208972406
Validation loss: 0.421907731915198
EVALUATION!
Train loss: 0.4846908800089679
Validation loss: 0.413089989673561
EVALUATION!
Train loss: 0.40354615144946704
Validation loss: 0.4293326711296192
EVALUATION!
Train loss: 0.48186618092669564
Validation loss: 0.4139327505579445
EVALUATION!
Train loss: 0.3735258285718045
Validation loss: 0.4929463188108912
Epoch 42, Average loss: 0.4426185231808464
EVALUATION!
Train loss: 0.44740932885246815
Validation loss: 0.460113201612893
EVALUATION!
Train loss: 0.49348969322358427
Validation loss: 0.5492498440904334
EVALUATION!
Train loss: 0.508559231006341
Validation loss: 0.4808434343619344
EVALUATION!
Train loss: 0.44609683757041924
Validation loss: 0.4695685380454403
EVALUATION!
Train loss: 0.46231399010490837
Validation loss: 0.40805121194393834
EVALUATION!
Train loss: 0.3932446208981495
Validation loss: 0.4247310072782902
EVALUATION!
Train loss: 0.4412526020531251
Validation loss: 0.37743744246840355
Epoch 43, Average loss: 0.44261207471705283
EVALUATION!
Train loss: 0.44357166228921524
Validation loss: 0.45144038297018174
EVALUATION!
Train loss: 0.45323442849123563
Validation loss: 0.46493847829176016
EVALUATION!
Train loss: 0.4975435271966327
Validation loss: 0.4301002247623439
EVALUATION!
Train loss: 0.46927876820882897
Validation loss: 0.43273396762837174
EVALUATION!
Train loss: 0.4175778755683588
Validation loss: 0.4578869151253386
EVALUATION!
Train loss: 0.4001522156727185
Validation loss: 0.4173223503671319
Epoch 44, Average loss: 0.4426092473878264
EVALUATION!
Train loss: 0.45478889670807854
Validation loss: 0.5153330229549612
EVALUATION!
Train loss: 0.44056379738614365
Validation loss: 0.4870148887574275
EVALUATION!
Train loss: 0.4248133518823991
Validation loss: 0.4512767383999334
EVALUATION!
Train loss: 0.4042051836103854
Validation loss: 0.44129156039447165
EVALUATION!
Train loss: 0.39369417599860435
Validation loss: 0.43581714248464926
EVALUATION!
Train loss: 0.45860426664659376
Validation loss: 0.3973951590379138
EVALUATION!
Train loss: 0.5241354708068936
Validation loss: 0.4873285660133351
Epoch 45, Average loss: 0.4426118128859562
EVALUATION!
Train loss: 0.39700255939043905
Validation loss: 0.5045020766538515
EVALUATION!
Train loss: 0.42579060291138493
Validation loss: 0.47145464613059496
EVALUATION!
Train loss: 0.3909101966257654
Validation loss: 0.4540360647742391
EVALUATION!
Train loss: 0.40965729366902986
Validation loss: 0.38828009597732577
EVALUATION!
Train loss: 0.40691060678133456
Validation loss: 0.41801680024118115
EVALUATION!
Train loss: 0.4056822409635326
Validation loss: 0.418433751620307
Epoch 46, Average loss: 0.44260113722119
EVALUATION!
Train loss: 0.44089688251858333
Validation loss: 0.41857234001319715
EVALUATION!
Train loss: 0.460884956801466
Validation loss: 0.45831890703847167
EVALUATION!
Train loss: 0.428934272422446
Validation loss: 0.3953229496043402
EVALUATION!
Train loss: 0.44087300722014283
Validation loss: 0.4414663816102601
EVALUATION!
Train loss: 0.4264714559601983
Validation loss: 0.5135187350531301
EVALUATION!
Train loss: 0.42551150293243545
Validation loss: 0.4693738222699544
EVALUATION!
Train loss: 0.4214996468533726
Validation loss: 0.3932518395680867
Epoch 47, Average loss: 0.44260284831665975
EVALUATION!
Train loss: 0.3756890824943951
Validation loss: 0.4653286075707072
EVALUATION!
Train loss: 0.42357285324457716
Validation loss: 0.48295674077362916
EVALUATION!
Train loss: 0.40834102202834643
Validation loss: 0.4737025098704121
EVALUATION!
Train loss: 0.4329602408656257
Validation loss: 0.440414614662637
EVALUATION!
Train loss: 0.5124611850554901
Validation loss: 0.5225066908097895
EVALUATION!
Train loss: 0.4536253365766383
Validation loss: 0.4491472511761584
Epoch 48, Average loss: 0.4425915119563374
EVALUATION!
Train loss: 0.4527263261401714
Validation loss: 0.39622342172758274
EVALUATION!
Train loss: 0.465767521348301
Validation loss: 0.4347366454700781
EVALUATION!
Train loss: 0.43637510813844715
Validation loss: 0.39783781868933005
EVALUATION!
Train loss: 0.3770746888140847
Validation loss: 0.3968145838692729
EVALUATION!
Train loss: 0.3574452216699119
Validation loss: 0.42455974207060637
EVALUATION!
Train loss: 0.42241840304001865
Validation loss: 0.4829166964435353
EVALUATION!
Train loss: 0.46501876752124255
Validation loss: 0.44072262452047556
Epoch 49, Average loss: 0.4425927046086777
EVALUATION!
Train loss: 0.4598839424344197
Validation loss: 0.46549845300867965
EVALUATION!
Train loss: 0.37763557282394145
Validation loss: 0.42977968521426513
EVALUATION!
Train loss: 0.5155884789154499
Validation loss: 0.4084503250683415
EVALUATION!
Train loss: 0.4091968277928933
Validation loss: 0.41436896950860624
EVALUATION!
Train loss: 0.493334399511559
Validation loss: 0.48676640167548363
EVALUATION!
Train loss: 0.4389935609214041
Validation loss: 0.4752486426491668
Epoch 50, Average loss: 0.44259306052011116
EVALUATION!
Train loss: 0.43069539141905483
Validation loss: 0.40926557445222295
EVALUATION!
Train loss: 0.40413656543996124
Validation loss: 0.5461779321389139
EVALUATION!
Train loss: 0.4166808586598275
Validation loss: 0.4392585270186675
EVALUATION!
Train loss: 0.49150622736719135
Validation loss: 0.5161016854754671
EVALUATION!
Train loss: 0.542863053808354
Validation loss: 0.4701491590976933
EVALUATION!
Train loss: 0.37553245156541426
Validation loss: 0.4343004730123726
EVALUATION!
Train loss: 0.43483821229830655
Validation loss: 0.4401825642205777
Epoch 51, Average loss: 0.4425845161508308
EVALUATION!
Train loss: 0.47822474498797085
Validation loss: 0.38265131930968677
EVALUATION!
Train loss: 0.4244521014859034
Validation loss: 0.4516191524795999
EVALUATION!
Train loss: 0.4631684558230793
Validation loss: 0.5083222322837457
EVALUATION!
Train loss: 0.40722038121692955
Validation loss: 0.4121301363774739
EVALUATION!
Train loss: 0.36858021336029456
Validation loss: 0.5231520638446814
EVALUATION!
Train loss: 0.42256892156689857
Validation loss: 0.44762450145220106
EVALUATION!
Train loss: 0.479754327662417
Validation loss: 0.49501393128824456
Epoch 52, Average loss: 0.44258351908464855
EVALUATION!
Train loss: 0.4641104664180961
Validation loss: 0.4457171620985571
EVALUATION!
Train loss: 0.47256297249352786
Validation loss: 0.4842387297451246
EVALUATION!
Train loss: 0.43614160012943415
Validation loss: 0.42191546828794185
EVALUATION!
Train loss: 0.45031599420579765
Validation loss: 0.4598164547388143
EVALUATION!
Train loss: 0.39664709305846974
Validation loss: 0.41823469574287475
EVALUATION!
Train loss: 0.44376853869206795
Validation loss: 0.46025252725862736
Epoch 53, Average loss: 0.44257614700075787
EVALUATION!
Train loss: 0.4435426499675758
Validation loss: 0.48911440046745397
EVALUATION!
Train loss: 0.35842297951487473
Validation loss: 0.478935509786497
EVALUATION!
Train loss: 0.47312067017283993
Validation loss: 0.48413493016728354
EVALUATION!
Train loss: 0.46880204890601174
Validation loss: 0.4605283918787144
EVALUATION!
Train loss: 0.43633013870657766
Validation loss: 0.46101930053230095
EVALUATION!
Train loss: 0.42944674079766154
Validation loss: 0.43435517585295164
EVALUATION!
Train loss: 0.4352083290779419
Validation loss: 0.4656040750310003
Epoch 54, Average loss: 0.4425757739522822
EVALUATION!
Train loss: 0.4999498410759453
Validation loss: 0.5710322419174785
EVALUATION!
Train loss: 0.41889377121451377
Validation loss: 0.5148009641967296
EVALUATION!
Train loss: 0.3881355067345405
Validation loss: 0.41387633230835147
EVALUATION!
Train loss: 0.43060934520989064
Validation loss: 0.46891202279128175
EVALUATION!
Train loss: 0.4233339511950769
Validation loss: 0.4345711025818534
EVALUATION!
Train loss: 0.4663811056869823
Validation loss: 0.42642081707625856
Epoch 55, Average loss: 0.44257767929840247
EVALUATION!
Train loss: 0.41205931496686166
Validation loss: 0.38721472856751377
EVALUATION!
Train loss: 0.40955316690124405
Validation loss: 0.49942431188001174
EVALUATION!
Train loss: 0.46107862407134403
Validation loss: 0.4387570587299304
EVALUATION!
Train loss: 0.4688205113987868
Validation loss: 0.42455523751589685
EVALUATION!
Train loss: 0.404060162140358
Validation loss: 0.42846549531309597
EVALUATION!
Train loss: 0.4469979293581795
Validation loss: 0.518055270858578
EVALUATION!
Train loss: 0.40206153673255934
Validation loss: 0.48812178705335896
Epoch 56, Average loss: 0.4425680716579455
EVALUATION!
Train loss: 0.4085006845671795
Validation loss: 0.3867226571103052
EVALUATION!
Train loss: 0.378919839335161
Validation loss: 0.5206010558443149
EVALUATION!
Train loss: 0.4124139456082081
Validation loss: 0.4145886140411418
EVALUATION!
Train loss: 0.3885261504566859
Validation loss: 0.49616172883384146
EVALUATION!
Train loss: 0.45596822278623483
Validation loss: 0.49444301799910095
EVALUATION!
Train loss: 0.47688133050854287
Validation loss: 0.44295582788295407
Epoch 57, Average loss: 0.44256992086755503
EVALUATION!
Train loss: 0.49438278583479855
Validation loss: 0.45889659586344367
EVALUATION!
Train loss: 0.4276412070534844
Validation loss: 0.526798302537458
EVALUATION!
Train loss: 0.38544268512295565
Validation loss: 0.4456365058503965
EVALUATION!
Train loss: 0.4085613469709581
Validation loss: 0.44543651931063144
EVALUATION!
Train loss: 0.4735003360397668
Validation loss: 0.42638988059073685
EVALUATION!
Train loss: 0.44812931232576914
Validation loss: 0.45709316042570836
EVALUATION!
Train loss: 0.5336122589340403
Validation loss: 0.5394541795105015
Epoch 58, Average loss: 0.4425682056781559
EVALUATION!
Train loss: 0.4084591499606258
Validation loss: 0.37938994833062295
EVALUATION!
Train loss: 0.4078375589118135
Validation loss: 0.4375661035383094
EVALUATION!
Train loss: 0.45144221228207726
Validation loss: 0.4906682713511392
EVALUATION!
Train loss: 0.45863189563768003
Validation loss: 0.3978320981951112
EVALUATION!
Train loss: 0.38869242514980396
Validation loss: 0.4905448985211863
EVALUATION!
Train loss: 0.4035085646005291
Validation loss: 0.4395116496948804
Epoch 59, Average loss: 0.4425687234391507
EVALUATION!
Train loss: 0.4536288655644352
Validation loss: 0.42555773847472345
EVALUATION!
Train loss: 0.44914131107667765
Validation loss: 0.4520771411921089
EVALUATION!
Train loss: 0.5046896760333145
Validation loss: 0.4719500476905149
EVALUATION!
Train loss: 0.462335706148857
Validation loss: 0.41265179768138427
EVALUATION!
Train loss: 0.3858243782382895
Validation loss: 0.41533131154929775
EVALUATION!
Train loss: 0.4508131421603565
Validation loss: 0.46714748719108456
EVALUATION!
Train loss: 0.49172727115332826
Validation loss: 0.3855440098863353
Epoch 60, Average loss: 0.44256705319704664
EVALUATION!
Train loss: 0.4543964190494549
Validation loss: 0.4507838704705446
EVALUATION!
Train loss: 0.382537105824298
Validation loss: 0.41144632394929603
EVALUATION!
Train loss: 0.4056409415565013
Validation loss: 0.4573481480165964
EVALUATION!
Train loss: 0.44725087907564454
Validation loss: 0.4626089129888043
EVALUATION!
Train loss: 0.42188195880127344
Validation loss: 0.4025466240964496
EVALUATION!
Train loss: 0.3879233079826591
Validation loss: 0.36848103254019554
Epoch 61, Average loss: 0.442558662073682
EVALUATION!
Train loss: 0.39568251273228283
Validation loss: 0.4053433524815523
EVALUATION!
Train loss: 0.4164546664941522
Validation loss: 0.4158044441286604
EVALUATION!
Train loss: 0.3892231745831428
Validation loss: 0.5794926786884689
EVALUATION!
Train loss: 0.4111976089263155
Validation loss: 0.4360212349248595
EVALUATION!
Train loss: 0.4450232915534674
Validation loss: 0.4521566687087778
EVALUATION!
Train loss: 0.4314744174262328
Validation loss: 0.5183133839687691
EVALUATION!
Train loss: 0.48406296412258004
Validation loss: 0.42443738689661936
Epoch 62, Average loss: 0.44256054938689837
EVALUATION!
Train loss: 0.4157999983871689
Validation loss: 0.5338703576703667
EVALUATION!
Train loss: 0.427818284984811
Validation loss: 0.3959519780430501
EVALUATION!
Train loss: 0.4057040989832374
Validation loss: 0.5198273052545506
EVALUATION!
Train loss: 0.39243192196985877
Validation loss: 0.4234370786748447
EVALUATION!
Train loss: 0.41770583013728446
Validation loss: 0.4937115140006563
EVALUATION!
Train loss: 0.377228202637895
Validation loss: 0.4086921505227744
Epoch 63, Average loss: 0.44255834499120084
EVALUATION!
Train loss: 0.3701980635394883
Validation loss: 0.4622250625211848
EVALUATION!
Train loss: 0.43422631414816265
Validation loss: 0.43422951220406414
EVALUATION!
Train loss: 0.41747007048487966
Validation loss: 0.47446495672708544
EVALUATION!
Train loss: 0.4461113738375695
Validation loss: 0.43709033365269345
EVALUATION!
Train loss: 0.43692819930132637
Validation loss: 0.4547597632990505
EVALUATION!
Train loss: 0.49783508199978616
Validation loss: 0.5007015154232664
EVALUATION!
Train loss: 0.47430306570316727
Validation loss: 0.39173789364435396
Epoch 64, Average loss: 0.4425518820345815
EVALUATION!
Train loss: 0.4866871032371315
Validation loss: 0.41174867639817164
EVALUATION!
Train loss: 0.4400216740984808
Validation loss: 0.3897102466689481
EVALUATION!
Train loss: 0.44917420529502844
Validation loss: 0.44736987166946884
EVALUATION!
Train loss: 0.4307540158073463
Validation loss: 0.4061488385673588
EVALUATION!
Train loss: 0.4576170258773997
Validation loss: 0.5061723868611123
EVALUATION!
Train loss: 0.4221416979657506
Validation loss: 0.5150883850116845
Epoch 65, Average loss: 0.44255602900139185
EVALUATION!
Train loss: 0.41283041716727525
Validation loss: 0.4838165029780372
EVALUATION!
Train loss: 0.4011801559140464
Validation loss: 0.44856264930118306
EVALUATION!
Train loss: 0.4840364990421334
Validation loss: 0.480543969503506
EVALUATION!
Train loss: 0.42281184533645916
Validation loss: 0.46383571971994064
EVALUATION!
Train loss: 0.4196347398242807
Validation loss: 0.5537869616878172
EVALUATION!
Train loss: 0.3687899918400387
Validation loss: 0.4325682525082256
EVALUATION!
Train loss: 0.41757390321315047
Validation loss: 0.40637833196451034
Epoch 66, Average loss: 0.44255611864303723
EVALUATION!
Train loss: 0.403276687231137
Validation loss: 0.3708185798446096
EVALUATION!
Train loss: 0.40508879045896834
Validation loss: 0.4563870685816977
EVALUATION!
Train loss: 0.4110320646492136
Validation loss: 0.4012297190777268
EVALUATION!
Train loss: 0.41469600752332403
Validation loss: 0.4290598910346315
EVALUATION!
Train loss: 0.39592787012033664
Validation loss: 0.44388442186944876
EVALUATION!
Train loss: 0.4524522267241241
Validation loss: 0.44874692256292414
Epoch 67, Average loss: 0.4425552547502651
EVALUATION!
Train loss: 0.4100695558910984
Validation loss: 0.5036984610667379
EVALUATION!
Train loss: 0.49282861915892495
Validation loss: 0.4251502414296108
EVALUATION!
Train loss: 0.4180083021695779
Validation loss: 0.42586398649020535
EVALUATION!
Train loss: 0.477437205858709
Validation loss: 0.39848811229830605
EVALUATION!
Train loss: 0.3571137043093373
Validation loss: 0.43640890652256914
EVALUATION!
Train loss: 0.44569241900232176
Validation loss: 0.39355223728446553
EVALUATION!
Train loss: 0.4451071197779557
Validation loss: 0.4548138202295151
Epoch 68, Average loss: 0.4425490646586837
EVALUATION!
Train loss: 0.44772883764176286
Validation loss: 0.3928991224863717
EVALUATION!
Train loss: 0.43677299126915897
Validation loss: 0.42531842823335103
EVALUATION!
Train loss: 0.4720255500277319
Validation loss: 0.4437130456964227
EVALUATION!
Train loss: 0.5269600945963518
Validation loss: 0.387278428952264
EVALUATION!
Train loss: 0.4426211027890762
Validation loss: 0.4195019113143229
EVALUATION!
Train loss: 0.4263461183097423
Validation loss: 0.4066436326078934
Epoch 69, Average loss: 0.4425536033336407
EVALUATION!
Train loss: 0.39621985541622884
Validation loss: 0.44630605790956485
EVALUATION!
Train loss: 0.46475255882736927
Validation loss: 0.42468616075124493
EVALUATION!
Train loss: 0.46343276027562014
Validation loss: 0.4286598708857986
EVALUATION!
Train loss: 0.39971228551732396
Validation loss: 0.45074532657319877
EVALUATION!
Train loss: 0.45679815323209133
Validation loss: 0.4485783680930376
EVALUATION!
Train loss: 0.4277570378277458
Validation loss: 0.3737101887542412
EVALUATION!
Train loss: 0.42895283930275313
Validation loss: 0.4234340373227302
Epoch 70, Average loss: 0.44254899011320276
EVALUATION!
Train loss: 0.4784533122435216
Validation loss: 0.43078433030034413
EVALUATION!
Train loss: 0.4626231523039522
Validation loss: 0.45192021135143995
EVALUATION!
Train loss: 0.48742827907583336
Validation loss: 0.4627422313266166
EVALUATION!
Train loss: 0.42324431747757946
Validation loss: 0.45046434660060564
EVALUATION!
Train loss: 0.4274188640195179
Validation loss: 0.4831693349391578
EVALUATION!
Train loss: 0.39721644844647463
Validation loss: 0.41031981369380405
Epoch 71, Average loss: 0.44254896983743014
EVALUATION!
Train loss: 0.4891920278190877
Validation loss: 0.39777475468876683
EVALUATION!
Train loss: 0.5429575719902036
Validation loss: 0.4577370124404898
EVALUATION!
Train loss: 0.46521341846461783
Validation loss: 0.4676519283984277
EVALUATION!
Train loss: 0.408862974344539
Validation loss: 0.45255116066052326
EVALUATION!
Train loss: 0.3914507185259884
Validation loss: 0.46158114351744367
EVALUATION!
Train loss: 0.41812255613238863
Validation loss: 0.4477770018280186
EVALUATION!
Train loss: 0.38535407048133596
Validation loss: 0.4540891762364705
Epoch 72, Average loss: 0.4425505101147283
EVALUATION!
Train loss: 0.3931683546813246
Validation loss: 0.5512309863768501
EVALUATION!
Train loss: 0.4004952035626791
Validation loss: 0.5087443041570894
EVALUATION!
Train loss: 0.4060311895966204
Validation loss: 0.45465607439108036
EVALUATION!
Train loss: 0.40761198468385273
Validation loss: 0.41581772468433753
EVALUATION!
Train loss: 0.46937312172978884
Validation loss: 0.43631100909234377
EVALUATION!
Train loss: 0.4303888766280181
Validation loss: 0.43446416648367425
Epoch 73, Average loss: 0.4425504963430288
EVALUATION!
Train loss: 0.4161627712591279
Validation loss: 0.394848241200142
EVALUATION!
Train loss: 0.4436897497404626
Validation loss: 0.4681381468087733
EVALUATION!
Train loss: 0.42436145127510355
Validation loss: 0.47615444045311384
EVALUATION!
Train loss: 0.5157312009164164
Validation loss: 0.4347071149277766
EVALUATION!
Train loss: 0.4421039560808472
Validation loss: 0.40075212895880663
EVALUATION!
Train loss: 0.49374562560647917
Validation loss: 0.4638835585155895
EVALUATION!
Train loss: 0.4926446155300538
Validation loss: 0.45992750116130987
Epoch 74, Average loss: 0.44254167695181584
EVALUATION!
Train loss: 0.5302910966284271
Validation loss: 0.4590755686607494
EVALUATION!
Train loss: 0.4126072269516213
Validation loss: 0.38909581972615903
EVALUATION!
Train loss: 0.383973590323941
Validation loss: 0.461260673894222
EVALUATION!
Train loss: 0.4528723736428478
Validation loss: 0.38058051071347354
EVALUATION!
Train loss: 0.38934098929171335
Validation loss: 0.4159771444630616
EVALUATION!
Train loss: 0.4318952894184296
Validation loss: 0.4044191245257388
Epoch 75, Average loss: 0.4425505815582667
EVALUATION!
Train loss: 0.4317100318814971
Validation loss: 0.4439524017466864
EVALUATION!
Train loss: 0.4758857075942841
Validation loss: 0.40533084808271314
EVALUATION!
Train loss: 0.42770532510089254
Validation loss: 0.38954032128215854
EVALUATION!
Train loss: 0.389687537660352
Validation loss: 0.49223001611566686
EVALUATION!
Train loss: 0.41056578606269334
Validation loss: 0.4155531184608465
EVALUATION!
Train loss: 0.47851528683042516
Validation loss: 0.35702506436006776
EVALUATION!
Train loss: 0.4241327821140078
Validation loss: 0.3900471972749555
Epoch 76, Average loss: 0.44254584147676324
EVALUATION!
Train loss: 0.521432873713413
Validation loss: 0.4971303970164116
EVALUATION!
Train loss: 0.49232368064411547
Validation loss: 0.465744880501501
EVALUATION!
Train loss: 0.4635290442217631
Validation loss: 0.4238367201829947
EVALUATION!
Train loss: 0.4190407560267574
Validation loss: 0.43133457993196267
EVALUATION!
Train loss: 0.47064728261446087
Validation loss: 0.43918040792204527
EVALUATION!
Train loss: 0.4067209768895207
Validation loss: 0.44719282355500256
EVALUATION!
Train loss: 0.4241435636716707
Validation loss: 0.46900071616871736
Epoch 77, Average loss: 0.4425476194239725
EVALUATION!
Train loss: 0.45612856150119807
Validation loss: 0.43035144928081237
EVALUATION!
Train loss: 0.470887283546804
Validation loss: 0.42681577877576904
EVALUATION!
Train loss: 0.4070097173835143
Validation loss: 0.44706438575370744
EVALUATION!
Train loss: 0.48162570164302776
Validation loss: 0.4913788374497887
EVALUATION!
Train loss: 0.3924074978488325
Validation loss: 0.5098617006061958
EVALUATION!
Train loss: 0.4526730737261383
Validation loss: 0.4762526067095919
Epoch 78, Average loss: 0.4425460770019158
EVALUATION!
Train loss: 0.4497211684784732
Validation loss: 0.39197104770091884
EVALUATION!
Train loss: 0.4559960785374718
Validation loss: 0.39252269930526423
EVALUATION!
Train loss: 0.40582022104692167
Validation loss: 0.44335169536086827
EVALUATION!
Train loss: 0.38541559853942503
Validation loss: 0.45219517246235075
EVALUATION!
Train loss: 0.4053592697899699
Validation loss: 0.41112977212302865
EVALUATION!
Train loss: 0.5150567463586124
Validation loss: 0.49287035260270223
EVALUATION!
Train loss: 0.4156123397360584
Validation loss: 0.48095032141579414
Epoch 79, Average loss: 0.4425436288882988
EVALUATION!
Train loss: 0.4465277327123033
Validation loss: 0.44327456465074205
EVALUATION!
Train loss: 0.5153009692960475
Validation loss: 0.43769252718096097
EVALUATION!
Train loss: 0.4405897417559538
Validation loss: 0.5619945405436881
EVALUATION!
Train loss: 0.4168027549817386
Validation loss: 0.4675881854862693
EVALUATION!
Train loss: 0.4440393215020454
Validation loss: 0.42793519406662134
EVALUATION!
Train loss: 0.436891026212037
Validation loss: 0.4345056279658692
Epoch 80, Average loss: 0.4425445806247547
EVALUATION!
Train loss: 0.4066354599922898
Validation loss: 0.5643733095576848
EVALUATION!
Train loss: 0.45302959932996867
Validation loss: 0.44361883486211395
EVALUATION!
Train loss: 0.41093654263482404
Validation loss: 0.37792584726811596
EVALUATION!
Train loss: 0.47650966403394823
Validation loss: 0.427293384235062
EVALUATION!
Train loss: 0.4353648199236724
Validation loss: 0.4952163022497971
EVALUATION!
Train loss: 0.4546605318867031
Validation loss: 0.49901092948722886
EVALUATION!
Train loss: 0.49003788936182086
Validation loss: 0.4466130258839388
Epoch 81, Average loss: 0.4425464949442242
EVALUATION!
Train loss: 0.380678388310029
Validation loss: 0.3865931658572044
EVALUATION!
Train loss: 0.41682785476152107
Validation loss: 0.4515009663354011
EVALUATION!
Train loss: 0.3701420544489399
Validation loss: 0.400962068616961
EVALUATION!
Train loss: 0.4243967304209207
Validation loss: 0.42248235833519343
EVALUATION!
Train loss: 0.41158268945107046
Validation loss: 0.4955883346571689
EVALUATION!
Train loss: 0.4281837405540735
Validation loss: 0.4298906275394737
Epoch 82, Average loss: 0.44254196903918797
EVALUATION!
Train loss: 0.44695354112514335
Validation loss: 0.5134633699078932
EVALUATION!
Train loss: 0.4791310671132537
Validation loss: 0.43127428077811414
EVALUATION!
Train loss: 0.4342462567710618
Validation loss: 0.44134397441567985
EVALUATION!
Train loss: 0.39334228514018976
Validation loss: 0.4768068885281167
EVALUATION!
Train loss: 0.490300043631893
Validation loss: 0.3767045842770506
EVALUATION!
Train loss: 0.42405821624695667
Validation loss: 0.4034883086492238
EVALUATION!
Train loss: 0.4872048955001862
Validation loss: 0.3645124979781455
Epoch 83, Average loss: 0.44254618978714483
EVALUATION!
Train loss: 0.543994006905633
Validation loss: 0.4460134903241747
EVALUATION!
Train loss: 0.5008904581652457
Validation loss: 0.3851161328624264
EVALUATION!
Train loss: 0.41472204203638074
Validation loss: 0.395726550096868
EVALUATION!
Train loss: 0.47425374834140427
Validation loss: 0.44675623081353083
EVALUATION!
Train loss: 0.4663083366498745
Validation loss: 0.3916867207140935
EVALUATION!
Train loss: 0.4283759224256894
Validation loss: 0.45955319538429984
Epoch 84, Average loss: 0.4425434901377499
EVALUATION!
Train loss: 0.43656551039213315
Validation loss: 0.4529964645572271
EVALUATION!
Train loss: 0.4249815265477449
Validation loss: 0.4296833390328196
EVALUATION!
Train loss: 0.389388315294659
Validation loss: 0.40176742550409317
EVALUATION!
Train loss: 0.47021426573751574
Validation loss: 0.46075170801404325
EVALUATION!
Train loss: 0.4652464886791405
Validation loss: 0.4074478590780638
EVALUATION!
Train loss: 0.47318857218634847
Validation loss: 0.4416844093122999
EVALUATION!
Train loss: 0.4345359576631889
Validation loss: 0.4434356512502854
Epoch 85, Average loss: 0.4425440085209667
EVALUATION!
Train loss: 0.40182461697818467
Validation loss: 0.3679622288417
EVALUATION!
Train loss: 0.4172402131751996
Validation loss: 0.42749615367158206
EVALUATION!
Train loss: 0.42923960258565586
Validation loss: 0.4669905593802435
EVALUATION!
Train loss: 0.4030413195413673
Validation loss: 0.4370973644729836
EVALUATION!
Train loss: 0.46492494094954806
Validation loss: 0.3943694742231333
EVALUATION!
Train loss: 0.45973791044754797
Validation loss: 0.4992000145415675
Epoch 86, Average loss: 0.44254114113436915
EVALUATION!
Train loss: 0.4999167302411099
Validation loss: 0.46453577621299347
EVALUATION!
Train loss: 0.4214260612028918
Validation loss: 0.5031641178062566
EVALUATION!
Train loss: 0.40561260738321303
Validation loss: 0.4328048195988711
EVALUATION!
Train loss: 0.5328977211907803
Validation loss: 0.4534285250546116
EVALUATION!
Train loss: 0.49579491575488543
Validation loss: 0.5283195905088802
EVALUATION!
Train loss: 0.4626591232372556
Validation loss: 0.40422336938871817
EVALUATION!
Train loss: 0.5043230272269345
Validation loss: 0.48910183352903064
Epoch 87, Average loss: 0.4425468953946592
EVALUATION!
Train loss: 0.5110048645974128
Validation loss: 0.5080181274198705
EVALUATION!
Train loss: 0.501549793522475
Validation loss: 0.4178252501988178
EVALUATION!
Train loss: 0.40629548017980033
Validation loss: 0.4172768676797406
EVALUATION!
Train loss: 0.4548297462184931
Validation loss: 0.40160015161877205
EVALUATION!
Train loss: 0.4189328456129357
Validation loss: 0.4281283735020886
EVALUATION!
Train loss: 0.4661627944354584
Validation loss: 0.4824493560123687
Epoch 88, Average loss: 0.44254299841184314
EVALUATION!
Train loss: 0.47324365248666994
Validation loss: 0.4601478663501955
EVALUATION!
Train loss: 0.40179283226059803
Validation loss: 0.4444095468882404
EVALUATION!
Train loss: 0.47189829332451894
Validation loss: 0.44643083372959297
EVALUATION!
Train loss: 0.40433815555962643
Validation loss: 0.41948299606048256
EVALUATION!
Train loss: 0.487457342615443
Validation loss: 0.44077047548458603
EVALUATION!
Train loss: 0.3927370286033162
Validation loss: 0.35864949490095677
EVALUATION!
Train loss: 0.3827380113063298
Validation loss: 0.44450128890752144
Epoch 89, Average loss: 0.4425428225916822
EVALUATION!
Train loss: 0.4751532524824455
Validation loss: 0.46341154091459663
EVALUATION!
Train loss: 0.4440286756093877
Validation loss: 0.4417310535918089
EVALUATION!
Train loss: 0.37949046973058326
Validation loss: 0.49398977553161616
EVALUATION!
Train loss: 0.46131835624605066
Validation loss: 0.4490216715619531
EVALUATION!
Train loss: 0.38218533120627496
Validation loss: 0.3971374360840053
EVALUATION!
Train loss: 0.4685865183357535
Validation loss: 0.3988255651541425
Epoch 90, Average loss: 0.44254256675723386
EVALUATION!
Train loss: 0.40842849849326884
Validation loss: 0.49213376616020926
EVALUATION!
Train loss: 0.44725607844656246
Validation loss: 0.44463331800064465
EVALUATION!
Train loss: 0.47588653507901635
Validation loss: 0.44803325410278916
EVALUATION!
Train loss: 0.4525759629981193
Validation loss: 0.48608666860632643
EVALUATION!
Train loss: 0.46253978750163033
Validation loss: 0.4092923696397244
EVALUATION!
Train loss: 0.4334129582929583
Validation loss: 0.4707628798173397
EVALUATION!
Train loss: 0.44968880432331515
Validation loss: 0.4635964701886121
Epoch 91, Average loss: 0.4425400634796862
EVALUATION!
Train loss: 0.4667401036036546
Validation loss: 0.40839923930334826
EVALUATION!
Train loss: 0.3942351742811712
Validation loss: 0.5163387273511606
EVALUATION!
Train loss: 0.4636964480034904
Validation loss: 0.397406312421292
EVALUATION!
Train loss: 0.484741884948237
Validation loss: 0.44084631851670136
EVALUATION!
Train loss: 0.46368132901907966
Validation loss: 0.41831315628794474
EVALUATION!
Train loss: 0.3693293264543421
Validation loss: 0.48217159635489004
Epoch 92, Average loss: 0.44254367757487806
EVALUATION!
Train loss: 0.4488233680613233
Validation loss: 0.4766588726071134
EVALUATION!
Train loss: 0.43301739343321943
Validation loss: 0.42375132833314594
EVALUATION!
Train loss: 0.36701390598870026
Validation loss: 0.4942566986065812
EVALUATION!
Train loss: 0.4685841289623787
Validation loss: 0.40482688059671607
EVALUATION!
Train loss: 0.3797474721923774
Validation loss: 0.4477060547689267
EVALUATION!
Train loss: 0.43507110697446116
Validation loss: 0.4742736493725251
EVALUATION!
Train loss: 0.4212354304076106
Validation loss: 0.3957415696224703
Epoch 93, Average loss: 0.44254196708675847
EVALUATION!
Train loss: 0.45298142138389663
Validation loss: 0.42985138585126953
EVALUATION!
Train loss: 0.4791310476693093
Validation loss: 0.4595567053811802
EVALUATION!
Train loss: 0.39188126004729157
Validation loss: 0.4103730005389788
EVALUATION!
Train loss: 0.42123532132884806
Validation loss: 0.41322747589957726
EVALUATION!
Train loss: 0.43140889989487724
Validation loss: 0.4308803812818792
EVALUATION!
Train loss: 0.3901930108513597
Validation loss: 0.4311894779959027
Epoch 94, Average loss: 0.4425424503662237
EVALUATION!
Train loss: 0.42045894483867857
Validation loss: 0.5085740919075942
EVALUATION!
Train loss: 0.4504377896591249
Validation loss: 0.5221968165610786
EVALUATION!
Train loss: 0.4185753118921841
Validation loss: 0.4921146959205009
EVALUATION!
Train loss: 0.5476278350760392
Validation loss: 0.4182354206486421
EVALUATION!
Train loss: 0.49268313034457856
Validation loss: 0.48683183432521415
EVALUATION!
Train loss: 0.47403769930697354
Validation loss: 0.44879907955501663
EVALUATION!
Train loss: 0.4416869429246356
Validation loss: 0.4422335948591787
Epoch 95, Average loss: 0.44254454411491967
EVALUATION!
Train loss: 0.45747556663395283
Validation loss: 0.46973313386217413
EVALUATION!
Train loss: 0.4302265195118168
Validation loss: 0.4254381987373968
EVALUATION!
Train loss: 0.4081794451302538
Validation loss: 0.41153039690848675
EVALUATION!
Train loss: 0.44679926788958674
Validation loss: 0.39928600906787637
EVALUATION!
Train loss: 0.4212579827399727
Validation loss: 0.47253794527717546
EVALUATION!
Train loss: 0.41002027064652713
Validation loss: 0.5298100277200741
Epoch 96, Average loss: 0.44254285887379985
EVALUATION!
Train loss: 0.4574230167540625
Validation loss: 0.41168604507752155
EVALUATION!
Train loss: 0.4333431729367881
Validation loss: 0.5372813466597185
EVALUATION!
Train loss: 0.41183481800351407
Validation loss: 0.37070177169360574
EVALUATION!
Train loss: 0.4305331985655079
Validation loss: 0.4169153958745788
EVALUATION!
Train loss: 0.44054939718282016
Validation loss: 0.4790532148410227
EVALUATION!
Train loss: 0.5412031800758232
Validation loss: 0.41644993012956305
EVALUATION!
Train loss: 0.4412525759877151
Validation loss: 0.5305272614768644
Epoch 97, Average loss: 0.4425405988069826
EVALUATION!
Train loss: 0.4399638277087588
Validation loss: 0.5336292508433461
EVALUATION!
Train loss: 0.45449876678081874
Validation loss: 0.4399258233922225
EVALUATION!
Train loss: 0.3949528914000563
Validation loss: 0.406657166871668
EVALUATION!
Train loss: 0.4339171470572711
Validation loss: 0.466438118066628
EVALUATION!
Train loss: 0.44762526617623744
Validation loss: 0.5589367739020668
EVALUATION!
Train loss: 0.39966608699324957
Validation loss: 0.41917284036490277
Epoch 98, Average loss: 0.44254097599265985
EVALUATION!
Train loss: 0.43978963994364684
Validation loss: 0.4849980422307225
EVALUATION!
Train loss: 0.5445278795455897
Validation loss: 0.5217277463417987
EVALUATION!
Train loss: 0.4663641245032407
Validation loss: 0.41893853068207143
EVALUATION!
Train loss: 0.4371677012049499
Validation loss: 0.42241001795594535
EVALUATION!
Train loss: 0.4700202626945459
Validation loss: 0.4309615789006437
EVALUATION!
Train loss: 0.43795419086583137
Validation loss: 0.48815242988852975
EVALUATION!
Train loss: 0.5305735717752386
Validation loss: 0.4246963804623908
Epoch 99, Average loss: 0.4425439923978757
EVALUATION!
Train loss: 0.41000083830707057
Validation loss: 0.45042148610035165
EVALUATION!
Train loss: 0.49777274670977806
Validation loss: 0.4219947196100743
EVALUATION!
Train loss: 0.4023553046420618
Validation loss: 0.48113901995328884
EVALUATION!
Train loss: 0.46345343317110527
Validation loss: 0.41954713885956646
EVALUATION!
Train loss: 0.5267933695355949
Validation loss: 0.4430324079955943
EVALUATION!
Train loss: 0.40242003415407324
Validation loss: 0.4398787623638959
Epoch 100, Average loss: 0.4425406868243578
Done: 2024-04-11-14:13:23
