Node: comp-gpu07
Start: 2024-03-23-18:28:29
Working dir: /home/s214704/JK_bachelor

/var/lib/slurm/slurmd/job38583/slurm_script: line 23: /home/s214704/JK_bachelor/.bashrc: No such file or directory

CommandNotFoundError: Your shell has not been properly configured to use 'conda activate'.
To initialize your shell, run

    $ conda init <SHELL_NAME>

Currently supported shells are:
  - bash
  - fish
  - tcsh
  - xonsh
  - zsh
  - powershell

See 'conda init --help' for more information and options.

IMPORTANT: You may need to close and restart your shell after running 'conda init'.


Traceback (most recent call last):
  File "/home/s214704/JK_bachelor/VertebraeSegmentation/Verse/Training.py", line 4, in <module>
    from torch.utils.data import DataLoader
ModuleNotFoundError: No module named 'torch'
Done: 2024-03-23-18:28:30
