Node: comp-gpu02
Start: 2024-05-03-16:26:38
Working dir: /home/s214704/JK_bachelor

/var/lib/slurm/slurmd/job49906/slurm_script: line 24: /home/s214704/JK_bachelor/.bashrc: No such file or directory
Script started
conv_AE_UNet(
  (encoder): Sequential(
    (0): Conv2d(1, 16, kernel_size=(3, 3), stride=(1, 1), padding=(1, 1))
    (1): ReLU(inplace=True)
    (2): Conv2d(16, 16, kernel_size=(3, 3), stride=(1, 1), padding=(1, 1))
    (3): ReLU(inplace=True)
    (4): MaxPool2d(kernel_size=2, stride=2, padding=0, dilation=1, ceil_mode=False)
    (5): Conv2d(16, 32, kernel_size=(3, 3), stride=(1, 1), padding=(1, 1))
    (6): ReLU(inplace=True)
    (7): Conv2d(32, 32, kernel_size=(3, 3), stride=(1, 1), padding=(1, 1))
    (8): ReLU(inplace=True)
    (9): MaxPool2d(kernel_size=2, stride=2, padding=0, dilation=1, ceil_mode=False)
    (10): Conv2d(32, 64, kernel_size=(3, 3), stride=(1, 1), padding=(1, 1))
    (11): ReLU(inplace=True)
    (12): Conv2d(64, 64, kernel_size=(3, 3), stride=(1, 1), padding=(1, 1))
    (13): ReLU(inplace=True)
    (14): MaxPool2d(kernel_size=2, stride=2, padding=0, dilation=1, ceil_mode=False)
    (15): Conv2d(64, 128, kernel_size=(3, 3), stride=(1, 1), padding=(1, 1))
    (16): ReLU(inplace=True)
    (17): Conv2d(128, 128, kernel_size=(3, 3), stride=(1, 1), padding=(1, 1))
  )
  (decoder): Sequential(
    (0): Conv2d(128, 64, kernel_size=(3, 3), stride=(1, 1), padding=(1, 1))
    (1): ReLU(inplace=True)
    (2): ConvTranspose2d(64, 64, kernel_size=(2, 2), stride=(2, 2))
    (3): Conv2d(64, 64, kernel_size=(3, 3), stride=(1, 1), padding=(1, 1))
    (4): ReLU(inplace=True)
    (5): Conv2d(64, 32, kernel_size=(3, 3), stride=(1, 1), padding=(1, 1))
    (6): ReLU(inplace=True)
    (7): ConvTranspose2d(32, 32, kernel_size=(2, 2), stride=(2, 2))
    (8): Conv2d(32, 32, kernel_size=(3, 3), stride=(1, 1), padding=(1, 1))
    (9): ReLU(inplace=True)
    (10): Conv2d(32, 16, kernel_size=(3, 3), stride=(1, 1), padding=(1, 1))
    (11): ReLU(inplace=True)
    (12): ConvTranspose2d(16, 16, kernel_size=(2, 2), stride=(2, 2))
    (13): Conv2d(16, 16, kernel_size=(3, 3), stride=(1, 1), padding=(1, 1))
    (14): ReLU(inplace=True)
    (15): Conv2d(16, 1, kernel_size=(3, 3), stride=(1, 1), padding=(1, 1))
  )
)

EVALUATION!
Validation loss: 0.4371355473995209
Epoch 1, Average loss: 0.4215051803069237
Model saved

EVALUATION!
Validation loss: 0.0014452578034251928

EVALUATION!
Validation loss: 0.0011268910020589828
Epoch 101, Average loss: 0.001626173758547968

EVALUATION!
Validation loss: 0.0007875014562159777

EVALUATION!
Validation loss: 0.0010213385103270411

EVALUATION!
Validation loss: 0.0008079617982730269
Epoch 201, Average loss: 0.0012467993515318271

EVALUATION!
Validation loss: 0.0008625564514659345

EVALUATION!
Validation loss: 0.0006384140579029918
Epoch 301, Average loss: 0.0010035790592855148

EVALUATION!
Validation loss: 0.0004403921193443239

EVALUATION!
Validation loss: 0.00036611565155908465

EVALUATION!
Validation loss: 0.00047347304644063115
Epoch 401, Average loss: 0.0005854001950725573

EVALUATION!
Validation loss: 0.0003330056497361511

EVALUATION!
Validation loss: 0.000785744923632592
Epoch 501, Average loss: 0.0007974304899107665

EVALUATION!
Validation loss: 0.00029952562181279063

EVALUATION!
Validation loss: 0.0003861979057546705

EVALUATION!
Validation loss: 0.0002636010176502168
Epoch 601, Average loss: 0.0005101539205404548

EVALUATION!
Validation loss: 0.0003907985519617796

EVALUATION!
Validation loss: 0.0004211842897348106
Epoch 701, Average loss: 0.0003903479431849122

EVALUATION!
Validation loss: 0.0002379432989982888

EVALUATION!
Validation loss: 0.00030359881930053234

EVALUATION!
Validation loss: 0.00027030889759771526
Epoch 801, Average loss: 0.00038739849864773883

EVALUATION!
Validation loss: 0.0003135525912512094

EVALUATION!
Validation loss: 0.00022249235189519823
Epoch 901, Average loss: 0.0007015144341820792

EVALUATION!
Validation loss: 0.00030315559706650674

EVALUATION!
Validation loss: 0.00032561225816607475

EVALUATION!
Validation loss: 0.0002737881150096655
Epoch 1001, Average loss: 0.0005754722582750196

EVALUATION!
Validation loss: 0.00046548896352760494

EVALUATION!
Validation loss: 0.00023433429305441678
Epoch 1101, Average loss: 0.0007859596986143002

EVALUATION!
Validation loss: 0.0003045820340048522

EVALUATION!
Validation loss: 0.00027461734134703875

EVALUATION!
Validation loss: 0.00025538663612678647
Epoch 1201, Average loss: 0.00047509871465314436

EVALUATION!
Validation loss: 0.0004535876214504242

EVALUATION!
Validation loss: 0.0002831743040587753
Epoch 1301, Average loss: 0.0005299311228904676

EVALUATION!
Validation loss: 0.00045833527110517025

EVALUATION!
Validation loss: 0.00023005378898233175

EVALUATION!
Validation loss: 0.0003095936554018408
Epoch 1401, Average loss: 0.0007180098437413854

EVALUATION!
Validation loss: 0.00021549928351305425

EVALUATION!
Validation loss: 0.0002831398160196841
Epoch 1501, Average loss: 0.000618836047065904

EVALUATION!
Validation loss: 0.00022441527107730508

EVALUATION!
Validation loss: 0.0002961282152682543

EVALUATION!
Validation loss: 0.0003357818932272494
Epoch 1601, Average loss: 0.0004901884547927274

EVALUATION!
Validation loss: 0.00018452333461027592

EVALUATION!
Validation loss: 0.00019726016034837812
Epoch 1701, Average loss: 0.0004896368502672069

EVALUATION!
Validation loss: 0.0002383009996265173

EVALUATION!
Validation loss: 0.00017605509492568672

EVALUATION!
Validation loss: 0.00047114514745771885
Epoch 1801, Average loss: 0.0009668773474960546

EVALUATION!
Validation loss: 0.00027356541249901056

EVALUATION!
Validation loss: 0.00022351932420860976
Epoch 1901, Average loss: 0.0004362263703231479

EVALUATION!
Validation loss: 0.00020970532204955816

EVALUATION!
Validation loss: 0.00022131441801320761
Model saved
Done: 2024-05-03-16:51:21
