Node: comp-gpu06
Start: 2024-05-07-07:53:01
Working dir: /home/s214704/JK_bachelor

/var/lib/slurm/slurmd/job50146/slurm_script: line 24: /home/s214704/JK_bachelor/.bashrc: No such file or directory
Script started
117
conv_AE_UNet(
  (encoder): Sequential(
    (0): Conv2d(1, 16, kernel_size=(3, 3), stride=(1, 1), padding=(1, 1))
    (1): ReLU(inplace=True)
    (2): Conv2d(16, 16, kernel_size=(3, 3), stride=(1, 1), padding=(1, 1))
    (3): ReLU(inplace=True)
    (4): MaxPool2d(kernel_size=2, stride=2, padding=0, dilation=1, ceil_mode=False)
    (5): Conv2d(16, 32, kernel_size=(3, 3), stride=(1, 1), padding=(1, 1))
    (6): ReLU(inplace=True)
    (7): Conv2d(32, 32, kernel_size=(3, 3), stride=(1, 1), padding=(1, 1))
    (8): ReLU(inplace=True)
    (9): MaxPool2d(kernel_size=2, stride=2, padding=0, dilation=1, ceil_mode=False)
    (10): Conv2d(32, 64, kernel_size=(3, 3), stride=(1, 1), padding=(1, 1))
    (11): ReLU(inplace=True)
    (12): Conv2d(64, 64, kernel_size=(3, 3), stride=(1, 1), padding=(1, 1))
    (13): ReLU(inplace=True)
    (14): MaxPool2d(kernel_size=2, stride=2, padding=0, dilation=1, ceil_mode=False)
    (15): Conv2d(64, 128, kernel_size=(3, 3), stride=(1, 1), padding=(1, 1))
    (16): ReLU(inplace=True)
    (17): Conv2d(128, 128, kernel_size=(3, 3), stride=(1, 1), padding=(1, 1))
  )
  (decoder): Sequential(
    (0): Conv2d(128, 64, kernel_size=(3, 3), stride=(1, 1), padding=(1, 1))
    (1): ReLU(inplace=True)
    (2): ConvTranspose2d(64, 64, kernel_size=(2, 2), stride=(2, 2))
    (3): Conv2d(64, 64, kernel_size=(3, 3), stride=(1, 1), padding=(1, 1))
    (4): ReLU(inplace=True)
    (5): Conv2d(64, 32, kernel_size=(3, 3), stride=(1, 1), padding=(1, 1))
    (6): ReLU(inplace=True)
    (7): ConvTranspose2d(32, 32, kernel_size=(2, 2), stride=(2, 2))
    (8): Conv2d(32, 32, kernel_size=(3, 3), stride=(1, 1), padding=(1, 1))
    (9): ReLU(inplace=True)
    (10): Conv2d(32, 16, kernel_size=(3, 3), stride=(1, 1), padding=(1, 1))
    (11): ReLU(inplace=True)
    (12): ConvTranspose2d(16, 16, kernel_size=(2, 2), stride=(2, 2))
    (13): Conv2d(16, 16, kernel_size=(3, 3), stride=(1, 1), padding=(1, 1))
    (14): ReLU(inplace=True)
    (15): Conv2d(16, 1, kernel_size=(3, 3), stride=(1, 1), padding=(1, 1))
  )
)

EVALUATION!
Validation loss: 0.3333436846733093
Epoch 1, Average loss: 0.3076639910443471
Model saved

EVALUATION!
Validation loss: 0.002083979081362486

EVALUATION!
Validation loss: 0.0018815307412296534
Epoch 101, Average loss: 0.004169557854206337

EVALUATION!
Validation loss: 0.0038497592322528362

EVALUATION!
Validation loss: 0.0007706218166276813
Epoch 201, Average loss: 0.0018831211933642267

EVALUATION!
Validation loss: 0.0009565073996782303

EVALUATION!
Validation loss: 0.0016569821164011955

EVALUATION!
Validation loss: 0.0007527393172495067
Epoch 301, Average loss: 0.0010034712969429211

EVALUATION!
Validation loss: 0.0007465393282473087

EVALUATION!
Validation loss: 0.0011324863880872726
Epoch 401, Average loss: 0.0007533028926375734

EVALUATION!
Validation loss: 0.0012540491297841072

EVALUATION!
Validation loss: 0.0007004309445619583
Epoch 501, Average loss: 0.0009514175762888044

EVALUATION!
Validation loss: 0.00045163495815359056

EVALUATION!
Validation loss: 0.0018280883086845279

EVALUATION!
Validation loss: 0.0007289044442586601
Epoch 601, Average loss: 0.0008077873906772882

EVALUATION!
Validation loss: 0.0002539436100050807

EVALUATION!
Validation loss: 0.0005880523240193725
Epoch 701, Average loss: 0.0006478833249555185

EVALUATION!
Validation loss: 0.0005179829895496368

EVALUATION!
Validation loss: 0.0005794680910184979
Epoch 801, Average loss: 0.0006397818607440105

EVALUATION!
Validation loss: 0.0006782399723306298

EVALUATION!
Validation loss: 0.0003239983634557575

EVALUATION!
Validation loss: 0.00041915912879630923
Epoch 901, Average loss: 0.001309648874107202

EVALUATION!
Validation loss: 0.0005871397443115711

EVALUATION!
Validation loss: 0.00045661869808100164
Epoch 1001, Average loss: 0.0006197860481664136

EVALUATION!
Validation loss: 0.000979095697402954

EVALUATION!
Validation loss: 0.0006313063204288483
Epoch 1101, Average loss: 0.0002707338534002282

EVALUATION!
Validation loss: 0.0005430831806734204

EVALUATION!
Validation loss: 0.0002194203552789986

EVALUATION!
Validation loss: 0.00120567437261343
Epoch 1201, Average loss: 0.000485408423278736

EVALUATION!
Validation loss: 0.0007888238760642707

EVALUATION!
Validation loss: 0.000567556475289166
Epoch 1301, Average loss: 0.0006045264846108741

EVALUATION!
Validation loss: 0.000528087024576962

EVALUATION!
Validation loss: 0.0005552285583689809
Epoch 1401, Average loss: 0.000633657496296226

EVALUATION!
Validation loss: 0.001299703842960298

EVALUATION!
Validation loss: 0.0003254307375755161

EVALUATION!
Validation loss: 0.00042630216921679676
Epoch 1501, Average loss: 0.0004695727430561629

EVALUATION!
Validation loss: 0.0004188439343124628

EVALUATION!
Validation loss: 0.0005906564183533192
Epoch 1601, Average loss: 0.0006845978190400414

EVALUATION!
Validation loss: 0.0003022121964022517

EVALUATION!
Validation loss: 0.0007372562540695071
Epoch 1701, Average loss: 0.00042734609385847877

EVALUATION!
Validation loss: 0.0006455816910602152

EVALUATION!
Validation loss: 0.00036174693377688527

EVALUATION!
Validation loss: 0.0006057072896510363
Epoch 1801, Average loss: 0.0008020353857901705

EVALUATION!
Validation loss: 0.00036109014763496816

EVALUATION!
Validation loss: 0.0005312892026267946
Epoch 1901, Average loss: 0.0007616351842723537

EVALUATION!
Validation loss: 0.0002968357875943184

EVALUATION!
Validation loss: 0.0004902794607914984
Model saved
Done: 2024-05-07-08:27:45
