Node: comp-gpu02
Start: 2024-04-11-11:29:39
Working dir: /home/s214704/JK_bachelor

/var/lib/slurm/slurmd/job40846/slurm_script: line 23: /home/s214704/JK_bachelor/.bashrc: No such file or directory
/var/lib/slurm/slurmd/job40846/slurm_script: line 25: bsc-env/bin/activate: No such file or directory
AE2D(
  (encoder): Sequential(
    (0): Linear(in_features=96, out_features=512, bias=True)
    (1): ReLU()
    (2): Linear(in_features=512, out_features=256, bias=True)
    (3): ReLU()
    (4): Linear(in_features=256, out_features=128, bias=True)
  )
  (decoder): Sequential(
    (0): Linear(in_features=128, out_features=256, bias=True)
    (1): ReLU()
    (2): Linear(in_features=256, out_features=512, bias=True)
    (3): ReLU()
    (4): Linear(in_features=512, out_features=96, bias=True)
    (5): Sigmoid()
  )
)
EVALUATION!
Train loss: 1.2874992081552032
Validation loss: 1.2122564956508295
EVALUATION!
Train loss: 0.6348936371956309
Validation loss: 0.6454891115903401
EVALUATION!
Train loss: 0.42719911712388325
Validation loss: 0.43607816098047075
EVALUATION!
Train loss: 0.39951363945494406
Validation loss: 0.5080868584983822
EVALUATION!
Train loss: 0.4541083800555306
Validation loss: 0.4283515159596584
EVALUATION!
Train loss: 0.44128073569511994
Validation loss: 0.4664849194894498
EVALUATION!
Train loss: 0.39163198858809317
Validation loss: 0.48715375352646795
Epoch 1, Average loss: 0.5604948048380075
EVALUATION!
Train loss: 0.41931518890753117
Validation loss: 0.4228531616255979
EVALUATION!
Train loss: 0.3826329946358884
Validation loss: 0.37144822210653095
EVALUATION!
Train loss: 0.41273303716870774
Validation loss: 0.4157480848243701
EVALUATION!
Train loss: 0.47837824384130345
Validation loss: 0.44641377467458493
EVALUATION!
Train loss: 0.41048328905317827
Validation loss: 0.3858646315705365
EVALUATION!
Train loss: 0.43644735248965905
Validation loss: 0.4659630031494978
EVALUATION!
Train loss: 0.4236786213070155
Validation loss: 0.4691889482406196
Epoch 2, Average loss: 0.4426008242518511
EVALUATION!
Train loss: 0.46677324279741655
Validation loss: 0.5681569511535749
EVALUATION!
Train loss: 0.39525157372555686
Validation loss: 0.4942632023046345
EVALUATION!
Train loss: 0.4127295475701621
Validation loss: 0.5031157387966237
EVALUATION!
Train loss: 0.5348040017090665
Validation loss: 0.40323312085143315
EVALUATION!
Train loss: 0.37987456959651206
Validation loss: 0.5081104121291846
EVALUATION!
Train loss: 0.43117378171469517
Validation loss: 0.4234581229888155
Epoch 3, Average loss: 0.4425415712896866
EVALUATION!
Train loss: 0.42572984411383075
Validation loss: 0.4316679280926331
EVALUATION!
Train loss: 0.4152410884575143
Validation loss: 0.3969739028625108
EVALUATION!
Train loss: 0.4158461156816505
Validation loss: 0.4689772001723262
EVALUATION!
Train loss: 0.4250849041667695
Validation loss: 0.3815904021981514
EVALUATION!
Train loss: 0.4699155758723813
Validation loss: 0.502762039350614
EVALUATION!
Train loss: 0.38362754699587115
Validation loss: 0.4867242991749383
EVALUATION!
Train loss: 0.49466790693704343
Validation loss: 0.4171840384910953
Epoch 4, Average loss: 0.44253767156918533
EVALUATION!
Train loss: 0.42212197211932667
Validation loss: 0.4501725214455595
EVALUATION!
Train loss: 0.419439053807056
Validation loss: 0.4246012792804291
EVALUATION!
Train loss: 0.47865177117267593
Validation loss: 0.4576244935869019
EVALUATION!
Train loss: 0.5418861783039863
Validation loss: 0.4620699465529972
EVALUATION!
Train loss: 0.4322634925001675
Validation loss: 0.469547094442727
EVALUATION!
Train loss: 0.4592014488861175
Validation loss: 0.43702419436726725
Epoch 5, Average loss: 0.44253656569707184
EVALUATION!
Train loss: 0.4213157344021683
Validation loss: 0.44306974788011305
EVALUATION!
Train loss: 0.40114101062300433
Validation loss: 0.4622109563958471
EVALUATION!
Train loss: 0.4704009069267272
Validation loss: 0.38835470524051957
EVALUATION!
Train loss: 0.42424152844635155
Validation loss: 0.47763187863856205
EVALUATION!
Train loss: 0.43633518418224276
Validation loss: 0.4181714873067035
EVALUATION!
Train loss: 0.43984380076153184
Validation loss: 0.43954437709520155
EVALUATION!
Train loss: 0.4108120222702265
Validation loss: 0.4340363968374209
Epoch 6, Average loss: 0.4425451710639405
EVALUATION!
Train loss: 0.49820656900956706
Validation loss: 0.39619340852971163
EVALUATION!
Train loss: 0.4159211689087628
Validation loss: 0.45212714249772307
EVALUATION!
Train loss: 0.476920456069139
Validation loss: 0.45656367366318096
EVALUATION!
Train loss: 0.5238602820016053
Validation loss: 0.4719472645228704
EVALUATION!
Train loss: 0.46844335455885916
Validation loss: 0.3992796782239084
EVALUATION!
Train loss: 0.5449983107204559
Validation loss: 0.45653126789983256
Epoch 7, Average loss: 0.44254307198038656
EVALUATION!
Train loss: 0.41118967331000195
Validation loss: 0.5162722922858494
EVALUATION!
Train loss: 0.40416983094920556
Validation loss: 0.4162470128943335
EVALUATION!
Train loss: 0.45965899016539014
Validation loss: 0.4321973609496288
EVALUATION!
Train loss: 0.4830816322253512
Validation loss: 0.4322090493033123
EVALUATION!
Train loss: 0.40740309111395145
Validation loss: 0.41972936069197636
EVALUATION!
Train loss: 0.4218267675671138
Validation loss: 0.37450104134683154
EVALUATION!
Train loss: 0.40973672946446327
Validation loss: 0.43459961646090106
Epoch 8, Average loss: 0.442545492589989
EVALUATION!
Train loss: 0.48173806910473277
Validation loss: 0.4917443833152301
EVALUATION!
Train loss: 0.40099365965464084
Validation loss: 0.4247270120424574
EVALUATION!
Train loss: 0.3899340624949721
Validation loss: 0.5305651722870637
EVALUATION!
Train loss: 0.40140355937284944
Validation loss: 0.5192657641486051
EVALUATION!
Train loss: 0.4131233092788783
Validation loss: 0.3864209712954856
EVALUATION!
Train loss: 0.4062818523780889
Validation loss: 0.37919206634831865
Epoch 9, Average loss: 0.44255147455226673
EVALUATION!
Train loss: 0.502912184466209
Validation loss: 0.393009885845261
EVALUATION!
Train loss: 0.4196727785718104
Validation loss: 0.4112421327285074
EVALUATION!
Train loss: 0.5086214470718389
Validation loss: 0.494864477237532
EVALUATION!
Train loss: 0.5197428208608019
Validation loss: 0.48800846825172267
EVALUATION!
Train loss: 0.38998864711827225
Validation loss: 0.3722119471556104
EVALUATION!
Train loss: 0.4755505282876441
Validation loss: 0.47413194292695254
EVALUATION!
Train loss: 0.4550830842705077
Validation loss: 0.4652971060846677
Epoch 10, Average loss: 0.4425482816721903
EVALUATION!
Train loss: 0.515579618694708
Validation loss: 0.4162397532790993
EVALUATION!
Train loss: 0.4283644338735666
Validation loss: 0.422332090120749
EVALUATION!
Train loss: 0.4598156385742399
Validation loss: 0.4821396325098754
EVALUATION!
Train loss: 0.44310620131826894
Validation loss: 0.4436425539708388
EVALUATION!
Train loss: 0.4062628639356515
Validation loss: 0.39060965475987874
EVALUATION!
Train loss: 0.41470508663103695
Validation loss: 0.3735956224609738
Epoch 11, Average loss: 0.44254404674784575
EVALUATION!
Train loss: 0.4114578491610713
Validation loss: 0.47978131023745896
EVALUATION!
Train loss: 0.41284458016603975
Validation loss: 0.4916193403452457
EVALUATION!
Train loss: 0.41707618347522024
Validation loss: 0.3937998084244544
EVALUATION!
Train loss: 0.4085201951438366
Validation loss: 0.44801800026983685
EVALUATION!
Train loss: 0.5165915715975631
Validation loss: 0.44982584337542725
EVALUATION!
Train loss: 0.41748188248348483
Validation loss: 0.3951887872809783
EVALUATION!
Train loss: 0.45269592208880977
Validation loss: 0.458680249579798
Epoch 12, Average loss: 0.4425479093889377
EVALUATION!
Train loss: 0.4165777028771859
Validation loss: 0.49512061273956415
EVALUATION!
Train loss: 0.4676009462853072
Validation loss: 0.4168392652470228
EVALUATION!
Train loss: 0.5011738036814967
Validation loss: 0.46328508577083544
EVALUATION!
Train loss: 0.43653575304176195
Validation loss: 0.4707458830222341
EVALUATION!
Train loss: 0.46247798227407977
Validation loss: 0.48894552692304305
EVALUATION!
Train loss: 0.49194461024841446
Validation loss: 0.38962781537743174
Epoch 13, Average loss: 0.44254390298585855
EVALUATION!
Train loss: 0.36308642171918437
Validation loss: 0.41667151641639155
EVALUATION!
Train loss: 0.5027941002528981
Validation loss: 0.3980238972462205
EVALUATION!
Train loss: 0.48607212946368855
Validation loss: 0.5113743685811303
EVALUATION!
Train loss: 0.42515471710556174
Validation loss: 0.5205593197334493
EVALUATION!
Train loss: 0.3935251545128689
Validation loss: 0.4171524077259695
EVALUATION!
Train loss: 0.45568229178100844
Validation loss: 0.4721785007755296
EVALUATION!
Train loss: 0.4103065129509854
Validation loss: 0.4483983790116552
Epoch 14, Average loss: 0.4425444037491507
EVALUATION!
Train loss: 0.4668095180325419
Validation loss: 0.4297517512215445
EVALUATION!
Train loss: 0.3853841589108503
Validation loss: 0.4762001682773092
EVALUATION!
Train loss: 0.40199715355690024
Validation loss: 0.4460561130929125
EVALUATION!
Train loss: 0.3602908824311591
Validation loss: 0.4728551770976056
EVALUATION!
Train loss: 0.4549627299772411
Validation loss: 0.5007021954245763
EVALUATION!
Train loss: 0.5161286263396285
Validation loss: 0.39305244203544165
Epoch 15, Average loss: 0.4425468536249684
EVALUATION!
Train loss: 0.416279437412848
Validation loss: 0.45678009765145156
EVALUATION!
Train loss: 0.4793115525700598
Validation loss: 0.3993357729463544
EVALUATION!
Train loss: 0.4363458263002399
Validation loss: 0.483316532731524
EVALUATION!
Train loss: 0.4066072296591404
Validation loss: 0.4055383197361545
EVALUATION!
Train loss: 0.4355781467445555
Validation loss: 0.4232121768642457
EVALUATION!
Train loss: 0.476212157298869
Validation loss: 0.4406373731084656
EVALUATION!
Train loss: 0.48703179280072567
Validation loss: 0.38309286653778984
Epoch 16, Average loss: 0.44254176380968496
EVALUATION!
Train loss: 0.48224740370607605
Validation loss: 0.47082394383358983
EVALUATION!
Train loss: 0.42892330686969943
Validation loss: 0.4936527177059248
EVALUATION!
Train loss: 0.42738963388547385
Validation loss: 0.4144840092781997
EVALUATION!
Train loss: 0.5110334850443834
Validation loss: 0.5577325293818263
EVALUATION!
Train loss: 0.4865295495112346
Validation loss: 0.4759275499376533
EVALUATION!
Train loss: 0.4502852163020794
Validation loss: 0.43325705426423544
Epoch 17, Average loss: 0.4425434772919016
EVALUATION!
Train loss: 0.4181256787954708
Validation loss: 0.5215933567410624
EVALUATION!
Train loss: 0.4825551158174308
Validation loss: 0.4452155560456763
EVALUATION!
Train loss: 0.3752513551043165
Validation loss: 0.44840569930210095
EVALUATION!
Train loss: 0.39165394230330863
Validation loss: 0.4126205338664698
EVALUATION!
Train loss: 0.45677325829083876
Validation loss: 0.4150686688320981
EVALUATION!
Train loss: 0.4050025888320283
Validation loss: 0.41468726272434875
EVALUATION!
Train loss: 0.5300801257852419
Validation loss: 0.44286754227306824
Epoch 18, Average loss: 0.44254171591926794
EVALUATION!
Train loss: 0.42303392971774584
Validation loss: 0.42613205723422054
EVALUATION!
Train loss: 0.39842206015398907
Validation loss: 0.4247248357852572
EVALUATION!
Train loss: 0.3852689640841941
Validation loss: 0.47851959202887234
EVALUATION!
Train loss: 0.45599857341251937
Validation loss: 0.46599983524026767
EVALUATION!
Train loss: 0.5780638221078949
Validation loss: 0.5129170585971995
EVALUATION!
Train loss: 0.41584230305861175
Validation loss: 0.37681669965363324
Epoch 19, Average loss: 0.4425424134783761
EVALUATION!
Train loss: 0.4345750345112528
Validation loss: 0.48609123603666654
EVALUATION!
Train loss: 0.40139086053624046
Validation loss: 0.4234514353393495
EVALUATION!
Train loss: 0.4419075136517237
Validation loss: 0.43207260877571974
EVALUATION!
Train loss: 0.4271578067779428
Validation loss: 0.4587901489297856
EVALUATION!
Train loss: 0.4562568675212438
Validation loss: 0.48237703951844013
EVALUATION!
Train loss: 0.445834938132838
Validation loss: 0.5630761192114848
EVALUATION!
Train loss: 0.4036683631013954
Validation loss: 0.4216424741012819
Epoch 20, Average loss: 0.44254374755959347
EVALUATION!
Train loss: 0.4441198086187219
Validation loss: 0.4335390184701942
EVALUATION!
Train loss: 0.5056963787600537
Validation loss: 0.5143614306774228
EVALUATION!
Train loss: 0.39455204110857456
Validation loss: 0.43862230023410975
EVALUATION!
Train loss: 0.3738173719904024
Validation loss: 0.5001689343559395
EVALUATION!
Train loss: 0.39747755966506987
Validation loss: 0.44783189946852664
EVALUATION!
Train loss: 0.41789841104630965
Validation loss: 0.4300561777670885
Epoch 21, Average loss: 0.4425440241490828
EVALUATION!
Train loss: 0.44491142716157883
Validation loss: 0.42414474050906553
EVALUATION!
Train loss: 0.42922634569756557
Validation loss: 0.4272022268685126
EVALUATION!
Train loss: 0.41110825660680234
Validation loss: 0.3909667241001758
EVALUATION!
Train loss: 0.41648276825003094
Validation loss: 0.48584537020549856
EVALUATION!
Train loss: 0.5830700519796819
Validation loss: 0.3544662332322246
EVALUATION!
Train loss: 0.43110329827325894
Validation loss: 0.4488293525469632
EVALUATION!
Train loss: 0.3981584086670963
Validation loss: 0.42119393137097483
Epoch 22, Average loss: 0.4425434850660283
EVALUATION!
Train loss: 0.3771227233112562
Validation loss: 0.48570109943013773
EVALUATION!
Train loss: 0.42020434946603535
Validation loss: 0.4109020219662153
EVALUATION!
Train loss: 0.4535627032715353
Validation loss: 0.4461173399671635
EVALUATION!
Train loss: 0.4683084082925563
Validation loss: 0.5384807467293115
EVALUATION!
Train loss: 0.3922757439042092
Validation loss: 0.4999688020357871
EVALUATION!
Train loss: 0.5203488871998062
Validation loss: 0.4638987122873388
Epoch 23, Average loss: 0.4425430816359842
EVALUATION!
Train loss: 0.5090682877944154
Validation loss: 0.48397319448688847
EVALUATION!
Train loss: 0.5105898131437575
Validation loss: 0.40979037069570856
EVALUATION!
Train loss: 0.3961018549885805
Validation loss: 0.3827357609380033
EVALUATION!
Train loss: 0.400126056201234
Validation loss: 0.5114835872595467
EVALUATION!
Train loss: 0.48902195102103685
Validation loss: 0.42061384318652423
EVALUATION!
Train loss: 0.4484516813488778
Validation loss: 0.5275086067829007
EVALUATION!
Train loss: 0.5273393150421958
Validation loss: 0.38077801181897986
Epoch 24, Average loss: 0.4425456054267414
EVALUATION!
Train loss: 0.39399427252735764
Validation loss: 0.4982067181820667
EVALUATION!
Train loss: 0.4518751007408587
Validation loss: 0.5164009834224187
EVALUATION!
Train loss: 0.40018778766284513
Validation loss: 0.38850679074774264
EVALUATION!
Train loss: 0.4583660859049137
Validation loss: 0.38352209937115067
EVALUATION!
Train loss: 0.4428492851768637
Validation loss: 0.4105772715997893
EVALUATION!
Train loss: 0.4705694849808454
Validation loss: 0.4337135193271138
Epoch 25, Average loss: 0.4425415371723174
EVALUATION!
Train loss: 0.4000893666972779
Validation loss: 0.503272917288385
EVALUATION!
Train loss: 0.4433338446086103
Validation loss: 0.42326266100729243
EVALUATION!
Train loss: 0.42103670129059567
Validation loss: 0.46899957131641107
EVALUATION!
Train loss: 0.43370228057219773
Validation loss: 0.41433100693728697
EVALUATION!
Train loss: 0.47331128760203267
Validation loss: 0.41354829945693067
EVALUATION!
Train loss: 0.4522902358393579
Validation loss: 0.477598159881602
EVALUATION!
Train loss: 0.39205398821414317
Validation loss: 0.44229358202337393
Epoch 26, Average loss: 0.44254545811602725
EVALUATION!
Train loss: 0.4848989753380469
Validation loss: 0.40872083821631255
EVALUATION!
Train loss: 0.4125497554066676
Validation loss: 0.3676031769679497
EVALUATION!
Train loss: 0.4824809791482485
Validation loss: 0.5384844362903998
EVALUATION!
Train loss: 0.41704130064444656
Validation loss: 0.4645020237976804
EVALUATION!
Train loss: 0.4139436158315908
Validation loss: 0.38161995202283017
EVALUATION!
Train loss: 0.43389037651395085
Validation loss: 0.5010728540341924
EVALUATION!
Train loss: 0.4548291800646796
Validation loss: 0.4350239150543542
Epoch 27, Average loss: 0.4425430044627848
EVALUATION!
Train loss: 0.3922508832655117
Validation loss: 0.4530021182116669
EVALUATION!
Train loss: 0.4462900671906496
Validation loss: 0.4984013784854401
EVALUATION!
Train loss: 0.47946449775303873
Validation loss: 0.476942975331322
EVALUATION!
Train loss: 0.4404993815671651
Validation loss: 0.5052012980692946
EVALUATION!
Train loss: 0.44194422429302394
Validation loss: 0.44815694278933177
EVALUATION!
Train loss: 0.4455889598296728
Validation loss: 0.42323843674341555
Epoch 28, Average loss: 0.4425455995899514
EVALUATION!
Train loss: 0.4063019427855319
Validation loss: 0.44191572194614614
EVALUATION!
Train loss: 0.39796018847522696
Validation loss: 0.47032644154325975
EVALUATION!
Train loss: 0.44585262461165165
Validation loss: 0.41794059367598024
EVALUATION!
Train loss: 0.4570773519612983
Validation loss: 0.4420450556283718
EVALUATION!
Train loss: 0.4385355883287657
Validation loss: 0.4157973915920469
EVALUATION!
Train loss: 0.4727033318014411
Validation loss: 0.4516768525030727
EVALUATION!
Train loss: 0.3554507344321471
Validation loss: 0.4148346431867294
Epoch 29, Average loss: 0.442547720713243
EVALUATION!
Train loss: 0.45489952429990366
Validation loss: 0.42607865144332396
EVALUATION!
Train loss: 0.43899084049372494
Validation loss: 0.40176688429770024
EVALUATION!
Train loss: 0.4566252831405221
Validation loss: 0.46376074427918884
EVALUATION!
Train loss: 0.4491411704335272
Validation loss: 0.4089121197667581
EVALUATION!
Train loss: 0.4072059584049573
Validation loss: 0.5204788555470576
EVALUATION!
Train loss: 0.39309068564730065
Validation loss: 0.40526111057115893
Epoch 30, Average loss: 0.44254504071263684
EVALUATION!
Train loss: 0.44080452588758867
Validation loss: 0.5706028942198262
EVALUATION!
Train loss: 0.43987913546284163
Validation loss: 0.4532626162435755
EVALUATION!
Train loss: 0.38028188470047813
Validation loss: 0.41002313896646764
EVALUATION!
Train loss: 0.42720781186256007
Validation loss: 0.45787313619576897
EVALUATION!
Train loss: 0.42627515178188335
Validation loss: 0.41329174320942075
EVALUATION!
Train loss: 0.3896259781071666
Validation loss: 0.5092890873838438
EVALUATION!
Train loss: 0.4266000336911885
Validation loss: 0.4298779066385702
Epoch 31, Average loss: 0.4425457274923388
EVALUATION!
Train loss: 0.43587127898382183
Validation loss: 0.45442141343626624
EVALUATION!
Train loss: 0.3956818031165532
Validation loss: 0.47371132520597997
EVALUATION!
Train loss: 0.48681114219521804
Validation loss: 0.42135678104315233
EVALUATION!
Train loss: 0.38616064752788803
Validation loss: 0.46851422834341205
EVALUATION!
Train loss: 0.4148462768871938
Validation loss: 0.48332836092486897
EVALUATION!
Train loss: 0.42848148146813153
Validation loss: 0.4049620055466656
Epoch 32, Average loss: 0.4425427732984223
EVALUATION!
Train loss: 0.4333996194120237
Validation loss: 0.4590763064553881
EVALUATION!
Train loss: 0.41834151089415644
Validation loss: 0.4260150389821054
EVALUATION!
Train loss: 0.4792053773721496
Validation loss: 0.40906721890059916
EVALUATION!
Train loss: 0.4015474102971245
Validation loss: 0.47966126712723833
EVALUATION!
Train loss: 0.38863254848735446
Validation loss: 0.39043058579177636
EVALUATION!
Train loss: 0.3921410632495735
Validation loss: 0.4284128487492384
EVALUATION!
Train loss: 0.4437579917735083
Validation loss: 0.4364562077276809
Epoch 33, Average loss: 0.44254405567146365
EVALUATION!
Train loss: 0.5142040511624314
Validation loss: 0.4838281704484035
EVALUATION!
Train loss: 0.43468524977796097
Validation loss: 0.4760060044380724
EVALUATION!
Train loss: 0.4033360059826093
Validation loss: 0.4656393104457255
EVALUATION!
Train loss: 0.436974512119736
Validation loss: 0.4555726931144758
EVALUATION!
Train loss: 0.4080063224926736
Validation loss: 0.41321300799651706
EVALUATION!
Train loss: 0.4153829360840193
Validation loss: 0.4134904303552963
Epoch 34, Average loss: 0.44254598518404836
EVALUATION!
Train loss: 0.41928364541715313
Validation loss: 0.5058525533125167
EVALUATION!
Train loss: 0.45046087136330293
Validation loss: 0.4358159642061198
EVALUATION!
Train loss: 0.4346779729936229
Validation loss: 0.5101669211046975
EVALUATION!
Train loss: 0.4572027038268966
Validation loss: 0.44267364352501326
EVALUATION!
Train loss: 0.46932777244999446
Validation loss: 0.4014298380061116
EVALUATION!
Train loss: 0.4809800345442256
Validation loss: 0.4284036399850571
EVALUATION!
Train loss: 0.43240657725610865
Validation loss: 0.43125270234090207
Epoch 35, Average loss: 0.4425424381792638
EVALUATION!
Train loss: 0.5138746855627685
Validation loss: 0.3972579765190164
EVALUATION!
Train loss: 0.4413107700951288
Validation loss: 0.4286022407469205
EVALUATION!
Train loss: 0.42255240867004096
Validation loss: 0.4242989230739623
EVALUATION!
Train loss: 0.4520582396880265
Validation loss: 0.43566734297809706
EVALUATION!
Train loss: 0.44324135872398224
Validation loss: 0.46025275313940767
EVALUATION!
Train loss: 0.4556850936077904
Validation loss: 0.48312286713120683
Epoch 36, Average loss: 0.4425476648189774
EVALUATION!
Train loss: 0.48552282544666187
Validation loss: 0.4402288252409005
EVALUATION!
Train loss: 0.4802706990024914
Validation loss: 0.4628541193395347
EVALUATION!
Train loss: 0.4467109402992147
Validation loss: 0.4415492480829979
EVALUATION!
Train loss: 0.4128017224904599
Validation loss: 0.4234829831511571
EVALUATION!
Train loss: 0.3810586657551425
Validation loss: 0.42004346901182155
EVALUATION!
Train loss: 0.4831864055942251
Validation loss: 0.5178064195451989
EVALUATION!
Train loss: 0.3983263286084112
Validation loss: 0.43339757043945626
Epoch 37, Average loss: 0.4425436783460381
EVALUATION!
Train loss: 0.5049631897908577
Validation loss: 0.4118232227544459
EVALUATION!
Train loss: 0.3762184510415355
Validation loss: 0.43002534678908316
EVALUATION!
Train loss: 0.406513409363326
Validation loss: 0.4187830112332397
EVALUATION!
Train loss: 0.40704152565930746
Validation loss: 0.39460887196629957
EVALUATION!
Train loss: 0.39890705115978925
Validation loss: 0.4911326580727732
EVALUATION!
Train loss: 0.48136438408625215
Validation loss: 0.45106481256196024
Epoch 38, Average loss: 0.4425444142144221
EVALUATION!
Train loss: 0.407886740503273
Validation loss: 0.44552272394517384
EVALUATION!
Train loss: 0.48160761813300396
Validation loss: 0.5091104579082256
EVALUATION!
Train loss: 0.4879758683604776
Validation loss: 0.47844925829448276
EVALUATION!
Train loss: 0.4357508219312889
Validation loss: 0.4523532828233706
EVALUATION!
Train loss: 0.45635938561911366
Validation loss: 0.45872110958185247
EVALUATION!
Train loss: 0.4690120698801349
Validation loss: 0.4153160499136087
EVALUATION!
Train loss: 0.4444702181872741
Validation loss: 0.44108357617686106
Epoch 39, Average loss: 0.4425487281674773
EVALUATION!
Train loss: 0.38188232603552263
Validation loss: 0.5357001832434591
EVALUATION!
Train loss: 0.44138776365150756
Validation loss: 0.38820409235871006
EVALUATION!
Train loss: 0.3603989225875214
Validation loss: 0.513629921078426
EVALUATION!
Train loss: 0.43815164842834686
Validation loss: 0.42344576017880986
EVALUATION!
Train loss: 0.4419936900708959
Validation loss: 0.4047274639466575
EVALUATION!
Train loss: 0.37137121120535055
Validation loss: 0.4365619042859995
Epoch 40, Average loss: 0.44254351311724116
EVALUATION!
Train loss: 0.4010807648401535
Validation loss: 0.40952775319383017
EVALUATION!
Train loss: 0.40281074674975337
Validation loss: 0.40875495248520777
EVALUATION!
Train loss: 0.47735399690243696
Validation loss: 0.4510984193334206
EVALUATION!
Train loss: 0.4430934407929642
Validation loss: 0.4569785004696912
EVALUATION!
Train loss: 0.43465899977996203
Validation loss: 0.44582016220411125
EVALUATION!
Train loss: 0.3985217440192155
Validation loss: 0.45466156807792213
EVALUATION!
Train loss: 0.4504260281936069
Validation loss: 0.40635666954180855
Epoch 41, Average loss: 0.44254430133930744
EVALUATION!
Train loss: 0.4172357679820481
Validation loss: 0.43503286218593384
EVALUATION!
Train loss: 0.41932835821197856
Validation loss: 0.5055015214113345
EVALUATION!
Train loss: 0.4535187245243019
Validation loss: 0.3798346747208853
EVALUATION!
Train loss: 0.40881321914345203
Validation loss: 0.44558081855663356
EVALUATION!
Train loss: 0.4038404568314461
Validation loss: 0.43813898542405144
EVALUATION!
Train loss: 0.4531012414925817
Validation loss: 0.4576218282311128
Epoch 42, Average loss: 0.4425466884012726
EVALUATION!
Train loss: 0.4408771790858858
Validation loss: 0.4262750697727443
EVALUATION!
Train loss: 0.4741892960825783
Validation loss: 0.4476354873430983
EVALUATION!
Train loss: 0.45494867083258894
Validation loss: 0.416447037715173
EVALUATION!
Train loss: 0.4184786296180175
Validation loss: 0.40988835584556493
EVALUATION!
Train loss: 0.46591192358101174
Validation loss: 0.40601879291439336
EVALUATION!
Train loss: 0.4289053479129473
Validation loss: 0.5070379614714543
EVALUATION!
Train loss: 0.44835555815392664
Validation loss: 0.4261075736059897
Epoch 43, Average loss: 0.4425450756701781
EVALUATION!
Train loss: 0.402509024387661
Validation loss: 0.47873969849915465
EVALUATION!
Train loss: 0.4593748948096608
Validation loss: 0.4287714399213436
EVALUATION!
Train loss: 0.4651673638615291
Validation loss: 0.42276936795035586
EVALUATION!
Train loss: 0.42738182703392164
Validation loss: 0.40041700238485856
EVALUATION!
Train loss: 0.4584908816202615
Validation loss: 0.4562721861002833
EVALUATION!
Train loss: 0.44216251134762574
Validation loss: 0.43571124360061175
Epoch 44, Average loss: 0.44254336364277225
EVALUATION!
Train loss: 0.42097493628556715
Validation loss: 0.47315808571564355
EVALUATION!
Train loss: 0.4293554291259751
Validation loss: 0.5252990845360086
EVALUATION!
Train loss: 0.5008221919777217
Validation loss: 0.45248913065854257
EVALUATION!
Train loss: 0.4267782013965878
Validation loss: 0.4373049477604085
EVALUATION!
Train loss: 0.49710085199228954
Validation loss: 0.46487166976752514
EVALUATION!
Train loss: 0.4152617643133524
Validation loss: 0.5070580410287271
EVALUATION!
Train loss: 0.39192851204480544
Validation loss: 0.5023977141430476
Epoch 45, Average loss: 0.442545185448378
EVALUATION!
Train loss: 0.4390829543773404
Validation loss: 0.4364259908878969
EVALUATION!
Train loss: 0.4482926107712231
Validation loss: 0.3936792191661976
EVALUATION!
Train loss: 0.4510778250412864
Validation loss: 0.4961215758678975
EVALUATION!
Train loss: 0.4237458539004799
Validation loss: 0.40905292183746883
EVALUATION!
Train loss: 0.46686036663252606
Validation loss: 0.4648357881512455
EVALUATION!
Train loss: 0.4469089658633897
Validation loss: 0.4804967681711023
Epoch 46, Average loss: 0.4425485217603762
EVALUATION!
Train loss: 0.457116077014713
Validation loss: 0.4719096192241551
EVALUATION!
Train loss: 0.41961304318548615
Validation loss: 0.4198943475662336
EVALUATION!
Train loss: 0.5617074062021662
Validation loss: 0.44815476517051855
EVALUATION!
Train loss: 0.5195637477128361
Validation loss: 0.3645042095776394
EVALUATION!
Train loss: 0.4191862927291249
Validation loss: 0.4550385349128149
EVALUATION!
Train loss: 0.3864137471921778
Validation loss: 0.4278319338620319
EVALUATION!
Train loss: 0.38320584037769806
Validation loss: 0.4003895246239765
Epoch 47, Average loss: 0.4425460582246311
EVALUATION!
Train loss: 0.5372350854251
Validation loss: 0.39497147188515774
EVALUATION!
Train loss: 0.37513149939994445
Validation loss: 0.5555586160985652
EVALUATION!
Train loss: 0.49205911484488657
Validation loss: 0.4012872144181839
EVALUATION!
Train loss: 0.40946273658625054
Validation loss: 0.3956590624515153
EVALUATION!
Train loss: 0.5026851408566556
Validation loss: 0.4280137801500308
EVALUATION!
Train loss: 0.4032350490495705
Validation loss: 0.4315412750244015
Epoch 48, Average loss: 0.4425410270126669
EVALUATION!
Train loss: 0.36004239252709647
Validation loss: 0.41096418467900886
EVALUATION!
Train loss: 0.5445371011405566
Validation loss: 0.4813673875954443
EVALUATION!
Train loss: 0.45104158702748826
Validation loss: 0.5025634145839271
EVALUATION!
Train loss: 0.43018819979179596
Validation loss: 0.4812089558619343
EVALUATION!
Train loss: 0.5080046624642207
Validation loss: 0.41280328776009406
EVALUATION!
Train loss: 0.46042133054785567
Validation loss: 0.4224650975355232
EVALUATION!
Train loss: 0.45898310866985426
Validation loss: 0.40946913435102256
Epoch 49, Average loss: 0.44254534497283293
EVALUATION!
Train loss: 0.4611421541408278
Validation loss: 0.3861645736155191
EVALUATION!
Train loss: 0.46840010478167804
Validation loss: 0.43077978016458907
EVALUATION!
Train loss: 0.43505253433230207
Validation loss: 0.42558398231566397
EVALUATION!
Train loss: 0.4619122702476167
Validation loss: 0.38213982991110074
EVALUATION!
Train loss: 0.4028403652091995
Validation loss: 0.4404397515256225
EVALUATION!
Train loss: 0.3771998323379167
Validation loss: 0.4117463131784954
Epoch 50, Average loss: 0.4425468351610071
Done: 2024-04-11-12:00:28
