Node: comp-gpu01
Start: 2024-05-02-12:24:30
Working dir: /home/s214704/JK_bachelor

/var/lib/slurm/slurmd/job49667/slurm_script: line 24: /home/s214704/JK_bachelor/.bashrc: No such file or directory
conv_AE_UNet(
  (encoder): Sequential(
    (0): Conv2d(1, 16, kernel_size=(3, 3), stride=(1, 1), padding=(1, 1))
    (1): ReLU(inplace=True)
    (2): Conv2d(16, 16, kernel_size=(3, 3), stride=(1, 1), padding=(1, 1))
    (3): ReLU(inplace=True)
    (4): MaxPool2d(kernel_size=2, stride=2, padding=0, dilation=1, ceil_mode=False)
    (5): Conv2d(16, 32, kernel_size=(3, 3), stride=(1, 1), padding=(1, 1))
    (6): ReLU(inplace=True)
    (7): Conv2d(32, 32, kernel_size=(3, 3), stride=(1, 1), padding=(1, 1))
    (8): ReLU(inplace=True)
    (9): MaxPool2d(kernel_size=2, stride=2, padding=0, dilation=1, ceil_mode=False)
    (10): Conv2d(32, 64, kernel_size=(3, 3), stride=(1, 1), padding=(1, 1))
    (11): ReLU(inplace=True)
    (12): Conv2d(64, 64, kernel_size=(3, 3), stride=(1, 1), padding=(1, 1))
    (13): ReLU(inplace=True)
    (14): MaxPool2d(kernel_size=2, stride=2, padding=0, dilation=1, ceil_mode=False)
    (15): Conv2d(64, 128, kernel_size=(3, 3), stride=(1, 1), padding=(1, 1))
    (16): ReLU(inplace=True)
    (17): Conv2d(128, 128, kernel_size=(3, 3), stride=(1, 1), padding=(1, 1))
  )
  (decoder): Sequential(
    (0): Conv2d(128, 64, kernel_size=(3, 3), stride=(1, 1), padding=(1, 1))
    (1): ReLU(inplace=True)
    (2): ConvTranspose2d(64, 64, kernel_size=(2, 2), stride=(2, 2))
    (3): Conv2d(64, 64, kernel_size=(3, 3), stride=(1, 1), padding=(1, 1))
    (4): ReLU(inplace=True)
    (5): Conv2d(64, 32, kernel_size=(3, 3), stride=(1, 1), padding=(1, 1))
    (6): ReLU(inplace=True)
    (7): ConvTranspose2d(32, 32, kernel_size=(2, 2), stride=(2, 2))
    (8): Conv2d(32, 32, kernel_size=(3, 3), stride=(1, 1), padding=(1, 1))
    (9): ReLU(inplace=True)
    (10): Conv2d(32, 16, kernel_size=(3, 3), stride=(1, 1), padding=(1, 1))
    (11): ReLU(inplace=True)
    (12): ConvTranspose2d(16, 16, kernel_size=(2, 2), stride=(2, 2))
    (13): Conv2d(16, 16, kernel_size=(3, 3), stride=(1, 1), padding=(1, 1))
    (14): ReLU(inplace=True)
    (15): Conv2d(16, 1, kernel_size=(3, 3), stride=(1, 1), padding=(1, 1))
  )
)
<class 'torch.Tensor'> torch.Size([1, 96]) tensor([[0.3937, 0.3921, 0.3971, 0.4005, 0.4018, 0.4005, 0.3965, 0.3895, 0.3785,
         0.3646, 0.3511, 0.3417, 0.3377, 0.3398, 0.3479, 0.3599, 0.3719, 0.3808,
         0.3854, 0.3861, 0.3829, 0.3760, 0.3677, 0.3608, 0.3553, 0.3501, 0.3458,
         0.3427, 0.3391, 0.3339, 0.3280, 0.3230, 0.3196, 0.3174, 0.3156, 0.3147,
         0.3146, 0.3151, 0.3154, 0.3157, 0.3161, 0.3166, 0.3163, 0.3145, 0.3120,
         0.3140, 0.3261, 0.3478, 0.3677, 0.3735, 0.3704, 0.3631, 0.3441, 0.3272,
         0.3231, 0.3321, 0.3460, 0.3585, 0.3686, 0.3773, 0.3839, 0.3885, 0.3918,
         0.3951, 0.3978, 0.3985, 0.3961, 0.3916, 0.3865, 0.3823, 0.3793, 0.3762,
         0.3702, 0.3594, 0.3441, 0.3288, 0.3186, 0.3167, 0.3220, 0.3300, 0.3352,
         0.3362, 0.3352, 0.3354, 0.3378, 0.3431, 0.3515, 0.3607, 0.3667, 0.3684,
         0.3672, 0.3656, 0.3633, 0.3589, 0.3622, 0.3298]], device='cuda:0',
       dtype=torch.float64, grad_fn=<MeanBackward1>)
Done: 2024-05-02-12:24:36
