Node: comp-gpu01
Start: 2024-05-02-08:49:11
Working dir: /home/s214725/JK_bachelor

/var/lib/slurm/slurmd/job49602/slurm_script: line 24: /home/s214725/JK_bachelor/.bashrc: No such file or directory
conv_AE2D(
  (encoder): Sequential(
    (0): Conv2d(1, 32, kernel_size=(3, 3), stride=(1, 1), padding=(1, 1))
    (1): ReLU()
    (2): Conv2d(32, 16, kernel_size=(3, 3), stride=(1, 1), padding=(1, 1))
    (3): ReLU()
    (4): Conv2d(16, 8, kernel_size=(3, 3), stride=(1, 1), padding=(1, 1))
  )
  (decoder): Sequential(
    (0): Conv2d(8, 16, kernel_size=(3, 3), stride=(1, 1), padding=(1, 1))
    (1): ReLU()
    (2): Conv2d(16, 32, kernel_size=(3, 3), stride=(1, 1), padding=(1, 1))
    (3): ReLU()
    (4): Conv2d(32, 1, kernel_size=(3, 3), stride=(1, 1), padding=(1, 1))
  )
)
Traceback (most recent call last):
  File "/home/s214725/JK_bachelor/OutlierDetection/our_training_conv.py", line 312, in <module>
    train2D_conv(model, optimizer, num_epochs, device=device)
  File "/home/s214725/JK_bachelor/OutlierDetection/our_training_conv.py", line 244, in train2D_conv
    loss = mse_loss(x_reconstructed, x)
           ^^^^^^^^
NameError: name 'mse_loss' is not defined. Did you mean: 'val_loss'?
Done: 2024-05-02-08:49:17
