\e[33mINFO: create_env.sh will create a virtual environment to use on the DTUs HPC cluster
\e[33mWARN: Virtual environment about to be created without Bachelor_thesis_spine as basename, instead it will be created at /home/s214704/JK_bachelor\e[0m
Collecting package metadata (current_repodata.json): ...working... done
Solving environment: ...working... failed with repodata from current_repodata.json, will retry with next repodata source.
Collecting package metadata (repodata.json): ...working... done
Solving environment: ...working... done

## Package Plan ##

  environment location: /home/s214704/.conda/envs/bsc-env

  added / updated specs:
    - python=3.7


The following NEW packages will be INSTALLED:

  _libgcc_mutex      pkgs/main/linux-64::_libgcc_mutex-0.1-main 
  _openmp_mutex      pkgs/main/linux-64::_openmp_mutex-5.1-1_gnu 
  ca-certificates    pkgs/main/linux-64::ca-certificates-2024.3.11-h06a4308_0 
  certifi            pkgs/main/linux-64::certifi-2022.12.7-py37h06a4308_0 
  ld_impl_linux-64   pkgs/main/linux-64::ld_impl_linux-64-2.38-h1181459_1 
  libffi             pkgs/main/linux-64::libffi-3.4.4-h6a678d5_0 
  libgcc-ng          pkgs/main/linux-64::libgcc-ng-11.2.0-h1234567_1 
  libgomp            pkgs/main/linux-64::libgomp-11.2.0-h1234567_1 
  libstdcxx-ng       pkgs/main/linux-64::libstdcxx-ng-11.2.0-h1234567_1 
  ncurses            pkgs/main/linux-64::ncurses-6.4-h6a678d5_0 
  openssl            pkgs/main/linux-64::openssl-1.1.1w-h7f8727e_0 
  pip                pkgs/main/linux-64::pip-22.3.1-py37h06a4308_0 
  python             pkgs/main/linux-64::python-3.7.16-h7a1cb2a_0 
  readline           pkgs/main/linux-64::readline-8.2-h5eee18b_0 
  setuptools         pkgs/main/linux-64::setuptools-65.6.3-py37h06a4308_0 
  sqlite             pkgs/main/linux-64::sqlite-3.41.2-h5eee18b_0 
  tk                 pkgs/main/linux-64::tk-8.6.12-h1ccaba5_0 
  wheel              pkgs/main/linux-64::wheel-0.38.4-py37h06a4308_0 
  xz                 pkgs/main/linux-64::xz-5.4.6-h5eee18b_0 
  zlib               pkgs/main/linux-64::zlib-1.2.13-h5eee18b_0 


Proceed ([y]/n)? 

Downloading and Extracting Packages

Preparing transaction: ...working... done
Verifying transaction: ...working... done
Executing transaction: ...working... done
#
# To activate this environment, use
#
#     $ conda activate bsc-env
#
# To deactivate an active environment, use
#
#     $ conda deactivate

Defaulting to user installation because normal site-packages is not writeable
Requirement already satisfied: pip in /home/s214704/.local/lib/python3.9/site-packages (24.0)
Defaulting to user installation because normal site-packages is not writeable
Collecting torch (from -r requirements.txt (line 1))
  Downloading torch-2.2.1-cp39-cp39-manylinux1_x86_64.whl.metadata (25 kB)
Collecting filelock (from torch->-r requirements.txt (line 1))
  Downloading filelock-3.13.1-py3-none-any.whl.metadata (2.8 kB)
Collecting typing-extensions>=4.8.0 (from torch->-r requirements.txt (line 1))
  Downloading typing_extensions-4.10.0-py3-none-any.whl.metadata (3.0 kB)
Collecting sympy (from torch->-r requirements.txt (line 1))
  Downloading sympy-1.12-py3-none-any.whl.metadata (12 kB)
Collecting networkx (from torch->-r requirements.txt (line 1))
  Downloading networkx-3.2.1-py3-none-any.whl.metadata (5.2 kB)
Collecting jinja2 (from torch->-r requirements.txt (line 1))
  Downloading Jinja2-3.1.3-py3-none-any.whl.metadata (3.3 kB)
Collecting fsspec (from torch->-r requirements.txt (line 1))
  Downloading fsspec-2024.3.1-py3-none-any.whl.metadata (6.8 kB)
Collecting nvidia-cuda-nvrtc-cu12==12.1.105 (from torch->-r requirements.txt (line 1))
  Downloading nvidia_cuda_nvrtc_cu12-12.1.105-py3-none-manylinux1_x86_64.whl.metadata (1.5 kB)
Collecting nvidia-cuda-runtime-cu12==12.1.105 (from torch->-r requirements.txt (line 1))
  Downloading nvidia_cuda_runtime_cu12-12.1.105-py3-none-manylinux1_x86_64.whl.metadata (1.5 kB)
Collecting nvidia-cuda-cupti-cu12==12.1.105 (from torch->-r requirements.txt (line 1))
  Downloading nvidia_cuda_cupti_cu12-12.1.105-py3-none-manylinux1_x86_64.whl.metadata (1.6 kB)
Collecting nvidia-cudnn-cu12==8.9.2.26 (from torch->-r requirements.txt (line 1))
  Downloading nvidia_cudnn_cu12-8.9.2.26-py3-none-manylinux1_x86_64.whl.metadata (1.6 kB)
Collecting nvidia-cublas-cu12==12.1.3.1 (from torch->-r requirements.txt (line 1))
  Downloading nvidia_cublas_cu12-12.1.3.1-py3-none-manylinux1_x86_64.whl.metadata (1.5 kB)
Collecting nvidia-cufft-cu12==11.0.2.54 (from torch->-r requirements.txt (line 1))
  Downloading nvidia_cufft_cu12-11.0.2.54-py3-none-manylinux1_x86_64.whl.metadata (1.5 kB)
Collecting nvidia-curand-cu12==10.3.2.106 (from torch->-r requirements.txt (line 1))
  Downloading nvidia_curand_cu12-10.3.2.106-py3-none-manylinux1_x86_64.whl.metadata (1.5 kB)
Collecting nvidia-cusolver-cu12==11.4.5.107 (from torch->-r requirements.txt (line 1))
  Downloading nvidia_cusolver_cu12-11.4.5.107-py3-none-manylinux1_x86_64.whl.metadata (1.6 kB)
Collecting nvidia-cusparse-cu12==12.1.0.106 (from torch->-r requirements.txt (line 1))
  Downloading nvidia_cusparse_cu12-12.1.0.106-py3-none-manylinux1_x86_64.whl.metadata (1.6 kB)
Collecting nvidia-nccl-cu12==2.19.3 (from torch->-r requirements.txt (line 1))
  Downloading nvidia_nccl_cu12-2.19.3-py3-none-manylinux1_x86_64.whl.metadata (1.8 kB)
Collecting nvidia-nvtx-cu12==12.1.105 (from torch->-r requirements.txt (line 1))
  Downloading nvidia_nvtx_cu12-12.1.105-py3-none-manylinux1_x86_64.whl.metadata (1.7 kB)
Collecting triton==2.2.0 (from torch->-r requirements.txt (line 1))
  Downloading triton-2.2.0-cp39-cp39-manylinux_2_17_x86_64.manylinux2014_x86_64.whl.metadata (1.4 kB)
Collecting nvidia-nvjitlink-cu12 (from nvidia-cusolver-cu12==11.4.5.107->torch->-r requirements.txt (line 1))
  Downloading nvidia_nvjitlink_cu12-12.4.99-py3-none-manylinux2014_x86_64.whl.metadata (1.5 kB)
Collecting MarkupSafe>=2.0 (from jinja2->torch->-r requirements.txt (line 1))
  Downloading MarkupSafe-2.1.5-cp39-cp39-manylinux_2_17_x86_64.manylinux2014_x86_64.whl.metadata (3.0 kB)
Collecting mpmath>=0.19 (from sympy->torch->-r requirements.txt (line 1))
  Downloading mpmath-1.3.0-py3-none-any.whl.metadata (8.6 kB)
Downloading torch-2.2.1-cp39-cp39-manylinux1_x86_64.whl (755.5 MB)
   ━━━━━━━━━━━━━━━━━━━━━━━━━━━━━━━━━━━━━━━━ 755.5/755.5 MB 1.3 MB/s eta 0:00:00
Downloading nvidia_cublas_cu12-12.1.3.1-py3-none-manylinux1_x86_64.whl (410.6 MB)
   ━━━━━━━━━━━━━━━━━━━━━━━━━━━━━━━━━━━━━━━━ 410.6/410.6 MB 2.0 MB/s eta 0:00:00
Using cached nvidia_cuda_cupti_cu12-12.1.105-py3-none-manylinux1_x86_64.whl (14.1 MB)
Using cached nvidia_cuda_nvrtc_cu12-12.1.105-py3-none-manylinux1_x86_64.whl (23.7 MB)
Using cached nvidia_cuda_runtime_cu12-12.1.105-py3-none-manylinux1_x86_64.whl (823 kB)
Using cached nvidia_cudnn_cu12-8.9.2.26-py3-none-manylinux1_x86_64.whl (731.7 MB)
Using cached nvidia_cufft_cu12-11.0.2.54-py3-none-manylinux1_x86_64.whl (121.6 MB)
Using cached nvidia_curand_cu12-10.3.2.106-py3-none-manylinux1_x86_64.whl (56.5 MB)
Using cached nvidia_cusolver_cu12-11.4.5.107-py3-none-manylinux1_x86_64.whl (124.2 MB)
Using cached nvidia_cusparse_cu12-12.1.0.106-py3-none-manylinux1_x86_64.whl (196.0 MB)
Using cached nvidia_nccl_cu12-2.19.3-py3-none-manylinux1_x86_64.whl (166.0 MB)
Using cached nvidia_nvtx_cu12-12.1.105-py3-none-manylinux1_x86_64.whl (99 kB)
Using cached triton-2.2.0-cp39-cp39-manylinux_2_17_x86_64.manylinux2014_x86_64.whl (167.9 MB)
Using cached typing_extensions-4.10.0-py3-none-any.whl (33 kB)
Using cached filelock-3.13.1-py3-none-any.whl (11 kB)
Using cached fsspec-2024.3.1-py3-none-any.whl (171 kB)
Using cached Jinja2-3.1.3-py3-none-any.whl (133 kB)
Using cached networkx-3.2.1-py3-none-any.whl (1.6 MB)
Using cached sympy-1.12-py3-none-any.whl (5.7 MB)
Using cached MarkupSafe-2.1.5-cp39-cp39-manylinux_2_17_x86_64.manylinux2014_x86_64.whl (25 kB)
Using cached mpmath-1.3.0-py3-none-any.whl (536 kB)
Using cached nvidia_nvjitlink_cu12-12.4.99-py3-none-manylinux2014_x86_64.whl (21.1 MB)
Installing collected packages: mpmath, typing-extensions, sympy, nvidia-nvtx-cu12, nvidia-nvjitlink-cu12, nvidia-nccl-cu12, nvidia-curand-cu12, nvidia-cufft-cu12, nvidia-cuda-runtime-cu12, nvidia-cuda-nvrtc-cu12, nvidia-cuda-cupti-cu12, nvidia-cublas-cu12, networkx, MarkupSafe, fsspec, filelock, triton, nvidia-cusparse-cu12, nvidia-cudnn-cu12, jinja2, nvidia-cusolver-cu12, torch
Successfully installed MarkupSafe-2.1.5 filelock-3.13.1 fsspec-2024.3.1 jinja2-3.1.3 mpmath-1.3.0 networkx-3.2.1 nvidia-cublas-cu12-12.1.3.1 nvidia-cuda-cupti-cu12-12.1.105 nvidia-cuda-nvrtc-cu12-12.1.105 nvidia-cuda-runtime-cu12-12.1.105 nvidia-cudnn-cu12-8.9.2.26 nvidia-cufft-cu12-11.0.2.54 nvidia-curand-cu12-10.3.2.106 nvidia-cusolver-cu12-11.4.5.107 nvidia-cusparse-cu12-12.1.0.106 nvidia-nccl-cu12-2.19.3 nvidia-nvjitlink-cu12-12.4.99 nvidia-nvtx-cu12-12.1.105 sympy-1.12 torch-2.2.1 triton-2.2.0 typing-extensions-4.10.0
\e[33mWARN: Virtual environment was not created with Bachelor_thesis_spine as basename, instead it was created at /home/s214704/JK_bachelor\e[0m
DeprecationWarning: 'source deactivate' is deprecated. Use 'conda deactivate'.
