Node: comp-gpu03
Start: 2024-05-10-15:23:14
Working dir: /home/s214704/JK_bachelor

/var/lib/slurm/slurmd/job50697/slurm_script: line 24: /home/s214704/JK_bachelor/.bashrc: No such file or directory
conv_AE_UNet(
  (encoder): Sequential(
    (0): Conv2d(1, 16, kernel_size=(3, 3), stride=(1, 1), padding=(1, 1))
    (1): ReLU(inplace=True)
    (2): Conv2d(16, 16, kernel_size=(3, 3), stride=(1, 1), padding=(1, 1))
    (3): ReLU(inplace=True)
    (4): AvgPool2d(kernel_size=2, stride=2, padding=0)
    (5): Conv2d(16, 32, kernel_size=(3, 3), stride=(1, 1), padding=(1, 1))
    (6): ReLU(inplace=True)
    (7): Conv2d(32, 32, kernel_size=(3, 3), stride=(1, 1), padding=(1, 1))
    (8): ReLU(inplace=True)
    (9): AvgPool2d(kernel_size=2, stride=2, padding=0)
    (10): Conv2d(32, 64, kernel_size=(3, 3), stride=(1, 1), padding=(1, 1))
    (11): ReLU(inplace=True)
    (12): Conv2d(64, 64, kernel_size=(3, 3), stride=(1, 1), padding=(1, 1))
    (13): ReLU(inplace=True)
    (14): AvgPool2d(kernel_size=2, stride=2, padding=0)
    (15): Conv2d(64, 128, kernel_size=(3, 3), stride=(1, 1), padding=(1, 1))
    (16): ReLU(inplace=True)
    (17): Conv2d(128, 128, kernel_size=(3, 3), stride=(1, 1), padding=(1, 1))
  )
  (decoder): Sequential(
    (0): Conv2d(128, 64, kernel_size=(3, 3), stride=(1, 1), padding=(1, 1))
    (1): ReLU(inplace=True)
    (2): ConvTranspose2d(64, 64, kernel_size=(2, 2), stride=(2, 2))
    (3): Conv2d(64, 64, kernel_size=(3, 3), stride=(1, 1), padding=(1, 1))
    (4): ReLU(inplace=True)
    (5): Conv2d(64, 32, kernel_size=(3, 3), stride=(1, 1), padding=(1, 1))
    (6): ReLU(inplace=True)
    (7): ConvTranspose2d(32, 32, kernel_size=(2, 2), stride=(2, 2))
    (8): Conv2d(32, 32, kernel_size=(3, 3), stride=(1, 1), padding=(1, 1))
    (9): ReLU(inplace=True)
    (10): Conv2d(32, 16, kernel_size=(3, 3), stride=(1, 1), padding=(1, 1))
    (11): ReLU(inplace=True)
    (12): ConvTranspose2d(16, 16, kernel_size=(2, 2), stride=(2, 2))
    (13): Conv2d(16, 16, kernel_size=(3, 3), stride=(1, 1), padding=(1, 1))
    (14): ReLU(inplace=True)
    (15): Conv2d(16, 1, kernel_size=(3, 3), stride=(1, 1), padding=(1, 1))
  )
)

EVALUATION!
Validation loss: 0.22808563709259033
Epoch 1, Average loss: 0.10567881121300161
Model saved

EVALUATION!
Validation loss: 0.0013383792247623205

EVALUATION!
Validation loss: 0.0007974471664056182

EVALUATION!
Validation loss: 0.0006318091182038188

EVALUATION!
Validation loss: 0.00043092790292575955
Epoch 101, Average loss: 0.00042239889091433725
Model saved

EVALUATION!
Validation loss: 0.00042353893513791263

EVALUATION!
Validation loss: 0.0005048486636951566

EVALUATION!
Validation loss: 0.00032902471139095724

EVALUATION!
Validation loss: 0.0004897246253676713
Epoch 201, Average loss: 0.000702984807867324

EVALUATION!
Validation loss: 0.0004271772631909698

EVALUATION!
Validation loss: 0.0005924543947912753
Model saved

EVALUATION!
Validation loss: 0.0003710041637532413

EVALUATION!
Validation loss: 0.00028156826738268137
Epoch 301, Average loss: 0.00023317777886404655

EVALUATION!
Validation loss: 0.000253249891102314

EVALUATION!
Validation loss: 0.00026861694641411304

EVALUATION!
Validation loss: 0.0002462710835970938

EVALUATION!
Validation loss: 0.000251222460065037
Epoch 401, Average loss: 0.00020221063605276867

EVALUATION!
Validation loss: 0.00021375934011302888

EVALUATION!
Validation loss: 0.00022734426602255553

EVALUATION!
Validation loss: 0.00030903302831575274

EVALUATION!
Validation loss: 0.0003652024897746742
Epoch 501, Average loss: 0.0004939203481990262
Model saved

EVALUATION!
Validation loss: 0.0002444177807774395

EVALUATION!
Validation loss: 0.0003252796013839543

EVALUATION!
Validation loss: 0.00024265129468403757

EVALUATION!
Validation loss: 0.0005213385447859764
Epoch 601, Average loss: 0.00024082725009066052

EVALUATION!
Validation loss: 0.0002216098946519196

EVALUATION!
Validation loss: 0.0003280561650171876

EVALUATION!
Validation loss: 0.00022312297369353473

EVALUATION!
Validation loss: 0.00024198838218580931
Epoch 701, Average loss: 0.00016256141458143248

EVALUATION!
Validation loss: 0.00028203107649460435

EVALUATION!
Validation loss: 0.0003493339172564447

EVALUATION!
Validation loss: 0.00034506464726291597

EVALUATION!
Validation loss: 0.0003354019427206367
Epoch 801, Average loss: 0.0003545248898262798

EVALUATION!
Validation loss: 0.0005111347418278456

EVALUATION!
Validation loss: 0.0003420774301048368

EVALUATION!
Validation loss: 0.0004573570331558585

EVALUATION!
Validation loss: 0.0006050306838005781
Epoch 901, Average loss: 0.0005950063009731821

EVALUATION!
Validation loss: 0.0005158537533134222

EVALUATION!
Validation loss: 0.00047637312673032284

EVALUATION!
Validation loss: 0.0005497428355738521
Model saved
Done: 2024-05-10-15:37:41
