Node: comp-gpu12
Start: 2024-05-08-21:09:29
Working dir: /home/s214725/JK_bachelor

/var/lib/slurm/slurmd/job50530/slurm_script: line 24: /home/s214725/JK_bachelor/.bashrc: No such file or directory
conv_AE_UNet(
  (encoder): Sequential(
    (0): Conv2d(1, 32, kernel_size=(3, 3), stride=(1, 1), padding=(1, 1))
    (1): ReLU(inplace=True)
    (2): Conv2d(32, 32, kernel_size=(3, 3), stride=(1, 1), padding=(1, 1))
    (3): ReLU(inplace=True)
    (4): MaxPool2d(kernel_size=2, stride=2, padding=0, dilation=1, ceil_mode=False)
    (5): Conv2d(32, 64, kernel_size=(3, 3), stride=(1, 1), padding=(1, 1))
    (6): ReLU(inplace=True)
    (7): Conv2d(64, 64, kernel_size=(3, 3), stride=(1, 1), padding=(1, 1))
    (8): ReLU(inplace=True)
    (9): MaxPool2d(kernel_size=2, stride=2, padding=0, dilation=1, ceil_mode=False)
    (10): Conv2d(64, 128, kernel_size=(3, 3), stride=(1, 1), padding=(1, 1))
    (11): ReLU(inplace=True)
    (12): Conv2d(128, 128, kernel_size=(3, 3), stride=(1, 1), padding=(1, 1))
    (13): ReLU(inplace=True)
    (14): MaxPool2d(kernel_size=2, stride=2, padding=0, dilation=1, ceil_mode=False)
    (15): Conv2d(128, 256, kernel_size=(3, 3), stride=(1, 1), padding=(1, 1))
    (16): ReLU(inplace=True)
    (17): Conv2d(256, 256, kernel_size=(3, 3), stride=(1, 1), padding=(1, 1))
  )
  (decoder): Sequential(
    (0): Conv2d(256, 128, kernel_size=(3, 3), stride=(1, 1), padding=(1, 1))
    (1): ReLU(inplace=True)
    (2): ConvTranspose2d(128, 128, kernel_size=(2, 2), stride=(2, 2))
    (3): Conv2d(128, 128, kernel_size=(3, 3), stride=(1, 1), padding=(1, 1))
    (4): ReLU(inplace=True)
    (5): Conv2d(128, 64, kernel_size=(3, 3), stride=(1, 1), padding=(1, 1))
    (6): ReLU(inplace=True)
    (7): ConvTranspose2d(64, 64, kernel_size=(2, 2), stride=(2, 2))
    (8): Conv2d(64, 64, kernel_size=(3, 3), stride=(1, 1), padding=(1, 1))
    (9): ReLU(inplace=True)
    (10): Conv2d(64, 32, kernel_size=(3, 3), stride=(1, 1), padding=(1, 1))
    (11): ReLU(inplace=True)
    (12): ConvTranspose2d(32, 32, kernel_size=(2, 2), stride=(2, 2))
    (13): Conv2d(32, 32, kernel_size=(3, 3), stride=(1, 1), padding=(1, 1))
    (14): ReLU(inplace=True)
    (15): Conv2d(32, 1, kernel_size=(3, 3), stride=(1, 1), padding=(1, 1))
  )
)

EVALUATION!
Validation loss: 0.2449244111776352
Epoch 1, Average loss: 0.0676556565053761
Model saved

EVALUATION!
Validation loss: 0.0017336466116830707

EVALUATION!
Validation loss: 0.0009907730855047703

EVALUATION!
Validation loss: 0.0009014429524540901

EVALUATION!
Validation loss: 0.0006859409040771425
Epoch 101, Average loss: 0.0008694448646565433

EVALUATION!
Validation loss: 0.0010523488745093346

EVALUATION!
Validation loss: 0.0005863779224455357

EVALUATION!
Validation loss: 0.0009550611721351743

EVALUATION!
Validation loss: 0.0007759986910969019
Epoch 201, Average loss: 0.0006761494971578941

EVALUATION!
Validation loss: 0.0009430523496121168

EVALUATION!
Validation loss: 0.0004924347158521414

EVALUATION!
Validation loss: 0.0006137497257441282

EVALUATION!
Validation loss: 0.00044248555786907673
Epoch 301, Average loss: 0.0004499303524789866

EVALUATION!
Validation loss: 0.0003949811798520386

EVALUATION!
Validation loss: 0.00033862993586808443

EVALUATION!
Validation loss: 0.0009954515844583511

EVALUATION!
Validation loss: 0.0006641054060310125
Epoch 401, Average loss: 0.0006034018380159978

EVALUATION!
Validation loss: 0.0006051286472938955

EVALUATION!
Validation loss: 0.0003587063401937485

EVALUATION!
Validation loss: 0.0004183551063761115

EVALUATION!
Validation loss: 0.00029022773378528655
Epoch 501, Average loss: 0.00030705204961122945

EVALUATION!
Validation loss: 0.0008922286215238273

EVALUATION!
Validation loss: 0.00035450520226731896

EVALUATION!
Validation loss: 0.00024293223395943642

EVALUATION!
Validation loss: 0.00033017955138348043
Epoch 601, Average loss: 0.00024114881493005668

EVALUATION!
Validation loss: 0.0005303213256411254

EVALUATION!
Validation loss: 0.0002127190091414377

EVALUATION!
Validation loss: 0.0002063637220999226

EVALUATION!
Validation loss: 0.0003323161508888006
Epoch 701, Average loss: 0.0002549508288393554

EVALUATION!
Validation loss: 0.00041899154894053936

EVALUATION!
Validation loss: 0.00034310444607399404

EVALUATION!
Validation loss: 0.0003721349057741463

EVALUATION!
Validation loss: 0.0004254751547705382
Epoch 801, Average loss: 0.00028115863404309493

EVALUATION!
Validation loss: 0.00031551095889881253

EVALUATION!
Validation loss: 0.0002697664895094931

EVALUATION!
Validation loss: 0.000952136586420238

EVALUATION!
Validation loss: 0.00026844427338801324
Epoch 901, Average loss: 0.0002673620528184983

EVALUATION!
Validation loss: 0.0006093306001275778

EVALUATION!
Validation loss: 0.0005248314701020718

EVALUATION!
Validation loss: 0.00027758540818467736
Model saved
Done: 2024-05-08-21:24:09
