Node: comp-gpu02
Start: 2024-05-07-10:43:41
Working dir: /home/s214704/JK_bachelor

/var/lib/slurm/slurmd/job50176/slurm_script: line 24: /home/s214704/JK_bachelor/.bashrc: No such file or directory
Script started
conv_AE_UNet(
  (encoder): Sequential(
    (0): Conv2d(1, 16, kernel_size=(3, 3), stride=(1, 1), padding=(1, 1))
    (1): ReLU(inplace=True)
    (2): Conv2d(16, 16, kernel_size=(3, 3), stride=(1, 1), padding=(1, 1))
    (3): ReLU(inplace=True)
    (4): MaxPool2d(kernel_size=2, stride=2, padding=0, dilation=1, ceil_mode=False)
    (5): Conv2d(16, 32, kernel_size=(3, 3), stride=(1, 1), padding=(1, 1))
    (6): ReLU(inplace=True)
    (7): Conv2d(32, 32, kernel_size=(3, 3), stride=(1, 1), padding=(1, 1))
    (8): ReLU(inplace=True)
    (9): MaxPool2d(kernel_size=2, stride=2, padding=0, dilation=1, ceil_mode=False)
    (10): Conv2d(32, 64, kernel_size=(3, 3), stride=(1, 1), padding=(1, 1))
    (11): ReLU(inplace=True)
    (12): Conv2d(64, 64, kernel_size=(3, 3), stride=(1, 1), padding=(1, 1))
    (13): ReLU(inplace=True)
    (14): MaxPool2d(kernel_size=2, stride=2, padding=0, dilation=1, ceil_mode=False)
    (15): Conv2d(64, 128, kernel_size=(3, 3), stride=(1, 1), padding=(1, 1))
    (16): ReLU(inplace=True)
    (17): Conv2d(128, 128, kernel_size=(3, 3), stride=(1, 1), padding=(1, 1))
  )
  (decoder): Sequential(
    (0): Conv2d(128, 64, kernel_size=(3, 3), stride=(1, 1), padding=(1, 1))
    (1): ReLU(inplace=True)
    (2): ConvTranspose2d(64, 64, kernel_size=(2, 2), stride=(2, 2))
    (3): Conv2d(64, 64, kernel_size=(3, 3), stride=(1, 1), padding=(1, 1))
    (4): ReLU(inplace=True)
    (5): Conv2d(64, 32, kernel_size=(3, 3), stride=(1, 1), padding=(1, 1))
    (6): ReLU(inplace=True)
    (7): ConvTranspose2d(32, 32, kernel_size=(2, 2), stride=(2, 2))
    (8): Conv2d(32, 32, kernel_size=(3, 3), stride=(1, 1), padding=(1, 1))
    (9): ReLU(inplace=True)
    (10): Conv2d(32, 16, kernel_size=(3, 3), stride=(1, 1), padding=(1, 1))
    (11): ReLU(inplace=True)
    (12): ConvTranspose2d(16, 16, kernel_size=(2, 2), stride=(2, 2))
    (13): Conv2d(16, 16, kernel_size=(3, 3), stride=(1, 1), padding=(1, 1))
    (14): ReLU(inplace=True)
    (15): Conv2d(16, 1, kernel_size=(3, 3), stride=(1, 1), padding=(1, 1))
  )
)

EVALUATION!
Validation loss: 0.36448535323143005
Epoch 1, Average loss: 0.19714334588497878
Model saved

EVALUATION!
Validation loss: 0.0012585172662511468
Epoch 101, Average loss: 0.0012109010480344296

EVALUATION!
Validation loss: 0.0018062558956444263
Epoch 201, Average loss: 0.0019955976284109058

EVALUATION!
Validation loss: 0.0013669946929439902
Epoch 301, Average loss: 0.001609672262566164

EVALUATION!
Validation loss: 0.0009839818812906742
Epoch 401, Average loss: 0.0007313107984373346

EVALUATION!
Validation loss: 0.0025450624525547028
Epoch 501, Average loss: 0.0022105940646724776

EVALUATION!
Validation loss: 0.0012025124160572886
Epoch 601, Average loss: 0.001199306477792561

EVALUATION!
Validation loss: 0.0005827259155921638
Epoch 701, Average loss: 0.000713745501707308

EVALUATION!
Validation loss: 0.0009575087460689247
Epoch 801, Average loss: 0.0009642839693697169

EVALUATION!
Validation loss: 0.0008724968647584319
Epoch 901, Average loss: 0.0007028056963463314

EVALUATION!
Validation loss: 0.0005178354913368821
Epoch 1001, Average loss: 0.0006376164164976217

EVALUATION!
Validation loss: 0.000566527945920825
Epoch 1101, Average loss: 0.0010297185232047922

EVALUATION!
Validation loss: 0.0007847025990486145
Epoch 1201, Average loss: 0.0008352068689418957

EVALUATION!
Validation loss: 0.0010396820725873113
Epoch 1301, Average loss: 0.0017371241963701322

EVALUATION!
Validation loss: 0.0005611530505120754
Epoch 1401, Average loss: 0.0006389236630639061

EVALUATION!
Validation loss: 0.000763249525334686
Epoch 1501, Average loss: 0.0005492110998602584

EVALUATION!
Validation loss: 0.0005962863797321916
Epoch 1601, Average loss: 0.0006049898176570423

EVALUATION!
Validation loss: 0.00036449520848691463
Epoch 1701, Average loss: 0.00041566460713511334

EVALUATION!
Validation loss: 0.00040046212961897254
Epoch 1801, Average loss: 0.0005046246515121311

EVALUATION!
Validation loss: 0.00029385960078798234
Epoch 1901, Average loss: 0.00029754778151982466
Model saved
Done: 2024-05-07-10:49:20
