Node: comp-gpu12
Start: 2024-05-10-13:40:14
Working dir: /home/s214725/JK_bachelor

/var/lib/slurm/slurmd/job50685/slurm_script: line 24: /home/s214725/JK_bachelor/.bashrc: No such file or directory
conv_AE_UNet(
  (encoder): Sequential(
    (0): Conv2d(1, 32, kernel_size=(3, 3), stride=(1, 1), padding=(1, 1))
    (1): ReLU(inplace=True)
    (2): Conv2d(32, 32, kernel_size=(3, 3), stride=(1, 1), padding=(1, 1))
    (3): ReLU(inplace=True)
    (4): MaxPool2d(kernel_size=2, stride=2, padding=0, dilation=1, ceil_mode=False)
    (5): Conv2d(32, 64, kernel_size=(3, 3), stride=(1, 1), padding=(1, 1))
    (6): ReLU(inplace=True)
    (7): Conv2d(64, 64, kernel_size=(3, 3), stride=(1, 1), padding=(1, 1))
    (8): ReLU(inplace=True)
    (9): MaxPool2d(kernel_size=2, stride=2, padding=0, dilation=1, ceil_mode=False)
    (10): Conv2d(64, 128, kernel_size=(3, 3), stride=(1, 1), padding=(1, 1))
    (11): ReLU(inplace=True)
    (12): Conv2d(128, 128, kernel_size=(3, 3), stride=(1, 1), padding=(1, 1))
    (13): ReLU(inplace=True)
    (14): MaxPool2d(kernel_size=2, stride=2, padding=0, dilation=1, ceil_mode=False)
    (15): Conv2d(128, 256, kernel_size=(3, 3), stride=(1, 1), padding=(1, 1))
    (16): ReLU(inplace=True)
    (17): Conv2d(256, 256, kernel_size=(3, 3), stride=(1, 1), padding=(1, 1))
  )
  (decoder): Sequential(
    (0): Conv2d(256, 128, kernel_size=(3, 3), stride=(1, 1), padding=(1, 1))
    (1): ReLU(inplace=True)
    (2): ConvTranspose2d(128, 128, kernel_size=(2, 2), stride=(2, 2))
    (3): Conv2d(128, 128, kernel_size=(3, 3), stride=(1, 1), padding=(1, 1))
    (4): ReLU(inplace=True)
    (5): Conv2d(128, 64, kernel_size=(3, 3), stride=(1, 1), padding=(1, 1))
    (6): ReLU(inplace=True)
    (7): ConvTranspose2d(64, 64, kernel_size=(2, 2), stride=(2, 2))
    (8): Conv2d(64, 64, kernel_size=(3, 3), stride=(1, 1), padding=(1, 1))
    (9): ReLU(inplace=True)
    (10): Conv2d(64, 32, kernel_size=(3, 3), stride=(1, 1), padding=(1, 1))
    (11): ReLU(inplace=True)
    (12): ConvTranspose2d(32, 32, kernel_size=(2, 2), stride=(2, 2))
    (13): Conv2d(32, 32, kernel_size=(3, 3), stride=(1, 1), padding=(1, 1))
    (14): ReLU(inplace=True)
    (15): Conv2d(32, 1, kernel_size=(3, 3), stride=(1, 1), padding=(1, 1))
  )
)

EVALUATION!
Validation loss: 0.261633038520813
Epoch 1, Average loss: 0.09804399900138377
Model saved

EVALUATION!
Validation loss: 0.0015741295646876097

EVALUATION!
Validation loss: 0.0019067487446591258

EVALUATION!
Validation loss: 0.0023882610257714987

EVALUATION!
Validation loss: 0.001755071571096778
Epoch 101, Average loss: 0.0008726496551753371
Model saved

EVALUATION!
Validation loss: 0.0017091527115553617

EVALUATION!
Validation loss: 0.0012620736379176378

EVALUATION!
Validation loss: 0.0012443019077181816

EVALUATION!
Validation loss: 0.0008310264674946666
Epoch 201, Average loss: 0.0008413482724427012

EVALUATION!
Validation loss: 0.0007135762716643512

EVALUATION!
Validation loss: 0.0011183912865817547
Model saved

EVALUATION!
Validation loss: 0.0008035482605919242

EVALUATION!
Validation loss: 0.0007061173673719168
Epoch 301, Average loss: 0.0006558441599554499

EVALUATION!
Validation loss: 0.0006164023652672768

EVALUATION!
Validation loss: 0.0004246310272719711

EVALUATION!
Validation loss: 0.00037228449946269393

EVALUATION!
Validation loss: 0.0005447556031867862
Epoch 401, Average loss: 0.0004093892270066135

EVALUATION!
Validation loss: 0.0005804437678307295

EVALUATION!
Validation loss: 0.00044258515117689967

EVALUATION!
Validation loss: 0.00028489940450526774

EVALUATION!
Validation loss: 0.00029580172849819064
Epoch 501, Average loss: 0.00022008585117873735
Model saved

EVALUATION!
Validation loss: 0.0003832473303191364

EVALUATION!
Validation loss: 0.00039298192132264376

EVALUATION!
Validation loss: 0.0004562459362205118

EVALUATION!
Validation loss: 0.0003093518898822367
Epoch 601, Average loss: 0.00028480712799137107

EVALUATION!
Validation loss: 0.0003765172732528299

EVALUATION!
Validation loss: 0.00031310011399909854

EVALUATION!
Validation loss: 0.00042684547952376306

EVALUATION!
Validation loss: 0.0002771976578515023
Epoch 701, Average loss: 0.0002187667460020748

EVALUATION!
Validation loss: 0.00023891856835689396

EVALUATION!
Validation loss: 0.00047892864677123725

EVALUATION!
Validation loss: 0.00027500902069732547

EVALUATION!
Validation loss: 0.0003612346190493554
Epoch 801, Average loss: 0.00033225804783796773

EVALUATION!
Validation loss: 0.00023071118630468845

EVALUATION!
Validation loss: 0.00043245809501968324

EVALUATION!
Validation loss: 0.0002335261960979551

EVALUATION!
Validation loss: 0.0002821502275764942
Epoch 901, Average loss: 0.00022693415810863372

EVALUATION!
Validation loss: 0.0003861674922518432

EVALUATION!
Validation loss: 0.0001734710967866704

EVALUATION!
Validation loss: 0.0002562873996794224
Model saved
Done: 2024-05-10-13:51:58
