Node: comp-gpu02
Start: 2024-05-20-08:09:22
Working dir: /home/s214704/JK_bachelor

/var/lib/slurm/slurmd/job53557/slurm_script: line 24: /home/s214704/JK_bachelor/.bashrc: No such file or directory
conv_AE_UNet2(
  (encoder): Sequential(
    (0): Conv2d(1, 4, kernel_size=(3, 3), stride=(1, 1), padding=(1, 1))
    (1): ReLU(inplace=True)
    (2): Conv2d(4, 4, kernel_size=(3, 3), stride=(1, 1), padding=(1, 1))
    (3): ReLU(inplace=True)
    (4): MaxPool2d(kernel_size=2, stride=2, padding=0, dilation=1, ceil_mode=False)
    (5): Conv2d(4, 8, kernel_size=(3, 3), stride=(1, 1), padding=(1, 1))
    (6): ReLU(inplace=True)
    (7): Conv2d(8, 8, kernel_size=(3, 3), stride=(1, 1), padding=(1, 1))
    (8): ReLU(inplace=True)
    (9): MaxPool2d(kernel_size=2, stride=2, padding=0, dilation=1, ceil_mode=False)
    (10): Conv2d(8, 16, kernel_size=(3, 3), stride=(1, 1), padding=(1, 1))
    (11): ReLU(inplace=True)
    (12): Conv2d(16, 16, kernel_size=(3, 3), stride=(1, 1), padding=(1, 1))
    (13): ReLU(inplace=True)
    (14): MaxPool2d(kernel_size=2, stride=2, padding=0, dilation=1, ceil_mode=False)
    (15): Dropout(p=0.2, inplace=False)
    (16): Conv2d(16, 32, kernel_size=(3, 3), stride=(1, 1), padding=(1, 1))
    (17): ReLU(inplace=True)
    (18): Conv2d(32, 32, kernel_size=(3, 3), stride=(1, 1), padding=(1, 1))
    (19): ReLU(inplace=True)
  )
  (decoder): Sequential(
    (0): ConvTranspose2d(32, 16, kernel_size=(2, 2), stride=(2, 2))
    (1): Conv2d(16, 16, kernel_size=(3, 3), stride=(1, 1), padding=(1, 1))
    (2): ReLU(inplace=True)
    (3): Conv2d(16, 8, kernel_size=(3, 3), stride=(1, 1), padding=(1, 1))
    (4): ReLU(inplace=True)
    (5): ConvTranspose2d(8, 8, kernel_size=(2, 2), stride=(2, 2))
    (6): Conv2d(8, 8, kernel_size=(3, 3), stride=(1, 1), padding=(1, 1))
    (7): ReLU(inplace=True)
    (8): Conv2d(8, 4, kernel_size=(3, 3), stride=(1, 1), padding=(1, 1))
    (9): ReLU(inplace=True)
    (10): ConvTranspose2d(4, 4, kernel_size=(2, 2), stride=(2, 2))
    (11): Conv2d(4, 4, kernel_size=(3, 3), stride=(1, 1), padding=(1, 1))
    (12): ReLU(inplace=True)
    (13): Conv2d(4, 1, kernel_size=(3, 3), stride=(1, 1), padding=(1, 1))
  )
)

EVALUATION!
Validation loss: 0.4260658025741577
Epoch 1, Average loss: 0.047679235439938614
Model saved

EVALUATION!
Validation loss: 0.001225026324391365

EVALUATION!
Validation loss: 0.0009368127211928368

EVALUATION!
Validation loss: 0.0007218666141852736

EVALUATION!
Validation loss: 0.0005947122699581087

EVALUATION!
Validation loss: 0.0005829883157275617
Epoch 101, Average loss: 0.00048391304581645484
Model saved

EVALUATION!
Validation loss: 0.0005529120098799467

EVALUATION!
Validation loss: 0.000466222147224471

EVALUATION!
Validation loss: 0.0004972376627847552

EVALUATION!
Validation loss: 0.0004251196514815092

EVALUATION!
Validation loss: 0.0004128526197746396
Epoch 201, Average loss: 0.00035734921211536485

EVALUATION!
Validation loss: 0.00042651555850170553

EVALUATION!
Validation loss: 0.00041545339627191424
Model saved

EVALUATION!
Validation loss: 0.0003674273320939392

EVALUATION!
Validation loss: 0.00037254480412229896

EVALUATION!
Validation loss: 0.0003414731181692332
Epoch 301, Average loss: 0.000305214462096979

EVALUATION!
Validation loss: 0.0003547313972376287

EVALUATION!
Validation loss: 0.00035429373383522034

EVALUATION!
Validation loss: 0.0003438781714066863

EVALUATION!
Validation loss: 0.0003897046553902328

EVALUATION!
Validation loss: 0.00036354828625917435
Epoch 401, Average loss: 0.0002765882197052587

EVALUATION!
Validation loss: 0.0003399323613848537

EVALUATION!
Validation loss: 0.0003401081485208124

EVALUATION!
Validation loss: 0.0003332836495246738

EVALUATION!
Validation loss: 0.00034104016958735883

EVALUATION!
Validation loss: 0.000325928907841444
Epoch 501, Average loss: 0.00026306126384066045
Model saved

EVALUATION!
Validation loss: 0.00036661478225141764

EVALUATION!
Validation loss: 0.00032493844628334045

EVALUATION!
Validation loss: 0.00028830324299633503

EVALUATION!
Validation loss: 0.0003026984049938619

EVALUATION!
Validation loss: 0.00027669285191223025
Epoch 601, Average loss: 0.00025957623104962596

EVALUATION!
Validation loss: 0.00027255614986643195

EVALUATION!
Validation loss: 0.00030283958767540753

EVALUATION!
Validation loss: 0.0002782972587738186

EVALUATION!
Validation loss: 0.00027201263583265245

EVALUATION!
Validation loss: 0.00025714392540976405
Epoch 701, Average loss: 0.00021455647111463642

EVALUATION!
Validation loss: 0.00029276867280714214

EVALUATION!
Validation loss: 0.0002947737229987979

EVALUATION!
Validation loss: 0.0002769649727270007

EVALUATION!
Validation loss: 0.00025935115991160274

EVALUATION!
Validation loss: 0.0002480509865563363
Epoch 801, Average loss: 0.0002089465882818331

EVALUATION!
Validation loss: 0.0002849917800631374

EVALUATION!
Validation loss: 0.0002646501234266907

EVALUATION!
Validation loss: 0.00023718543525319546

EVALUATION!
Validation loss: 0.00024289818247780204

EVALUATION!
Validation loss: 0.00027427630266174674
Epoch 901, Average loss: 0.00020918464234478634

EVALUATION!
Validation loss: 0.0002517345710657537

EVALUATION!
Validation loss: 0.00023535286891274154

EVALUATION!
Validation loss: 0.00021547444339375943

EVALUATION!
Validation loss: 0.00023767532547935843

EVALUATION!
Validation loss: 0.00023285194765776396
Epoch 1001, Average loss: 0.00021189591227597796

EVALUATION!
Validation loss: 0.0002391180460108444

EVALUATION!
Validation loss: 0.00023368372058030218

EVALUATION!
Validation loss: 0.0002328816772205755

EVALUATION!
Validation loss: 0.0002413859183434397

EVALUATION!
Validation loss: 0.00021113359252922237
Epoch 1101, Average loss: 0.00019351010279280718

EVALUATION!
Validation loss: 0.00022748862102162093

EVALUATION!
Validation loss: 0.00023021778906695545

EVALUATION!
Validation loss: 0.0002295703161507845

EVALUATION!
Validation loss: 0.00022462446941062808

EVALUATION!
Validation loss: 0.00021543684124480933
Epoch 1201, Average loss: 0.00019562562783670355

EVALUATION!
Validation loss: 0.00021634402219206095

EVALUATION!
Validation loss: 0.00023011196753941476

EVALUATION!
Validation loss: 0.00023758875613566488

EVALUATION!
Validation loss: 0.00024167285300791264

EVALUATION!
Validation loss: 0.0002114808012265712
Epoch 1301, Average loss: 0.00018846257899452049

EVALUATION!
Validation loss: 0.00021726805425714701

EVALUATION!
Validation loss: 0.00021590423421002924

EVALUATION!
Validation loss: 0.00020182656589895487

EVALUATION!
Validation loss: 0.00023884876281954348

EVALUATION!
Validation loss: 0.00021920332801528275
Epoch 1401, Average loss: 0.00018544865291541775

EVALUATION!
Validation loss: 0.0002105865569319576

EVALUATION!
Validation loss: 0.00021494919201359153

EVALUATION!
Validation loss: 0.00023760119802318513

EVALUATION!
Validation loss: 0.00022592712775804102

EVALUATION!
Validation loss: 0.00024283559469040483
Epoch 1501, Average loss: 0.00018109699763161374

EVALUATION!
Validation loss: 0.00022161766537465155

EVALUATION!
Validation loss: 0.00023670335940551013

EVALUATION!
Validation loss: 0.0002688670065253973

EVALUATION!
Validation loss: 0.00022615159105043858

EVALUATION!
Validation loss: 0.0002348753623664379
Epoch 1601, Average loss: 0.00018231045631602263

EVALUATION!
Validation loss: 0.0002255628351122141

EVALUATION!
Validation loss: 0.0002234919520560652

EVALUATION!
Validation loss: 0.00022737104154657573

EVALUATION!
Validation loss: 0.00021114216360729188

EVALUATION!
Validation loss: 0.00022081215865910053
Epoch 1701, Average loss: 0.00017975031012331153

EVALUATION!
Validation loss: 0.0002437802468193695

EVALUATION!
Validation loss: 0.00024219611077569425

EVALUATION!
Validation loss: 0.0002129251224687323

EVALUATION!
Validation loss: 0.00024243479128926992

EVALUATION!
Validation loss: 0.00023669304209761322
Epoch 1801, Average loss: 0.00016757675408044656

EVALUATION!
Validation loss: 0.00022193673066794872

EVALUATION!
Validation loss: 0.00020888543804176152

EVALUATION!
Validation loss: 0.0002252190315630287

EVALUATION!
Validation loss: 0.0002203586045652628

EVALUATION!
Validation loss: 0.00023665442131459713
Epoch 1901, Average loss: 0.00016854367132532972

EVALUATION!
Validation loss: 0.00022442822228185833

EVALUATION!
Validation loss: 0.00021118170116096735

EVALUATION!
Validation loss: 0.00021452705550473183

EVALUATION!
Validation loss: 0.00020425868569873273

EVALUATION!
Validation loss: 0.00019688191241584718
Epoch 2001, Average loss: 0.00016928564019531807

EVALUATION!
Validation loss: 0.00025682925479486585

EVALUATION!
Validation loss: 0.00020941428374499083

EVALUATION!
Validation loss: 0.00019450276158750057

EVALUATION!
Validation loss: 0.0001937583729159087

EVALUATION!
Validation loss: 0.0002396341587882489
Epoch 2101, Average loss: 0.00016751467979842207

EVALUATION!
Validation loss: 0.00019703675934579223

EVALUATION!
Validation loss: 0.00018961887690238655

EVALUATION!
Validation loss: 0.0001923835079651326

EVALUATION!
Validation loss: 0.000198096371605061

EVALUATION!
Validation loss: 0.00019951732247136533
Epoch 2201, Average loss: 0.00016810766916396694

EVALUATION!
Validation loss: 0.0001961089437827468

EVALUATION!
Validation loss: 0.00019078492186963558

EVALUATION!
Validation loss: 0.00019236249499954283

EVALUATION!
Validation loss: 0.00019179940863978118

EVALUATION!
Validation loss: 0.0001884583616629243
Epoch 2301, Average loss: 0.00016275388142485798

EVALUATION!
Validation loss: 0.00020582885190378875

EVALUATION!
Validation loss: 0.0001913103915285319

EVALUATION!
Validation loss: 0.0002046583394985646

EVALUATION!
Validation loss: 0.00018950521189253777

EVALUATION!
Validation loss: 0.0001898177433758974
Epoch 2401, Average loss: 0.00015829119855390253

EVALUATION!
Validation loss: 0.00020544363360386342

EVALUATION!
Validation loss: 0.0001967492571566254

EVALUATION!
Validation loss: 0.00020686762582045048

EVALUATION!
Validation loss: 0.0002028887829510495

EVALUATION!
Validation loss: 0.00019949142006225884
Epoch 2501, Average loss: 0.0001734676341211292

EVALUATION!
Validation loss: 0.00021018239203840494

EVALUATION!
Validation loss: 0.00017853881581686437

EVALUATION!
Validation loss: 0.00020934626809321344

EVALUATION!
Validation loss: 0.0001884994562715292

EVALUATION!
Validation loss: 0.00019648470333777368
Epoch 2601, Average loss: 0.00017273773885860395

EVALUATION!
Validation loss: 0.00019161359523423016

EVALUATION!
Validation loss: 0.00018880322750192136

EVALUATION!
Validation loss: 0.00022538041230291128

EVALUATION!
Validation loss: 0.0002039328683167696

EVALUATION!
Validation loss: 0.000185588956810534
Epoch 2701, Average loss: 0.00016634104236473856

EVALUATION!
Validation loss: 0.00020699240849353373

EVALUATION!
Validation loss: 0.00020095740910619497

EVALUATION!
Validation loss: 0.0002042858104687184

EVALUATION!
Validation loss: 0.00021303670655470341

EVALUATION!
Validation loss: 0.00022881320910528302
Epoch 2801, Average loss: 0.0001598914726575738

EVALUATION!
Validation loss: 0.00020132490317337215

EVALUATION!
Validation loss: 0.00019552584853954613

EVALUATION!
Validation loss: 0.0001929104037117213

EVALUATION!
Validation loss: 0.0002071227936539799

EVALUATION!
Validation loss: 0.0002543875016272068
Epoch 2901, Average loss: 0.00016102712281560973

EVALUATION!
Validation loss: 0.00021714833565056324

EVALUATION!
Validation loss: 0.0002084531879518181

EVALUATION!
Validation loss: 0.00021007435861974955

EVALUATION!
Validation loss: 0.00019548604905139655

EVALUATION!
Validation loss: 0.00021062311134301126
Epoch 3001, Average loss: 0.0001699610071227653

EVALUATION!
Validation loss: 0.00020061907707713544

EVALUATION!
Validation loss: 0.00020361720817163587

EVALUATION!
Validation loss: 0.00020953347848262638

EVALUATION!
Validation loss: 0.00021022334112785757

EVALUATION!
Validation loss: 0.00020559801487252116
Epoch 3101, Average loss: 0.00017350476538502754

EVALUATION!
Validation loss: 0.00020648019562941045

EVALUATION!
Validation loss: 0.00020404887618497014

EVALUATION!
Validation loss: 0.00019393867114558816

EVALUATION!
Validation loss: 0.00019701830751728266

EVALUATION!
Validation loss: 0.0001981586538022384
Epoch 3201, Average loss: 0.0001649174549619112

EVALUATION!
Validation loss: 0.00020384513481985778

EVALUATION!
Validation loss: 0.00019069641712121665

EVALUATION!
Validation loss: 0.00022420217283070087

EVALUATION!
Validation loss: 0.0001991288154385984

EVALUATION!
Validation loss: 0.000195319764316082
Epoch 3301, Average loss: 0.00017232600100844419

EVALUATION!
Validation loss: 0.000209728124900721

EVALUATION!
Validation loss: 0.0001900689967442304

EVALUATION!
Validation loss: 0.0001918960188049823

EVALUATION!
Validation loss: 0.000192614970728755

EVALUATION!
Validation loss: 0.0001808645756682381
Epoch 3401, Average loss: 0.00016434903214431894

EVALUATION!
Validation loss: 0.00019172886095475405

EVALUATION!
Validation loss: 0.00018673202430363744

EVALUATION!
Validation loss: 0.00021173915592953563

EVALUATION!
Validation loss: 0.00019649921159725636

EVALUATION!
Validation loss: 0.0001853236317401752
Epoch 3501, Average loss: 0.00016052302964033934

EVALUATION!
Validation loss: 0.00018713989993557334

EVALUATION!
Validation loss: 0.0001942770031746477

EVALUATION!
Validation loss: 0.00019250725745223463

EVALUATION!
Validation loss: 0.0002195136621594429

EVALUATION!
Validation loss: 0.00018495434778742492
Epoch 3601, Average loss: 0.00016634888991412037

EVALUATION!
Validation loss: 0.00018792218179441988

EVALUATION!
Validation loss: 0.00019356083066668361

EVALUATION!
Validation loss: 0.00019416899885982275

EVALUATION!
Validation loss: 0.00018725210975389928

EVALUATION!
Validation loss: 0.00020338792819529772
Epoch 3701, Average loss: 0.0001701596405231006

EVALUATION!
Validation loss: 0.00019863811030518264

EVALUATION!
Validation loss: 0.00018856632232200354

EVALUATION!
Validation loss: 0.00020281830802559853

EVALUATION!
Validation loss: 0.00019171371241100132

EVALUATION!
Validation loss: 0.00018845956947188824
Epoch 3801, Average loss: 0.0001613139266667601

EVALUATION!
Validation loss: 0.00019024804350920022

EVALUATION!
Validation loss: 0.0001980945817194879

EVALUATION!
Validation loss: 0.00018297950737178326

EVALUATION!
Validation loss: 0.0001913154701469466

EVALUATION!
Validation loss: 0.00021011114586144686
Epoch 3901, Average loss: 0.00016043272968463732

EVALUATION!
Validation loss: 0.00018832783098332584

EVALUATION!
Validation loss: 0.00018706712580751628

EVALUATION!
Validation loss: 0.00018664989329408854

EVALUATION!
Validation loss: 0.0002004563284572214

EVALUATION!
Validation loss: 0.00018264625396113843
Epoch 4001, Average loss: 0.00016419689413268293

EVALUATION!
Validation loss: 0.00022761446598451585

EVALUATION!
Validation loss: 0.00019556653569452465

EVALUATION!
Validation loss: 0.0001859893964137882

EVALUATION!
Validation loss: 0.00019308167975395918

EVALUATION!
Validation loss: 0.0001948660210473463
Epoch 4101, Average loss: 0.00016408892773679093

EVALUATION!
Validation loss: 0.00019526240066625178

EVALUATION!
Validation loss: 0.00018874192028306425

EVALUATION!
Validation loss: 0.00018262273806612939

EVALUATION!
Validation loss: 0.00019604488625191152

EVALUATION!
Validation loss: 0.00020194632816128433
Epoch 4201, Average loss: 0.00017492598978069744

EVALUATION!
Validation loss: 0.00019080005586147308

EVALUATION!
Validation loss: 0.00020165275782346725

EVALUATION!
Validation loss: 0.00018942856695502996

EVALUATION!
Validation loss: 0.00019531231373548508

EVALUATION!
Validation loss: 0.00020520348334684968
Epoch 4301, Average loss: 0.00016061077243275344

EVALUATION!
Validation loss: 0.000193846455658786

EVALUATION!
Validation loss: 0.00017393811140209436

EVALUATION!
Validation loss: 0.00020429151481948793

EVALUATION!
Validation loss: 0.0001942494127433747

EVALUATION!
Validation loss: 0.00021955533884465694
Epoch 4401, Average loss: 0.00016131486329705252

EVALUATION!
Validation loss: 0.00017617616686038673

EVALUATION!
Validation loss: 0.00019090416026301682

EVALUATION!
Validation loss: 0.00017966241284739226

EVALUATION!
Validation loss: 0.00019256658561062068

EVALUATION!
Validation loss: 0.00017686313367448747
Epoch 4501, Average loss: 0.00015841733185926644

EVALUATION!
Validation loss: 0.0001781991741154343

EVALUATION!
Validation loss: 0.00017634755931794643

EVALUATION!
Validation loss: 0.0002158602001145482

EVALUATION!
Validation loss: 0.00017204292817041278

EVALUATION!
Validation loss: 0.00016885786317288876
Epoch 4601, Average loss: 0.00016762813876807623

EVALUATION!
Validation loss: 0.00021620982442982495

EVALUATION!
Validation loss: 0.00018531893147155643

EVALUATION!
Validation loss: 0.0001963215763680637

EVALUATION!
Validation loss: 0.0002152112137991935

EVALUATION!
Validation loss: 0.0001707656483631581
Epoch 4701, Average loss: 0.00015368712694721463

EVALUATION!
Validation loss: 0.00017025995475705713

EVALUATION!
Validation loss: 0.00021233629377093166

EVALUATION!
Validation loss: 0.00016823288751766086

EVALUATION!
Validation loss: 0.00020976384985260665

EVALUATION!
Validation loss: 0.00018011368229053915
Epoch 4801, Average loss: 0.00015217948277542094

EVALUATION!
Validation loss: 0.00017198931891471148

EVALUATION!
Validation loss: 0.00018762113177217543

EVALUATION!
Validation loss: 0.0001753757824189961

EVALUATION!
Validation loss: 0.00017208831559401006

EVALUATION!
Validation loss: 0.00017979808035306633
Epoch 4901, Average loss: 0.00016579901429138725

EVALUATION!
Validation loss: 0.0001824316568672657

EVALUATION!
Validation loss: 0.00016660561959724873

EVALUATION!
Validation loss: 0.00016951392171904445

EVALUATION!
Validation loss: 0.0001713854435365647
Model saved
Done: 2024-05-20-16:17:00
