Node: comp-gpu13
Start: 2024-05-10-13:34:22
Working dir: /home/s214704/JK_bachelor

/var/lib/slurm/slurmd/job50682/slurm_script: line 24: /home/s214704/JK_bachelor/.bashrc: No such file or directory
conv_AE_UNet(
  (encoder): Sequential(
    (0): Conv2d(1, 16, kernel_size=(3, 3), stride=(1, 1), padding=(1, 1))
    (1): ReLU(inplace=True)
    (2): Conv2d(16, 16, kernel_size=(3, 3), stride=(1, 1), padding=(1, 1))
    (3): ReLU(inplace=True)
    (4): MaxPool2d(kernel_size=2, stride=2, padding=0, dilation=1, ceil_mode=False)
    (5): Conv2d(16, 32, kernel_size=(3, 3), stride=(1, 1), padding=(1, 1))
    (6): ReLU(inplace=True)
    (7): Conv2d(32, 32, kernel_size=(3, 3), stride=(1, 1), padding=(1, 1))
    (8): ReLU(inplace=True)
    (9): MaxPool2d(kernel_size=2, stride=2, padding=0, dilation=1, ceil_mode=False)
    (10): Conv2d(32, 64, kernel_size=(3, 3), stride=(1, 1), padding=(1, 1))
    (11): ReLU(inplace=True)
    (12): Conv2d(64, 64, kernel_size=(3, 3), stride=(1, 1), padding=(1, 1))
    (13): ReLU(inplace=True)
    (14): MaxPool2d(kernel_size=2, stride=2, padding=0, dilation=1, ceil_mode=False)
    (15): Conv2d(64, 128, kernel_size=(3, 3), stride=(1, 1), padding=(1, 1))
    (16): ReLU(inplace=True)
    (17): Conv2d(128, 128, kernel_size=(3, 3), stride=(1, 1), padding=(1, 1))
  )
  (decoder): Sequential(
    (0): Conv2d(128, 64, kernel_size=(3, 3), stride=(1, 1), padding=(1, 1))
    (1): ReLU(inplace=True)
    (2): ConvTranspose2d(64, 64, kernel_size=(2, 2), stride=(2, 2))
    (3): Conv2d(64, 64, kernel_size=(3, 3), stride=(1, 1), padding=(1, 1))
    (4): ReLU(inplace=True)
    (5): Conv2d(64, 32, kernel_size=(3, 3), stride=(1, 1), padding=(1, 1))
    (6): ReLU(inplace=True)
    (7): ConvTranspose2d(32, 32, kernel_size=(2, 2), stride=(2, 2))
    (8): Conv2d(32, 32, kernel_size=(3, 3), stride=(1, 1), padding=(1, 1))
    (9): ReLU(inplace=True)
    (10): Conv2d(32, 16, kernel_size=(3, 3), stride=(1, 1), padding=(1, 1))
    (11): ReLU(inplace=True)
    (12): ConvTranspose2d(16, 16, kernel_size=(2, 2), stride=(2, 2))
    (13): Conv2d(16, 16, kernel_size=(3, 3), stride=(1, 1), padding=(1, 1))
    (14): ReLU(inplace=True)
    (15): Conv2d(16, 1, kernel_size=(3, 3), stride=(1, 1), padding=(1, 1))
  )
)

EVALUATION!
Validation loss: 0.24531899392604828
Epoch 1, Average loss: 0.0854994186386466
Model saved

EVALUATION!
Validation loss: 0.0017900349339470267

EVALUATION!
Validation loss: 0.001083478215150535

EVALUATION!
Validation loss: 0.0009802313288673759

EVALUATION!
Validation loss: 0.0007101524970494211
Epoch 101, Average loss: 0.000575272340029187
Model saved

EVALUATION!
Validation loss: 0.0006815019296482205

EVALUATION!
Validation loss: 0.0005635772249661386

EVALUATION!
Validation loss: 0.00065615214407444

EVALUATION!
Validation loss: 0.0009147332748398185
Epoch 201, Average loss: 0.0010847124888096005

EVALUATION!
Validation loss: 0.0006845143507234752

EVALUATION!
Validation loss: 0.0006308256997726858
Model saved

EVALUATION!
Validation loss: 0.0014543852303177118

EVALUATION!
Validation loss: 0.0007262176368385553
Epoch 301, Average loss: 0.0006567243647077703

EVALUATION!
Validation loss: 0.000575936515815556

EVALUATION!
Validation loss: 0.00046427419874817133

EVALUATION!
Validation loss: 0.0005710080149583519

EVALUATION!
Validation loss: 0.0007056868635118008
Epoch 401, Average loss: 0.0005357979401378544

EVALUATION!
Validation loss: 0.00029052517493255436

EVALUATION!
Validation loss: 0.00033556349808350205

EVALUATION!
Validation loss: 0.0002747062244452536

EVALUATION!
Validation loss: 0.0005207393551245332
Epoch 501, Average loss: 0.0004630587704741629
Model saved

EVALUATION!
Validation loss: 0.00061561178881675

EVALUATION!
Validation loss: 0.0003561825433280319

EVALUATION!
Validation loss: 0.0003816923126578331

EVALUATION!
Validation loss: 0.0005056244553998113
Epoch 601, Average loss: 0.00026500892423428015

EVALUATION!
Validation loss: 0.0005981665453873575

EVALUATION!
Validation loss: 0.0004206249723210931

EVALUATION!
Validation loss: 0.0004274187085684389

EVALUATION!
Validation loss: 0.0003273235633969307
Epoch 701, Average loss: 0.0004370260140785831

EVALUATION!
Validation loss: 0.0003963372146245092

EVALUATION!
Validation loss: 0.00033383641857653856

EVALUATION!
Validation loss: 0.0002600780571810901

EVALUATION!
Validation loss: 0.0002597048005554825
Epoch 801, Average loss: 0.00018212749455415178

EVALUATION!
Validation loss: 0.0004886520328000188

EVALUATION!
Validation loss: 0.0005720987683162093

EVALUATION!
Validation loss: 0.00033939979039132595

EVALUATION!
Validation loss: 0.00036060737329535186
Epoch 901, Average loss: 0.00033663905693174454

EVALUATION!
Validation loss: 0.00024255183234345168

EVALUATION!
Validation loss: 0.0003336204099468887

EVALUATION!
Validation loss: 0.0005670652608387172
Model saved
Done: 2024-05-10-13:48:47
