Node: comp-gpu02
Start: 2024-05-07-09:40:45
Working dir: /home/s214704/JK_bachelor

/var/lib/slurm/slurmd/job50160/slurm_script: line 24: /home/s214704/JK_bachelor/.bashrc: No such file or directory
Script started
conv_AE_UNet(
  (encoder): Sequential(
    (0): Conv2d(1, 16, kernel_size=(3, 3), stride=(1, 1), padding=(1, 1))
    (1): ReLU(inplace=True)
    (2): Conv2d(16, 16, kernel_size=(3, 3), stride=(1, 1), padding=(1, 1))
    (3): ReLU(inplace=True)
    (4): MaxPool2d(kernel_size=2, stride=2, padding=0, dilation=1, ceil_mode=False)
    (5): Conv2d(16, 32, kernel_size=(3, 3), stride=(1, 1), padding=(1, 1))
    (6): ReLU(inplace=True)
    (7): Conv2d(32, 32, kernel_size=(3, 3), stride=(1, 1), padding=(1, 1))
    (8): ReLU(inplace=True)
    (9): MaxPool2d(kernel_size=2, stride=2, padding=0, dilation=1, ceil_mode=False)
    (10): Conv2d(32, 64, kernel_size=(3, 3), stride=(1, 1), padding=(1, 1))
    (11): ReLU(inplace=True)
    (12): Conv2d(64, 64, kernel_size=(3, 3), stride=(1, 1), padding=(1, 1))
    (13): ReLU(inplace=True)
    (14): MaxPool2d(kernel_size=2, stride=2, padding=0, dilation=1, ceil_mode=False)
    (15): Conv2d(64, 128, kernel_size=(3, 3), stride=(1, 1), padding=(1, 1))
    (16): ReLU(inplace=True)
    (17): Conv2d(128, 128, kernel_size=(3, 3), stride=(1, 1), padding=(1, 1))
  )
  (decoder): Sequential(
    (0): Conv2d(128, 64, kernel_size=(3, 3), stride=(1, 1), padding=(1, 1))
    (1): ReLU(inplace=True)
    (2): ConvTranspose2d(64, 64, kernel_size=(2, 2), stride=(2, 2))
    (3): Conv2d(64, 64, kernel_size=(3, 3), stride=(1, 1), padding=(1, 1))
    (4): ReLU(inplace=True)
    (5): Conv2d(64, 32, kernel_size=(3, 3), stride=(1, 1), padding=(1, 1))
    (6): ReLU(inplace=True)
    (7): ConvTranspose2d(32, 32, kernel_size=(2, 2), stride=(2, 2))
    (8): Conv2d(32, 32, kernel_size=(3, 3), stride=(1, 1), padding=(1, 1))
    (9): ReLU(inplace=True)
    (10): Conv2d(32, 16, kernel_size=(3, 3), stride=(1, 1), padding=(1, 1))
    (11): ReLU(inplace=True)
    (12): ConvTranspose2d(16, 16, kernel_size=(2, 2), stride=(2, 2))
    (13): Conv2d(16, 16, kernel_size=(3, 3), stride=(1, 1), padding=(1, 1))
    (14): ReLU(inplace=True)
    (15): Conv2d(16, 1, kernel_size=(3, 3), stride=(1, 1), padding=(1, 1))
  )
)

EVALUATION!
Validation loss: 0.27203577756881714
Epoch 1, Average loss: 0.11129237413406372
Model saved
Epoch 101, Average loss: 0.0015296145924367011
Epoch 201, Average loss: 0.0017849937023129315

EVALUATION!
Validation loss: 0.0007414191495627165
Epoch 301, Average loss: 0.0009865769621683284
Epoch 401, Average loss: 0.0011689732549712063

EVALUATION!
Validation loss: 0.0017965709557756782
Epoch 501, Average loss: 0.0016038736299378797
Epoch 601, Average loss: 0.0016234980575973168
Epoch 701, Average loss: 0.0014200941601302474

EVALUATION!
Validation loss: 0.0008149500354193151
Epoch 801, Average loss: 0.0009763619484147057
Epoch 901, Average loss: 0.0016706696129404008

EVALUATION!
Validation loss: 0.00114925904199481
Epoch 1001, Average loss: 0.0010087056609336287
Epoch 1101, Average loss: 0.0013164990697987378
Epoch 1201, Average loss: 0.000698998456937261

EVALUATION!
Validation loss: 0.0006633276934735477
Epoch 1301, Average loss: 0.0007987376564415171
Epoch 1401, Average loss: 0.0006420717763830908

EVALUATION!
Validation loss: 0.0006529969396069646
Epoch 1501, Average loss: 0.0007459365268005058
Epoch 1601, Average loss: 0.0011645890190266073
Epoch 1701, Average loss: 0.000524485700589139

EVALUATION!
Validation loss: 0.0007195257348939776
Epoch 1801, Average loss: 0.00038995489085209557
Epoch 1901, Average loss: 0.0006909867835929618
Model saved
Done: 2024-05-07-09:46:39
