Node: comp-gpu01
Start: 2024-06-01-13:27:50
Working dir: /home/s214704/JK_bachelor

/var/lib/slurm/slurmd/job54604/slurm_script: line 24: /home/s214704/JK_bachelor/.bashrc: No such file or directory
conv_AE_UNet2(
  (encoder): Sequential(
    (0): Conv2d(1, 8, kernel_size=(3, 3), stride=(1, 1), padding=(1, 1))
    (1): ReLU(inplace=True)
    (2): Conv2d(8, 8, kernel_size=(3, 3), stride=(1, 1), padding=(1, 1))
    (3): ReLU(inplace=True)
    (4): MaxPool2d(kernel_size=2, stride=2, padding=0, dilation=1, ceil_mode=False)
    (5): Conv2d(8, 16, kernel_size=(3, 3), stride=(1, 1), padding=(1, 1))
    (6): ReLU(inplace=True)
    (7): Conv2d(16, 16, kernel_size=(3, 3), stride=(1, 1), padding=(1, 1))
    (8): ReLU(inplace=True)
    (9): MaxPool2d(kernel_size=2, stride=2, padding=0, dilation=1, ceil_mode=False)
    (10): Conv2d(16, 32, kernel_size=(3, 3), stride=(1, 1), padding=(1, 1))
    (11): ReLU(inplace=True)
    (12): Conv2d(32, 32, kernel_size=(3, 3), stride=(1, 1), padding=(1, 1))
    (13): ReLU(inplace=True)
    (14): MaxPool2d(kernel_size=2, stride=2, padding=0, dilation=1, ceil_mode=False)
    (15): Dropout(p=0.2, inplace=False)
    (16): Conv2d(32, 64, kernel_size=(3, 3), stride=(1, 1), padding=(1, 1))
    (17): ReLU(inplace=True)
    (18): Conv2d(64, 64, kernel_size=(3, 3), stride=(1, 1), padding=(1, 1))
  )
  (decoder): Sequential(
    (0): Conv2d(64, 32, kernel_size=(3, 3), stride=(1, 1), padding=(1, 1))
    (1): ReLU(inplace=True)
    (2): ConvTranspose2d(32, 32, kernel_size=(2, 2), stride=(2, 2))
    (3): Conv2d(32, 32, kernel_size=(3, 3), stride=(1, 1), padding=(1, 1))
    (4): ReLU(inplace=True)
    (5): Conv2d(32, 16, kernel_size=(3, 3), stride=(1, 1), padding=(1, 1))
    (6): ReLU(inplace=True)
    (7): ConvTranspose2d(16, 16, kernel_size=(2, 2), stride=(2, 2))
    (8): Conv2d(16, 16, kernel_size=(3, 3), stride=(1, 1), padding=(1, 1))
    (9): ReLU(inplace=True)
    (10): Conv2d(16, 8, kernel_size=(3, 3), stride=(1, 1), padding=(1, 1))
    (11): ReLU(inplace=True)
    (12): ConvTranspose2d(8, 8, kernel_size=(2, 2), stride=(2, 2))
    (13): Conv2d(8, 8, kernel_size=(3, 3), stride=(1, 1), padding=(1, 1))
    (14): ReLU(inplace=True)
    (15): Conv2d(8, 1, kernel_size=(3, 3), stride=(1, 1), padding=(1, 1))
  )
)

EVALUATION!
Validation loss: 0.23113369941711426
Epoch 1, Average loss: 0.053670108068867454
Model saved

EVALUATION!
Validation loss: 0.0004146677674725652

EVALUATION!
Validation loss: 0.00032903620740398765

EVALUATION!
Validation loss: 0.00026462620007805526

EVALUATION!
Validation loss: 0.0001889382110675797
Epoch 101, Average loss: 0.00029514929810829925
Model saved

EVALUATION!
Validation loss: 0.00018102405010722578

EVALUATION!
Validation loss: 0.0001724887843010947

EVALUATION!
Validation loss: 0.00017255840066354722

EVALUATION!
Validation loss: 0.00014852760068606585
Epoch 201, Average loss: 0.000267500063728221

EVALUATION!
Validation loss: 0.0001580282987561077

EVALUATION!
Validation loss: 0.00015404097212012857
Model saved

EVALUATION!
Validation loss: 0.00017983441648539156

EVALUATION!
Validation loss: 0.00014068747987039387
Epoch 301, Average loss: 0.00023616911336960455

EVALUATION!
Validation loss: 0.00014089758042246103

EVALUATION!
Validation loss: 0.0001660134003031999

EVALUATION!
Validation loss: 0.00029866001568734646

EVALUATION!
Validation loss: 0.0001343053299933672
Epoch 401, Average loss: 0.00020556633701614504

EVALUATION!
Validation loss: 0.00010938243940472603

EVALUATION!
Validation loss: 0.00026959218666888773

EVALUATION!
Validation loss: 0.00012523923942353576
Model saved
Done: 2024-06-01-14:06:12
